[0.041s] Invoking command in '/home/ykxn/Desktop/test/build/multi_lidar_calibrator': /usr/bin/cmake --build /home/ykxn/Desktop/test/build/multi_lidar_calibrator -- -j16 -l16
[0.150s] [ 16%] Built target calibrate
[0.153s] [ 33%] Built target xuanzhuan_y
[0.155s] [ 50%] Built target calibrate2
[0.160s] [ 66%] Built target merge_all
[0.165s] [ 83%] Built target multi_lidar_calibrator_lib
[0.229s] [100%] Built target multi_lidar_calibrator
[0.247s] Invoked command in '/home/ykxn/Desktop/test/build/multi_lidar_calibrator' returned '0': /usr/bin/cmake --build /home/ykxn/Desktop/test/build/multi_lidar_calibrator -- -j16 -l16
[0.417s] Invoking command in '/home/ykxn/Desktop/test/build/multi_lidar_calibrator': /usr/bin/cmake --build /home/ykxn/Desktop/test/build/multi_lidar_calibrator --target tests -- -j16 -l16
[0.543s] Built target tests
[0.565s] Invoked command in '/home/ykxn/Desktop/test/build/multi_lidar_calibrator' returned '0': /usr/bin/cmake --build /home/ykxn/Desktop/test/build/multi_lidar_calibrator --target tests -- -j16 -l16
[0.779s] Invoking command in '/home/ykxn/Desktop/test/build/multi_lidar_calibrator': /usr/bin/cmake --build /home/ykxn/Desktop/test/build/multi_lidar_calibrator --target install -- -j16 -l16
[0.909s] [ 16%] Built target xuanzhuan_y
[0.912s] [ 33%] Built target calibrate2
[0.915s] [ 66%] Built target multi_lidar_calibrator_lib
[0.915s] [ 66%] Built target calibrate
[0.919s] [ 83%] Built target merge_all
[0.979s] [100%] Built target multi_lidar_calibrator
[1.016s] [36mInstall the project...[0m
[1.026s] -- Install configuration: ""
[1.027s] -- Up-to-date: /home/ykxn/Desktop/test/install/multi_lidar_calibrator/lib/pkgconfig/multi_lidar_calibrator.pc
[1.027s] -- Up-to-date: /home/ykxn/Desktop/test/install/multi_lidar_calibrator/share/multi_lidar_calibrator/cmake/multi_lidar_calibratorConfig.cmake
[1.027s] -- Up-to-date: /home/ykxn/Desktop/test/install/multi_lidar_calibrator/share/multi_lidar_calibrator/cmake/multi_lidar_calibratorConfig-version.cmake
[1.027s] -- Up-to-date: /home/ykxn/Desktop/test/install/multi_lidar_calibrator/share/multi_lidar_calibrator/package.xml
[1.030s] -- Up-to-date: /home/ykxn/Desktop/test/install/multi_lidar_calibrator/lib/multi_lidar_calibrator/calibrate
[1.030s] -- Up-to-date: /home/ykxn/Desktop/test/install/multi_lidar_calibrator/lib/multi_lidar_calibrator/calibrate2
[1.031s] -- Up-to-date: /home/ykxn/Desktop/test/install/multi_lidar_calibrator/lib/multi_lidar_calibrator/merge_all
[1.031s] -- Up-to-date: /home/ykxn/Desktop/test/install/multi_lidar_calibrator/lib/multi_lidar_calibrator/xuanzhuan_y
[1.032s] -- Up-to-date: /home/ykxn/Desktop/test/install/multi_lidar_calibrator/lib/multi_lidar_calibrator/multi_lidar_calibrator
[1.032s] -- Up-to-date: /home/ykxn/Desktop/test/install/multi_lidar_calibrator/lib/libmulti_lidar_calibrator_lib.so
[1.032s] -- Up-to-date: /home/ykxn/Desktop/test/install/multi_lidar_calibrator/share/multi_lidar_calibrator/launch
[1.033s] -- Up-to-date: /home/ykxn/Desktop/test/install/multi_lidar_calibrator/share/multi_lidar_calibrator/launch/merge_points.launch
[1.033s] -- Up-to-date: /home/ykxn/Desktop/test/install/multi_lidar_calibrator/share/multi_lidar_calibrator/launch/multi_lidar_calibrator.launch
[1.033s] -- Up-to-date: /home/ykxn/Desktop/test/install/multi_lidar_calibrator/share/multi_lidar_calibrator/launch/calibrate.launch
[1.037s] Invoked command in '/home/ykxn/Desktop/test/build/multi_lidar_calibrator' returned '0': /usr/bin/cmake --build /home/ykxn/Desktop/test/build/multi_lidar_calibrator --target install -- -j16 -l16
