[0.204s] DEBUG:colcon:Command line arguments: ['/usr/bin/colcon', 'build', '--cmake-args', '-DCMAKE_BUILD_TYPE=Release']
[0.204s] DEBUG:colcon:Parsed command line arguments: Namespace(allow_overriding=[], ament_cmake_args=None, base_paths=['.'], build_base='build', catkin_cmake_args=None, catkin_skip_building_tests=False, cmake_args=['-DCMAKE_BUILD_TYPE=Release'], cmake_clean_cache=False, cmake_clean_first=False, cmake_force_configure=False, cmake_target=None, cmake_target_skip_unavailable=False, continue_on_error=False, event_handlers=None, executor='parallel', ignore_user_meta=False, install_base='install', log_base=None, log_level=None, main=<bound method BuildVerb.main of <colcon_core.verb.build.BuildVerb object at 0x7f300b698860>>, merge_install=False, metas=['./colcon.meta'], packages_above=None, packages_above_and_dependencies=None, packages_above_depth=None, packages_end=None, packages_ignore=None, packages_ignore_regex=None, packages_select=None, packages_select_build_failed=False, packages_select_by_dep=None, packages_select_regex=None, packages_select_test_failures=False, packages_skip=None, packages_skip_build_finished=False, packages_skip_by_dep=None, packages_skip_regex=None, packages_skip_test_passed=False, packages_skip_up_to=None, packages_start=None, packages_up_to=None, packages_up_to_regex=None, parallel_workers=16, paths=None, symlink_install=False, test_result_base=None, verb_extension=<colcon_core.verb.build.BuildVerb object at 0x7f300b698860>, verb_name='build', verb_parser=<colcon_defaults.argument_parser.defaults.DefaultArgumentsDecorator object at 0x7f300b698c18>)
[0.221s] Level 1:colcon.colcon_core.package_discovery:discover_packages(colcon_meta) check parameters
[0.222s] Level 1:colcon.colcon_core.package_discovery:discover_packages(recursive) check parameters
[0.222s] Level 1:colcon.colcon_core.package_discovery:discover_packages(ignore) check parameters
[0.222s] Level 1:colcon.colcon_core.package_discovery:discover_packages(path) check parameters
[0.222s] Level 1:colcon.colcon_core.package_discovery:discover_packages(colcon_meta) discover
[0.222s] Level 1:colcon.colcon_core.package_discovery:discover_packages(recursive) discover
[0.222s] INFO:colcon.colcon_core.package_discovery:Crawling recursively for packages in '/home/ykxn/ws_calibrator'
[0.222s] Level 1:colcon.colcon_core.package_identification:_identify(.) by extensions ['ignore', 'ignore_ament_install']
[0.223s] Level 1:colcon.colcon_core.package_identification:_identify(.) by extension 'ignore'
[0.223s] Level 1:colcon.colcon_core.package_identification:_identify(.) by extension 'ignore_ament_install'
[0.223s] Level 1:colcon.colcon_core.package_identification:_identify(.) by extensions ['colcon_pkg']
[0.223s] Level 1:colcon.colcon_core.package_identification:_identify(.) by extension 'colcon_pkg'
[0.223s] Level 1:colcon.colcon_core.package_identification:_identify(.) by extensions ['colcon_meta']
[0.223s] Level 1:colcon.colcon_core.package_identification:_identify(.) by extension 'colcon_meta'
[0.223s] Level 1:colcon.colcon_core.package_identification:_identify(.) by extensions ['ros']
[0.223s] Level 1:colcon.colcon_core.package_identification:_identify(.) by extension 'ros'
[0.234s] Level 1:colcon.colcon_core.package_identification:_identify(.) by extensions ['cmake', 'python']
[0.234s] Level 1:colcon.colcon_core.package_identification:_identify(.) by extension 'cmake'
[0.234s] Level 1:colcon.colcon_core.package_identification:_identify(.) by extension 'python'
[0.234s] Level 1:colcon.colcon_core.package_identification:_identify(.) by extensions ['python_setup_py']
[0.234s] Level 1:colcon.colcon_core.package_identification:_identify(.) by extension 'python_setup_py'
[0.234s] Level 1:colcon.colcon_core.package_identification:_identify(build) by extensions ['ignore', 'ignore_ament_install']
[0.235s] Level 1:colcon.colcon_core.package_identification:_identify(build) by extension 'ignore'
[0.235s] Level 1:colcon.colcon_core.package_identification:_identify(build) ignored
[0.235s] Level 1:colcon.colcon_core.package_identification:_identify(install) by extensions ['ignore', 'ignore_ament_install']
[0.235s] Level 1:colcon.colcon_core.package_identification:_identify(install) by extension 'ignore'
[0.235s] Level 1:colcon.colcon_core.package_identification:_identify(install) ignored
[0.235s] Level 1:colcon.colcon_core.package_identification:_identify(log) by extensions ['ignore', 'ignore_ament_install']
[0.235s] Level 1:colcon.colcon_core.package_identification:_identify(log) by extension 'ignore'
[0.235s] Level 1:colcon.colcon_core.package_identification:_identify(log) ignored
[0.235s] Level 1:colcon.colcon_core.package_identification:_identify(src) by extensions ['ignore', 'ignore_ament_install']
[0.235s] Level 1:colcon.colcon_core.package_identification:_identify(src) by extension 'ignore'
[0.235s] Level 1:colcon.colcon_core.package_identification:_identify(src) by extension 'ignore_ament_install'
[0.235s] Level 1:colcon.colcon_core.package_identification:_identify(src) by extensions ['colcon_pkg']
[0.235s] Level 1:colcon.colcon_core.package_identification:_identify(src) by extension 'colcon_pkg'
[0.235s] Level 1:colcon.colcon_core.package_identification:_identify(src) by extensions ['colcon_meta']
[0.235s] Level 1:colcon.colcon_core.package_identification:_identify(src) by extension 'colcon_meta'
[0.236s] Level 1:colcon.colcon_core.package_identification:_identify(src) by extensions ['ros']
[0.236s] Level 1:colcon.colcon_core.package_identification:_identify(src) by extension 'ros'
[0.238s] DEBUG:colcon.colcon_core.package_identification:Package 'src' with type 'ros.catkin' and name 'multi_lidar_calibrator'
[0.238s] Level 1:colcon.colcon_core.package_discovery:discover_packages(recursive) using defaults
[0.238s] Level 1:colcon.colcon_core.package_discovery:discover_packages(ignore) discover
[0.238s] Level 1:colcon.colcon_core.package_discovery:discover_packages(ignore) using defaults
[0.238s] Level 1:colcon.colcon_core.package_discovery:discover_packages(path) discover
[0.238s] Level 1:colcon.colcon_core.package_discovery:discover_packages(path) using defaults
[0.252s] Level 1:colcon.colcon_core.package_discovery:discover_packages(prefix_path) check parameters
[0.252s] Level 1:colcon.colcon_core.package_discovery:discover_packages(prefix_path) discover
[0.253s] WARNING:colcon.colcon_ros.prefix_path.catkin:The path '/home/ykxn/ws_calibrator/devel' in the environment variable CMAKE_PREFIX_PATH doesn't exist
[0.253s] DEBUG:colcon.colcon_installed_package_information.package_discovery:Found 1 installed packages in /opt/ros/melodic
[0.253s] Level 1:colcon.colcon_core.package_discovery:discover_packages(prefix_path) using defaults
[0.255s] Level 5:colcon.colcon_core.verb:set package 'multi_lidar_calibrator' build argument 'cmake_args' from command line to '['-DCMAKE_BUILD_TYPE=Release']'
[0.255s] Level 5:colcon.colcon_core.verb:set package 'multi_lidar_calibrator' build argument 'cmake_target' from command line to 'None'
[0.255s] Level 5:colcon.colcon_core.verb:set package 'multi_lidar_calibrator' build argument 'cmake_target_skip_unavailable' from command line to 'False'
[0.255s] Level 5:colcon.colcon_core.verb:set package 'multi_lidar_calibrator' build argument 'cmake_clean_cache' from command line to 'False'
[0.255s] Level 5:colcon.colcon_core.verb:set package 'multi_lidar_calibrator' build argument 'cmake_clean_first' from command line to 'False'
[0.255s] Level 5:colcon.colcon_core.verb:set package 'multi_lidar_calibrator' build argument 'cmake_force_configure' from command line to 'False'
[0.255s] Level 5:colcon.colcon_core.verb:set package 'multi_lidar_calibrator' build argument 'ament_cmake_args' from command line to 'None'
[0.255s] Level 5:colcon.colcon_core.verb:set package 'multi_lidar_calibrator' build argument 'catkin_cmake_args' from command line to 'None'
[0.255s] Level 5:colcon.colcon_core.verb:set package 'multi_lidar_calibrator' build argument 'catkin_skip_building_tests' from command line to 'False'
[0.255s] DEBUG:colcon.colcon_core.verb:Building package 'multi_lidar_calibrator' with the following arguments: {'ament_cmake_args': None, 'build_base': '/home/ykxn/ws_calibrator/build/multi_lidar_calibrator', 'catkin_cmake_args': None, 'catkin_skip_building_tests': False, 'cmake_args': ['-DCMAKE_BUILD_TYPE=Release'], 'cmake_clean_cache': False, 'cmake_clean_first': False, 'cmake_force_configure': False, 'cmake_target': None, 'cmake_target_skip_unavailable': False, 'install_base': '/home/ykxn/ws_calibrator/install/multi_lidar_calibrator', 'merge_install': False, 'path': '/home/ykxn/ws_calibrator/src', 'symlink_install': False, 'test_result_base': None}
[0.256s] INFO:colcon.colcon_core.executor:Executing jobs using 'parallel' executor
[0.257s] DEBUG:colcon.colcon_parallel_executor.executor.parallel:run_until_complete
[0.258s] INFO:colcon.colcon_ros.task.catkin.build:Building ROS package in '/home/ykxn/ws_calibrator/src' with build type 'catkin'
[0.258s] INFO:colcon.colcon_cmake.task.cmake.build:Building CMake package in '/home/ykxn/ws_calibrator/src'
[0.260s] INFO:colcon.colcon_core.plugin_system:Skipping extension 'colcon_core.shell.bat': Not used on non-Windows systems
[0.260s] INFO:colcon.colcon_core.shell:Skip shell extension 'powershell' for command environment: Not usable outside of PowerShell
[0.260s] DEBUG:colcon.colcon_core.shell:Skip shell extension 'dsv' for command environment
[0.293s] DEBUG:colcon.colcon_core.event_handler.log_command:Invoking command in '/home/ykxn/ws_calibrator/build/multi_lidar_calibrator': /usr/bin/cmake /home/ykxn/ws_calibrator/src -DCMAKE_BUILD_TYPE=Release -DCATKIN_INSTALL_INTO_PREFIX_ROOT=0 -DCMAKE_INSTALL_PREFIX=/home/ykxn/ws_calibrator/install/multi_lidar_calibrator
[1.792s] DEBUG:colcon.colcon_core.event_handler.log_command:Invoked command in '/home/ykxn/ws_calibrator/build/multi_lidar_calibrator' returned '0': /usr/bin/cmake /home/ykxn/ws_calibrator/src -DCMAKE_BUILD_TYPE=Release -DCATKIN_INSTALL_INTO_PREFIX_ROOT=0 -DCMAKE_INSTALL_PREFIX=/home/ykxn/ws_calibrator/install/multi_lidar_calibrator
[1.794s] DEBUG:colcon.colcon_core.event_handler.log_command:Invoking command in '/home/ykxn/ws_calibrator/build/multi_lidar_calibrator': /usr/bin/cmake --build /home/ykxn/ws_calibrator/build/multi_lidar_calibrator -- -j16 -l16
[47.629s] DEBUG:colcon.colcon_core.event_handler.log_command:Invoked command in '/home/ykxn/ws_calibrator/build/multi_lidar_calibrator' returned '0': /usr/bin/cmake --build /home/ykxn/ws_calibrator/build/multi_lidar_calibrator -- -j16 -l16
[47.782s] DEBUG:colcon.colcon_core.event_handler.log_command:Invoking command in '/home/ykxn/ws_calibrator/build/multi_lidar_calibrator': /usr/bin/cmake --build /home/ykxn/ws_calibrator/build/multi_lidar_calibrator --target tests -- -j16 -l16
[47.914s] DEBUG:colcon.colcon_core.event_handler.log_command:Invoked command in '/home/ykxn/ws_calibrator/build/multi_lidar_calibrator' returned '0': /usr/bin/cmake --build /home/ykxn/ws_calibrator/build/multi_lidar_calibrator --target tests -- -j16 -l16
[48.074s] DEBUG:colcon.colcon_core.event_handler.log_command:Invoking command in '/home/ykxn/ws_calibrator/build/multi_lidar_calibrator': /usr/bin/cmake --build /home/ykxn/ws_calibrator/build/multi_lidar_calibrator --target install -- -j16 -l16
[48.344s] DEBUG:colcon.colcon_core.event_handler.log_command:Invoked command in '/home/ykxn/ws_calibrator/build/multi_lidar_calibrator' returned '0': /usr/bin/cmake --build /home/ykxn/ws_calibrator/build/multi_lidar_calibrator --target install -- -j16 -l16
[48.494s] Level 1:colcon.colcon_core.shell:create_environment_hook('multi_lidar_calibrator', 'ros_package_path')
[48.495s] INFO:colcon.colcon_core.shell:Creating environment hook '/home/ykxn/ws_calibrator/install/multi_lidar_calibrator/share/multi_lidar_calibrator/hook/ros_package_path.ps1'
[48.496s] INFO:colcon.colcon_core.shell:Creating environment descriptor '/home/ykxn/ws_calibrator/install/multi_lidar_calibrator/share/multi_lidar_calibrator/hook/ros_package_path.dsv'
[48.497s] INFO:colcon.colcon_core.shell:Creating environment hook '/home/ykxn/ws_calibrator/install/multi_lidar_calibrator/share/multi_lidar_calibrator/hook/ros_package_path.sh'
[48.499s] Level 1:colcon.colcon_ros.task.catkin:checking '/home/ykxn/ws_calibrator/install/multi_lidar_calibrator/lib/python2.7/dist-packages'
[48.499s] Level 1:colcon.colcon_core.shell:create_environment_hook('multi_lidar_calibrator', 'pkg_config_path')
[48.500s] INFO:colcon.colcon_core.shell:Creating environment hook '/home/ykxn/ws_calibrator/install/multi_lidar_calibrator/share/multi_lidar_calibrator/hook/pkg_config_path.ps1'
[48.500s] INFO:colcon.colcon_core.shell:Creating environment descriptor '/home/ykxn/ws_calibrator/install/multi_lidar_calibrator/share/multi_lidar_calibrator/hook/pkg_config_path.dsv'
[48.501s] INFO:colcon.colcon_core.shell:Creating environment hook '/home/ykxn/ws_calibrator/install/multi_lidar_calibrator/share/multi_lidar_calibrator/hook/pkg_config_path.sh'
[48.506s] Level 1:colcon.colcon_core.shell:create_environment_hook('multi_lidar_calibrator', 'pkg_config_path_multiarch')
[48.507s] INFO:colcon.colcon_core.shell:Creating environment hook '/home/ykxn/ws_calibrator/install/multi_lidar_calibrator/share/multi_lidar_calibrator/hook/pkg_config_path_multiarch.ps1'
[48.508s] INFO:colcon.colcon_core.shell:Creating environment descriptor '/home/ykxn/ws_calibrator/install/multi_lidar_calibrator/share/multi_lidar_calibrator/hook/pkg_config_path_multiarch.dsv'
[48.509s] INFO:colcon.colcon_core.shell:Creating environment hook '/home/ykxn/ws_calibrator/install/multi_lidar_calibrator/share/multi_lidar_calibrator/hook/pkg_config_path_multiarch.sh'
[48.511s] Level 1:colcon.colcon_core.environment:create_environment_scripts_only(multi_lidar_calibrator)
[48.514s] Level 1:colcon.colcon_core.environment:checking '/home/ykxn/ws_calibrator/install/multi_lidar_calibrator' for CMake module files
[48.515s] Level 1:colcon.colcon_core.environment:checking '/home/ykxn/ws_calibrator/install/multi_lidar_calibrator' for CMake config files
[48.515s] Level 1:colcon.colcon_core.shell:create_environment_hook('multi_lidar_calibrator', 'cmake_prefix_path')
[48.515s] INFO:colcon.colcon_core.shell:Creating environment hook '/home/ykxn/ws_calibrator/install/multi_lidar_calibrator/share/multi_lidar_calibrator/hook/cmake_prefix_path.ps1'
[48.516s] INFO:colcon.colcon_core.shell:Creating environment descriptor '/home/ykxn/ws_calibrator/install/multi_lidar_calibrator/share/multi_lidar_calibrator/hook/cmake_prefix_path.dsv'
[48.516s] INFO:colcon.colcon_core.shell:Creating environment hook '/home/ykxn/ws_calibrator/install/multi_lidar_calibrator/share/multi_lidar_calibrator/hook/cmake_prefix_path.sh'
[48.517s] Level 1:colcon.colcon_core.environment:checking '/home/ykxn/ws_calibrator/install/multi_lidar_calibrator/lib'
[48.517s] Level 1:colcon.colcon_core.shell:create_environment_hook('multi_lidar_calibrator', 'ld_library_path_lib')
[48.518s] INFO:colcon.colcon_core.shell:Creating environment hook '/home/ykxn/ws_calibrator/install/multi_lidar_calibrator/share/multi_lidar_calibrator/hook/ld_library_path_lib.ps1'
[48.518s] INFO:colcon.colcon_core.shell:Creating environment descriptor '/home/ykxn/ws_calibrator/install/multi_lidar_calibrator/share/multi_lidar_calibrator/hook/ld_library_path_lib.dsv'
[48.518s] INFO:colcon.colcon_core.shell:Creating environment hook '/home/ykxn/ws_calibrator/install/multi_lidar_calibrator/share/multi_lidar_calibrator/hook/ld_library_path_lib.sh'
[48.519s] Level 1:colcon.colcon_core.environment:checking '/home/ykxn/ws_calibrator/install/multi_lidar_calibrator/bin'
[48.519s] Level 1:colcon.colcon_core.environment:checking '/home/ykxn/ws_calibrator/install/multi_lidar_calibrator/lib/pkgconfig/multi_lidar_calibrator.pc'
[48.519s] Level 1:colcon.colcon_core.shell:create_environment_hook('multi_lidar_calibrator', 'pkg_config')
[48.519s] INFO:colcon.colcon_core.shell:Creating environment hook '/home/ykxn/ws_calibrator/install/multi_lidar_calibrator/share/multi_lidar_calibrator/hook/pkg_config.ps1'
[48.519s] INFO:colcon.colcon_core.shell:Creating environment descriptor '/home/ykxn/ws_calibrator/install/multi_lidar_calibrator/share/multi_lidar_calibrator/hook/pkg_config.dsv'
[48.519s] INFO:colcon.colcon_core.shell:Creating environment hook '/home/ykxn/ws_calibrator/install/multi_lidar_calibrator/share/multi_lidar_calibrator/hook/pkg_config.sh'
[48.520s] Level 1:colcon.colcon_core.environment:checking '/home/ykxn/ws_calibrator/install/multi_lidar_calibrator/lib/python3.6/site-packages'
[48.520s] Level 1:colcon.colcon_core.environment:checking '/home/ykxn/ws_calibrator/install/multi_lidar_calibrator/bin'
[48.520s] INFO:colcon.colcon_core.shell:Creating package script '/home/ykxn/ws_calibrator/install/multi_lidar_calibrator/share/multi_lidar_calibrator/package.ps1'
[48.521s] INFO:colcon.colcon_core.shell:Creating package descriptor '/home/ykxn/ws_calibrator/install/multi_lidar_calibrator/share/multi_lidar_calibrator/package.dsv'
[48.521s] INFO:colcon.colcon_core.shell:Creating package script '/home/ykxn/ws_calibrator/install/multi_lidar_calibrator/share/multi_lidar_calibrator/package.sh'
[48.522s] INFO:colcon.colcon_core.shell:Creating package script '/home/ykxn/ws_calibrator/install/multi_lidar_calibrator/share/multi_lidar_calibrator/package.bash'
[48.523s] INFO:colcon.colcon_core.shell:Creating package script '/home/ykxn/ws_calibrator/install/multi_lidar_calibrator/share/multi_lidar_calibrator/package.zsh'
[48.523s] Level 1:colcon.colcon_core.environment:create_file_with_runtime_dependencies(/home/ykxn/ws_calibrator/install/multi_lidar_calibrator/share/colcon-core/packages/multi_lidar_calibrator)
[48.524s] DEBUG:colcon.colcon_parallel_executor.executor.parallel:closing loop
[48.525s] DEBUG:colcon.colcon_parallel_executor.executor.parallel:loop closed
[48.525s] DEBUG:colcon.colcon_parallel_executor.executor.parallel:run_until_complete finished with '0'
[48.525s] DEBUG:colcon.colcon_core.event_reactor:joining thread
[48.535s] INFO:colcon.colcon_core.plugin_system:Skipping extension 'colcon_notification.desktop_notification.terminal_notifier': Not used on non-Darwin systems
[48.535s] INFO:colcon.colcon_core.plugin_system:Skipping extension 'colcon_notification.desktop_notification.win32': Not used on non-Windows systems
[48.535s] INFO:colcon.colcon_notification.desktop_notification:Sending desktop notification using 'notify2'
[48.545s] DEBUG:colcon.colcon_core.event_reactor:joined thread
[48.546s] INFO:colcon.colcon_core.shell:Creating prefix script '/home/ykxn/ws_calibrator/install/local_setup.ps1'
[48.548s] INFO:colcon.colcon_core.shell:Creating prefix util module '/home/ykxn/ws_calibrator/install/_local_setup_util_ps1.py'
[48.551s] INFO:colcon.colcon_core.shell:Creating prefix chain script '/home/ykxn/ws_calibrator/install/setup.ps1'
[48.553s] INFO:colcon.colcon_core.shell:Creating prefix script '/home/ykxn/ws_calibrator/install/local_setup.sh'
[48.554s] INFO:colcon.colcon_core.shell:Creating prefix util module '/home/ykxn/ws_calibrator/install/_local_setup_util_sh.py'
[48.555s] INFO:colcon.colcon_core.shell:Creating prefix chain script '/home/ykxn/ws_calibrator/install/setup.sh'
[48.557s] INFO:colcon.colcon_core.shell:Creating prefix script '/home/ykxn/ws_calibrator/install/local_setup.bash'
[48.558s] INFO:colcon.colcon_core.shell:Creating prefix chain script '/home/ykxn/ws_calibrator/install/setup.bash'
[48.560s] INFO:colcon.colcon_core.shell:Creating prefix script '/home/ykxn/ws_calibrator/install/local_setup.zsh'
[48.561s] INFO:colcon.colcon_core.shell:Creating prefix chain script '/home/ykxn/ws_calibrator/install/setup.zsh'
