-- Using CATKIN_DEVEL_PREFIX: /home/ykxn/ws_calibrator/build/multi_lidar_calibrator/devel
-- Using CMAKE_PREFIX_PATH: /home/ykxn/ws_calibrator/devel;/opt/ros/melodic
-- This workspace overlays: /opt/ros/melodic
-- Found PythonInterp: /usr/bin/python2 (found suitable version "2.7.17", minimum required is "2") 
-- Using PYTHON_EXECUTABLE: /usr/bin/python2
-- Using Debian Python package layout
-- Using empy: /usr/bin/empy
-- Using CATKIN_ENABLE_TESTING: ON
-- Call enable_testing()
-- Using CATKIN_TEST_RESULTS_DIR: /home/ykxn/ws_calibrator/build/multi_lidar_calibrator/test_results
-- Found gtest sources under '/usr/src/googletest': gtests will be built
-- Found gmock sources under '/usr/src/googletest': gmock will be built
-- Found PythonInterp: /usr/bin/python2 (found version "2.7.17") 
-- Looking for pthread.h
-- Looking for pthread.h - found
-- Looking for pthread_create
-- Looking for pthread_create - not found
-- Looking for pthread_create in pthreads
-- Looking for pthread_create in pthreads - not found
-- Looking for pthread_create in pthread
-- Looking for pthread_create in pthread - found
-- Found Threads: TRUE  
-- Using Python nosetests: /usr/bin/nosetests-2.7
-- catkin 0.7.29
-- BUILD_SHARED_LIBS is on
-- Using these message generators: gencpp;geneus;genlisp;gennodejs;genpy
CMake Error: File /home/ykxn/ws_calibrator/src/package.xml does not exist.
CMake Error at /opt/ros/melodic/share/catkin/cmake/stamp.cmake:10 (configure_file):
  configure_file Problem configuring file
Call Stack (most recent call first):
  /opt/ros/melodic/share/catkin/cmake/catkin_package_xml.cmake:72 (stamp)
  /opt/ros/melodic/share/catkin/cmake/catkin_package_xml.cmake:50 (_catkin_package_xml)
  /opt/ros/melodic/share/catkin/cmake/catkin_package.cmake:99 (catkin_package_xml)
  CMakeLists.txt:14 (catkin_package)


CMake Error at /opt/ros/melodic/share/catkin/cmake/catkin_package.cmake:116 (message):
  catkin_package() 'catkin' must be listed as a buildtool dependency in the
  package.xml
Call Stack (most recent call first):
  /opt/ros/melodic/share/catkin/cmake/catkin_package.cmake:102 (_catkin_package)
  CMakeLists.txt:14 (catkin_package)


-- Configuring incomplete, errors occurred!
See also "/home/ykxn/ws_calibrator/build/multi_lidar_calibrator/CMakeFiles/CMakeOutput.log".
See also "/home/ykxn/ws_calibrator/build/multi_lidar_calibrator/CMakeFiles/CMakeError.log".
