[0.406s] DEBUG:colcon:Command line arguments: ['/usr/bin/colcon', 'build', '--cmake-args', '-DCMAKE_BUILD_TYPE=Release', '--packages-select', 'multi_lidar_calibrator']
[0.406s] DEBUG:colcon:Parsed command line arguments: Namespace(allow_overriding=[], ament_cmake_args=None, base_paths=['.'], build_base='build', catkin_cmake_args=None, catkin_skip_building_tests=False, cmake_args=['-DCMAKE_BUILD_TYPE=Release'], cmake_clean_cache=False, cmake_clean_first=False, cmake_force_configure=False, cmake_target=None, cmake_target_skip_unavailable=False, continue_on_error=False, event_handlers=None, executor='parallel', ignore_user_meta=False, install_base='install', log_base=None, log_level=None, main=<bound method BuildVerb.main of <colcon_core.verb.build.BuildVerb object at 0x7fdf886efeb8>>, merge_install=False, metas=['./colcon.meta'], packages_above=None, packages_above_and_dependencies=None, packages_above_depth=None, packages_end=None, packages_ignore=None, packages_ignore_regex=None, packages_select=['multi_lidar_calibrator'], packages_select_build_failed=False, packages_select_by_dep=None, packages_select_regex=None, packages_select_test_failures=False, packages_skip=None, packages_skip_build_finished=False, packages_skip_by_dep=None, packages_skip_regex=None, packages_skip_test_passed=False, packages_skip_up_to=None, packages_start=None, packages_up_to=None, packages_up_to_regex=None, parallel_workers=16, paths=None, symlink_install=False, test_result_base=None, verb_extension=<colcon_core.verb.build.BuildVerb object at 0x7fdf886efeb8>, verb_name='build', verb_parser=<colcon_defaults.argument_parser.defaults.DefaultArgumentsDecorator object at 0x7fdf886fc2b0>)
[0.441s] Level 1:colcon.colcon_core.package_discovery:discover_packages(colcon_meta) check parameters
[0.442s] Level 1:colcon.colcon_core.package_discovery:discover_packages(recursive) check parameters
[0.442s] Level 1:colcon.colcon_core.package_discovery:discover_packages(ignore) check parameters
[0.442s] Level 1:colcon.colcon_core.package_discovery:discover_packages(path) check parameters
[0.442s] Level 1:colcon.colcon_core.package_discovery:discover_packages(colcon_meta) discover
[0.442s] Level 1:colcon.colcon_core.package_discovery:discover_packages(recursive) discover
[0.442s] INFO:colcon.colcon_core.package_discovery:Crawling recursively for packages in '/home/ykxn/ws_calibrator'
[0.443s] Level 1:colcon.colcon_core.package_identification:_identify(.) by extensions ['ignore', 'ignore_ament_install']
[0.443s] Level 1:colcon.colcon_core.package_identification:_identify(.) by extension 'ignore'
[0.443s] Level 1:colcon.colcon_core.package_identification:_identify(.) by extension 'ignore_ament_install'
[0.443s] Level 1:colcon.colcon_core.package_identification:_identify(.) by extensions ['colcon_pkg']
[0.443s] Level 1:colcon.colcon_core.package_identification:_identify(.) by extension 'colcon_pkg'
[0.443s] Level 1:colcon.colcon_core.package_identification:_identify(.) by extensions ['colcon_meta']
[0.443s] Level 1:colcon.colcon_core.package_identification:_identify(.) by extension 'colcon_meta'
[0.443s] Level 1:colcon.colcon_core.package_identification:_identify(.) by extensions ['ros']
[0.443s] Level 1:colcon.colcon_core.package_identification:_identify(.) by extension 'ros'
[0.462s] Level 1:colcon.colcon_core.package_identification:_identify(.) by extensions ['cmake', 'python']
[0.462s] Level 1:colcon.colcon_core.package_identification:_identify(.) by extension 'cmake'
[0.462s] Level 1:colcon.colcon_core.package_identification:_identify(.) by extension 'python'
[0.462s] Level 1:colcon.colcon_core.package_identification:_identify(.) by extensions ['python_setup_py']
[0.462s] Level 1:colcon.colcon_core.package_identification:_identify(.) by extension 'python_setup_py'
[0.462s] Level 1:colcon.colcon_core.package_identification:_identify(build) by extensions ['ignore', 'ignore_ament_install']
[0.463s] Level 1:colcon.colcon_core.package_identification:_identify(build) by extension 'ignore'
[0.463s] Level 1:colcon.colcon_core.package_identification:_identify(build) ignored
[0.464s] Level 1:colcon.colcon_core.package_identification:_identify(install) by extensions ['ignore', 'ignore_ament_install']
[0.464s] Level 1:colcon.colcon_core.package_identification:_identify(install) by extension 'ignore'
[0.464s] Level 1:colcon.colcon_core.package_identification:_identify(install) ignored
[0.465s] Level 1:colcon.colcon_core.package_identification:_identify(log) by extensions ['ignore', 'ignore_ament_install']
[0.465s] Level 1:colcon.colcon_core.package_identification:_identify(log) by extension 'ignore'
[0.465s] Level 1:colcon.colcon_core.package_identification:_identify(log) ignored
[0.465s] Level 1:colcon.colcon_core.package_identification:_identify(src) by extensions ['ignore', 'ignore_ament_install']
[0.465s] Level 1:colcon.colcon_core.package_identification:_identify(src) by extension 'ignore'
[0.466s] Level 1:colcon.colcon_core.package_identification:_identify(src) by extension 'ignore_ament_install'
[0.466s] Level 1:colcon.colcon_core.package_identification:_identify(src) by extensions ['colcon_pkg']
[0.466s] Level 1:colcon.colcon_core.package_identification:_identify(src) by extension 'colcon_pkg'
[0.466s] Level 1:colcon.colcon_core.package_identification:_identify(src) by extensions ['colcon_meta']
[0.466s] Level 1:colcon.colcon_core.package_identification:_identify(src) by extension 'colcon_meta'
[0.466s] Level 1:colcon.colcon_core.package_identification:_identify(src) by extensions ['ros']
[0.466s] Level 1:colcon.colcon_core.package_identification:_identify(src) by extension 'ros'
[0.466s] Level 1:colcon.colcon_core.package_identification:_identify(src) by extensions ['cmake', 'python']
[0.466s] Level 1:colcon.colcon_core.package_identification:_identify(src) by extension 'cmake'
[0.467s] Level 1:colcon.colcon_core.package_identification:_identify(src) by extension 'python'
[0.467s] Level 1:colcon.colcon_core.package_identification:_identify(src) by extensions ['python_setup_py']
[0.467s] Level 1:colcon.colcon_core.package_identification:_identify(src) by extension 'python_setup_py'
[0.467s] Level 1:colcon.colcon_core.package_identification:_identify(src/multi_lidar_calibator) by extensions ['ignore', 'ignore_ament_install']
[0.467s] Level 1:colcon.colcon_core.package_identification:_identify(src/multi_lidar_calibator) by extension 'ignore'
[0.467s] Level 1:colcon.colcon_core.package_identification:_identify(src/multi_lidar_calibator) by extension 'ignore_ament_install'
[0.467s] Level 1:colcon.colcon_core.package_identification:_identify(src/multi_lidar_calibator) by extensions ['colcon_pkg']
[0.467s] Level 1:colcon.colcon_core.package_identification:_identify(src/multi_lidar_calibator) by extension 'colcon_pkg'
[0.467s] Level 1:colcon.colcon_core.package_identification:_identify(src/multi_lidar_calibator) by extensions ['colcon_meta']
[0.467s] Level 1:colcon.colcon_core.package_identification:_identify(src/multi_lidar_calibator) by extension 'colcon_meta'
[0.467s] Level 1:colcon.colcon_core.package_identification:_identify(src/multi_lidar_calibator) by extensions ['ros']
[0.467s] Level 1:colcon.colcon_core.package_identification:_identify(src/multi_lidar_calibator) by extension 'ros'
[0.473s] DEBUG:colcon.colcon_core.package_identification:Package 'src/multi_lidar_calibator' with type 'ros.catkin' and name 'multi_lidar_calibrator'
[0.473s] Level 1:colcon.colcon_core.package_discovery:discover_packages(recursive) using defaults
[0.473s] Level 1:colcon.colcon_core.package_discovery:discover_packages(ignore) discover
[0.473s] Level 1:colcon.colcon_core.package_discovery:discover_packages(ignore) using defaults
[0.473s] Level 1:colcon.colcon_core.package_discovery:discover_packages(path) discover
[0.473s] Level 1:colcon.colcon_core.package_discovery:discover_packages(path) using defaults
[0.507s] Level 1:colcon.colcon_core.package_discovery:discover_packages(prefix_path) check parameters
[0.507s] Level 1:colcon.colcon_core.package_discovery:discover_packages(prefix_path) discover
[0.517s] DEBUG:colcon.colcon_installed_package_information.package_discovery:Found 1 installed packages in /home/ykxn/ws_calibrator/install
[0.524s] DEBUG:colcon.colcon_installed_package_information.package_discovery:Found 165 installed packages in /home/ykxn/autoware.ai/install
[0.546s] DEBUG:colcon.colcon_installed_package_information.package_discovery:Found 1 installed packages in /opt/ros/melodic
[0.546s] Level 1:colcon.colcon_core.package_discovery:discover_packages(prefix_path) using defaults
[0.575s] Level 5:colcon.colcon_core.verb:set package 'multi_lidar_calibrator' build argument 'cmake_args' from command line to '['-DCMAKE_BUILD_TYPE=Release']'
[0.575s] Level 5:colcon.colcon_core.verb:set package 'multi_lidar_calibrator' build argument 'cmake_target' from command line to 'None'
[0.575s] Level 5:colcon.colcon_core.verb:set package 'multi_lidar_calibrator' build argument 'cmake_target_skip_unavailable' from command line to 'False'
[0.575s] Level 5:colcon.colcon_core.verb:set package 'multi_lidar_calibrator' build argument 'cmake_clean_cache' from command line to 'False'
[0.575s] Level 5:colcon.colcon_core.verb:set package 'multi_lidar_calibrator' build argument 'cmake_clean_first' from command line to 'False'
[0.575s] Level 5:colcon.colcon_core.verb:set package 'multi_lidar_calibrator' build argument 'cmake_force_configure' from command line to 'False'
[0.575s] Level 5:colcon.colcon_core.verb:set package 'multi_lidar_calibrator' build argument 'ament_cmake_args' from command line to 'None'
[0.575s] Level 5:colcon.colcon_core.verb:set package 'multi_lidar_calibrator' build argument 'catkin_cmake_args' from command line to 'None'
[0.575s] Level 5:colcon.colcon_core.verb:set package 'multi_lidar_calibrator' build argument 'catkin_skip_building_tests' from command line to 'False'
[0.576s] DEBUG:colcon.colcon_core.verb:Building package 'multi_lidar_calibrator' with the following arguments: {'ament_cmake_args': None, 'build_base': '/home/ykxn/ws_calibrator/build/multi_lidar_calibrator', 'catkin_cmake_args': None, 'catkin_skip_building_tests': False, 'cmake_args': ['-DCMAKE_BUILD_TYPE=Release'], 'cmake_clean_cache': False, 'cmake_clean_first': False, 'cmake_force_configure': False, 'cmake_target': None, 'cmake_target_skip_unavailable': False, 'install_base': '/home/ykxn/ws_calibrator/install/multi_lidar_calibrator', 'merge_install': False, 'path': '/home/ykxn/ws_calibrator/src/multi_lidar_calibator', 'symlink_install': False, 'test_result_base': None}
[0.576s] INFO:colcon.colcon_core.executor:Executing jobs using 'parallel' executor
[0.578s] DEBUG:colcon.colcon_parallel_executor.executor.parallel:run_until_complete
[0.579s] INFO:colcon.colcon_ros.task.catkin.build:Building ROS package in '/home/ykxn/ws_calibrator/src/multi_lidar_calibator' with build type 'catkin'
[0.579s] INFO:colcon.colcon_cmake.task.cmake.build:Building CMake package in '/home/ykxn/ws_calibrator/src/multi_lidar_calibator'
[0.583s] INFO:colcon.colcon_core.plugin_system:Skipping extension 'colcon_core.shell.bat': Not used on non-Windows systems
[0.584s] INFO:colcon.colcon_core.shell:Skip shell extension 'powershell' for command environment: Not usable outside of PowerShell
[0.584s] DEBUG:colcon.colcon_core.shell:Skip shell extension 'dsv' for command environment
[0.622s] DEBUG:colcon.colcon_core.event_handler.log_command:Invoking command in '/home/ykxn/ws_calibrator/build/multi_lidar_calibrator': /usr/bin/cmake --build /home/ykxn/ws_calibrator/build/multi_lidar_calibrator -- -j16 -l16
[1.221s] DEBUG:colcon.colcon_core.event_handler.log_command:Invoked command in '/home/ykxn/ws_calibrator/build/multi_lidar_calibrator' returned '0': /usr/bin/cmake --build /home/ykxn/ws_calibrator/build/multi_lidar_calibrator -- -j16 -l16
[1.545s] DEBUG:colcon.colcon_core.event_handler.log_command:Invoking command in '/home/ykxn/ws_calibrator/build/multi_lidar_calibrator': /usr/bin/cmake --build /home/ykxn/ws_calibrator/build/multi_lidar_calibrator --target tests -- -j16 -l16
[1.744s] DEBUG:colcon.colcon_core.event_handler.log_command:Invoked command in '/home/ykxn/ws_calibrator/build/multi_lidar_calibrator' returned '0': /usr/bin/cmake --build /home/ykxn/ws_calibrator/build/multi_lidar_calibrator --target tests -- -j16 -l16
[2.067s] DEBUG:colcon.colcon_core.event_handler.log_command:Invoking command in '/home/ykxn/ws_calibrator/build/multi_lidar_calibrator': /usr/bin/cmake --build /home/ykxn/ws_calibrator/build/multi_lidar_calibrator --target install -- -j16 -l16
[2.704s] DEBUG:colcon.colcon_core.event_handler.log_command:Invoked command in '/home/ykxn/ws_calibrator/build/multi_lidar_calibrator' returned '0': /usr/bin/cmake --build /home/ykxn/ws_calibrator/build/multi_lidar_calibrator --target install -- -j16 -l16
[2.999s] Level 1:colcon.colcon_core.shell:create_environment_hook('multi_lidar_calibrator', 'ros_package_path')
[3.000s] INFO:colcon.colcon_core.shell:Creating environment hook '/home/ykxn/ws_calibrator/install/multi_lidar_calibrator/share/multi_lidar_calibrator/hook/ros_package_path.ps1'
[3.002s] INFO:colcon.colcon_core.shell:Creating environment descriptor '/home/ykxn/ws_calibrator/install/multi_lidar_calibrator/share/multi_lidar_calibrator/hook/ros_package_path.dsv'
[3.003s] INFO:colcon.colcon_core.shell:Creating environment hook '/home/ykxn/ws_calibrator/install/multi_lidar_calibrator/share/multi_lidar_calibrator/hook/ros_package_path.sh'
[3.004s] Level 1:colcon.colcon_ros.task.catkin:checking '/home/ykxn/ws_calibrator/install/multi_lidar_calibrator/lib/python2.7/dist-packages'
[3.004s] Level 1:colcon.colcon_core.shell:create_environment_hook('multi_lidar_calibrator', 'pkg_config_path')
[3.005s] INFO:colcon.colcon_core.shell:Creating environment hook '/home/ykxn/ws_calibrator/install/multi_lidar_calibrator/share/multi_lidar_calibrator/hook/pkg_config_path.ps1'
[3.006s] INFO:colcon.colcon_core.shell:Creating environment descriptor '/home/ykxn/ws_calibrator/install/multi_lidar_calibrator/share/multi_lidar_calibrator/hook/pkg_config_path.dsv'
[3.006s] INFO:colcon.colcon_core.shell:Creating environment hook '/home/ykxn/ws_calibrator/install/multi_lidar_calibrator/share/multi_lidar_calibrator/hook/pkg_config_path.sh'
[3.013s] Level 1:colcon.colcon_core.shell:create_environment_hook('multi_lidar_calibrator', 'pkg_config_path_multiarch')
[3.014s] INFO:colcon.colcon_core.shell:Creating environment hook '/home/ykxn/ws_calibrator/install/multi_lidar_calibrator/share/multi_lidar_calibrator/hook/pkg_config_path_multiarch.ps1'
[3.015s] INFO:colcon.colcon_core.shell:Creating environment descriptor '/home/ykxn/ws_calibrator/install/multi_lidar_calibrator/share/multi_lidar_calibrator/hook/pkg_config_path_multiarch.dsv'
[3.016s] INFO:colcon.colcon_core.shell:Creating environment hook '/home/ykxn/ws_calibrator/install/multi_lidar_calibrator/share/multi_lidar_calibrator/hook/pkg_config_path_multiarch.sh'
[3.018s] Level 1:colcon.colcon_core.environment:create_environment_scripts_only(multi_lidar_calibrator)
[3.021s] Level 1:colcon.colcon_core.environment:checking '/home/ykxn/ws_calibrator/install/multi_lidar_calibrator' for CMake module files
[3.022s] Level 1:colcon.colcon_core.environment:checking '/home/ykxn/ws_calibrator/install/multi_lidar_calibrator' for CMake config files
[3.022s] Level 1:colcon.colcon_core.shell:create_environment_hook('multi_lidar_calibrator', 'cmake_prefix_path')
[3.023s] INFO:colcon.colcon_core.shell:Creating environment hook '/home/ykxn/ws_calibrator/install/multi_lidar_calibrator/share/multi_lidar_calibrator/hook/cmake_prefix_path.ps1'
[3.023s] INFO:colcon.colcon_core.shell:Creating environment descriptor '/home/ykxn/ws_calibrator/install/multi_lidar_calibrator/share/multi_lidar_calibrator/hook/cmake_prefix_path.dsv'
[3.024s] INFO:colcon.colcon_core.shell:Creating environment hook '/home/ykxn/ws_calibrator/install/multi_lidar_calibrator/share/multi_lidar_calibrator/hook/cmake_prefix_path.sh'
[3.025s] Level 1:colcon.colcon_core.environment:checking '/home/ykxn/ws_calibrator/install/multi_lidar_calibrator/lib'
[3.025s] Level 1:colcon.colcon_core.shell:create_environment_hook('multi_lidar_calibrator', 'ld_library_path_lib')
[3.026s] INFO:colcon.colcon_core.shell:Creating environment hook '/home/ykxn/ws_calibrator/install/multi_lidar_calibrator/share/multi_lidar_calibrator/hook/ld_library_path_lib.ps1'
[3.026s] INFO:colcon.colcon_core.shell:Creating environment descriptor '/home/ykxn/ws_calibrator/install/multi_lidar_calibrator/share/multi_lidar_calibrator/hook/ld_library_path_lib.dsv'
[3.027s] INFO:colcon.colcon_core.shell:Creating environment hook '/home/ykxn/ws_calibrator/install/multi_lidar_calibrator/share/multi_lidar_calibrator/hook/ld_library_path_lib.sh'
[3.027s] Level 1:colcon.colcon_core.environment:checking '/home/ykxn/ws_calibrator/install/multi_lidar_calibrator/bin'
[3.027s] Level 1:colcon.colcon_core.environment:checking '/home/ykxn/ws_calibrator/install/multi_lidar_calibrator/lib/pkgconfig/multi_lidar_calibrator.pc'
[3.027s] Level 1:colcon.colcon_core.shell:create_environment_hook('multi_lidar_calibrator', 'pkg_config')
[3.028s] INFO:colcon.colcon_core.shell:Creating environment hook '/home/ykxn/ws_calibrator/install/multi_lidar_calibrator/share/multi_lidar_calibrator/hook/pkg_config.ps1'
[3.028s] INFO:colcon.colcon_core.shell:Creating environment descriptor '/home/ykxn/ws_calibrator/install/multi_lidar_calibrator/share/multi_lidar_calibrator/hook/pkg_config.dsv'
[3.029s] INFO:colcon.colcon_core.shell:Creating environment hook '/home/ykxn/ws_calibrator/install/multi_lidar_calibrator/share/multi_lidar_calibrator/hook/pkg_config.sh'
[3.029s] Level 1:colcon.colcon_core.environment:checking '/home/ykxn/ws_calibrator/install/multi_lidar_calibrator/lib/python3.6/site-packages'
[3.030s] Level 1:colcon.colcon_core.environment:checking '/home/ykxn/ws_calibrator/install/multi_lidar_calibrator/bin'
[3.030s] INFO:colcon.colcon_core.shell:Creating package script '/home/ykxn/ws_calibrator/install/multi_lidar_calibrator/share/multi_lidar_calibrator/package.ps1'
[3.033s] INFO:colcon.colcon_core.shell:Creating package descriptor '/home/ykxn/ws_calibrator/install/multi_lidar_calibrator/share/multi_lidar_calibrator/package.dsv'
[3.034s] INFO:colcon.colcon_core.shell:Creating package script '/home/ykxn/ws_calibrator/install/multi_lidar_calibrator/share/multi_lidar_calibrator/package.sh'
[3.036s] INFO:colcon.colcon_core.shell:Creating package script '/home/ykxn/ws_calibrator/install/multi_lidar_calibrator/share/multi_lidar_calibrator/package.bash'
[3.037s] INFO:colcon.colcon_core.shell:Creating package script '/home/ykxn/ws_calibrator/install/multi_lidar_calibrator/share/multi_lidar_calibrator/package.zsh'
[3.038s] Level 1:colcon.colcon_core.environment:create_file_with_runtime_dependencies(/home/ykxn/ws_calibrator/install/multi_lidar_calibrator/share/colcon-core/packages/multi_lidar_calibrator)
[3.039s] DEBUG:colcon.colcon_parallel_executor.executor.parallel:closing loop
[3.041s] DEBUG:colcon.colcon_parallel_executor.executor.parallel:loop closed
[3.041s] DEBUG:colcon.colcon_parallel_executor.executor.parallel:run_until_complete finished with '0'
[3.042s] DEBUG:colcon.colcon_core.event_reactor:joining thread
[3.051s] INFO:colcon.colcon_core.plugin_system:Skipping extension 'colcon_notification.desktop_notification.terminal_notifier': Not used on non-Darwin systems
[3.052s] INFO:colcon.colcon_core.plugin_system:Skipping extension 'colcon_notification.desktop_notification.win32': Not used on non-Windows systems
[3.052s] INFO:colcon.colcon_notification.desktop_notification:Sending desktop notification using 'notify2'
[3.067s] DEBUG:colcon.colcon_core.event_reactor:joined thread
[3.068s] INFO:colcon.colcon_core.shell:Creating prefix script '/home/ykxn/ws_calibrator/install/local_setup.ps1'
[3.070s] INFO:colcon.colcon_core.shell:Creating prefix util module '/home/ykxn/ws_calibrator/install/_local_setup_util_ps1.py'
[3.073s] INFO:colcon.colcon_core.shell:Creating prefix chain script '/home/ykxn/ws_calibrator/install/setup.ps1'
[3.082s] INFO:colcon.colcon_core.shell:Creating prefix script '/home/ykxn/ws_calibrator/install/local_setup.sh'
[3.083s] INFO:colcon.colcon_core.shell:Creating prefix util module '/home/ykxn/ws_calibrator/install/_local_setup_util_sh.py'
[3.084s] INFO:colcon.colcon_core.shell:Creating prefix chain script '/home/ykxn/ws_calibrator/install/setup.sh'
[3.090s] INFO:colcon.colcon_core.shell:Creating prefix script '/home/ykxn/ws_calibrator/install/local_setup.bash'
[3.091s] INFO:colcon.colcon_core.shell:Creating prefix chain script '/home/ykxn/ws_calibrator/install/setup.bash'
[3.098s] INFO:colcon.colcon_core.shell:Creating prefix script '/home/ykxn/ws_calibrator/install/local_setup.zsh'
[3.098s] INFO:colcon.colcon_core.shell:Creating prefix chain script '/home/ykxn/ws_calibrator/install/setup.zsh'
