[0.011s] Invoking command in '/home/ykxn/ws_calibrator/build/multi_lidar_calibrator': /usr/bin/cmake /home/ykxn/ws_calibrator/src -DCMAKE_INSTALL_PREFIX=/home/ykxn/ws_calibrator/install/multi_lidar_calibrator
[0.042s] CMake Error at CMakeLists.txt:4 (find_package):
[0.042s]   By not providing "Findautoware_build_flags.cmake" in CMAKE_MODULE_PATH this
[0.042s]   project has asked CMake to find a package configuration file provided by
[0.043s]   "autoware_build_flags", but CMake did not find one.
[0.043s] 
[0.043s]   Could not find a package configuration file provided by
[0.044s]   "autoware_build_flags" with any of the following names:
[0.044s] 
[0.044s]     autoware_build_flagsConfig.cmake
[0.044s]     autoware_build_flags-config.cmake
[0.045s] 
[0.045s]   Add the installation prefix of "autoware_build_flags" to CMAKE_PREFIX_PATH
[0.045s]   or set "autoware_build_flags_DIR" to a directory containing one of the
[0.045s]   above files.  If "autoware_build_flags" provides a separate development
[0.045s]   package or SDK, be sure it has been installed.
[0.045s] 
[0.045s] 
[0.046s] -- Configuring incomplete, errors occurred!
[0.046s] See also "/home/ykxn/ws_calibrator/build/multi_lidar_calibrator/CMakeFiles/CMakeOutput.log".
[0.046s] Invoked command in '/home/ykxn/ws_calibrator/build/multi_lidar_calibrator' returned '1': /usr/bin/cmake /home/ykxn/ws_calibrator/src -DCMAKE_INSTALL_PREFIX=/home/ykxn/ws_calibrator/install/multi_lidar_calibrator
