[0.018s] Invoking command in '/home/ykxn/ws_calibrator/build/multi_lidar_calibrator': /usr/bin/cmake /home/ykxn/ws_calibrator/src/multi_lidar_calibator -DCATKIN_INSTALL_INTO_PREFIX_ROOT=0 -DCMAKE_INSTALL_PREFIX=/home/ykxn/ws_calibrator/install/multi_lidar_calibrator
[0.113s] -- The C compiler identification is GNU 7.5.0
[0.192s] -- The CXX compiler identification is GNU 7.5.0
[0.199s] -- Check for working C compiler: /usr/bin/cc
[0.305s] -- Check for working C compiler: /usr/bin/cc -- works
[0.307s] -- Detecting C compiler ABI info
[0.419s] -- Detecting C compiler ABI info - done
[0.438s] -- Detecting C compile features
[0.769s] -- Detecting C compile features - done
[0.775s] -- Check for working CXX compiler: /usr/bin/c++
[0.883s] -- Check for working CXX compiler: /usr/bin/c++ -- works
[0.885s] -- Detecting CXX compiler ABI info
[1.005s] -- Detecting CXX compiler ABI info - done
[1.024s] -- Detecting CXX compile features
[1.515s] -- Detecting CXX compile features - done
[1.519s] -- Using CATKIN_DEVEL_PREFIX: /home/ykxn/ws_calibrator/build/multi_lidar_calibrator/devel
[1.520s] -- Using CMAKE_PREFIX_PATH: /home/ykxn/ws_calibrator/install/multi_lidar_calibrator;/home/ykxn/ws_calibrator/devel;/opt/ros/melodic
[1.520s] -- This workspace overlays: /home/ykxn/ws_calibrator/install/multi_lidar_calibrator;/opt/ros/melodic
[1.542s] -- Found PythonInterp: /usr/bin/python2 (found suitable version "2.7.17", minimum required is "2") 
[1.542s] -- Using PYTHON_EXECUTABLE: /usr/bin/python2
[1.542s] -- Using Debian Python package layout
[1.542s] -- Using empy: /usr/bin/empy
[1.699s] -- Using CATKIN_ENABLE_TESTING: ON
[1.699s] -- Call enable_testing()
[1.703s] -- Using CATKIN_TEST_RESULTS_DIR: /home/ykxn/ws_calibrator/build/multi_lidar_calibrator/test_results
[1.729s] -- Found gtest sources under '/usr/src/googletest': gtests will be built
[1.729s] -- Found gmock sources under '/usr/src/googletest': gmock will be built
[1.750s] -- Found PythonInterp: /usr/bin/python2 (found version "2.7.17") 
[1.751s] -- Looking for pthread.h
[1.858s] -- Looking for pthread.h - found
[1.859s] -- Looking for pthread_create
[1.963s] -- Looking for pthread_create - not found
[1.964s] -- Looking for pthread_create in pthreads
[2.057s] -- Looking for pthread_create in pthreads - not found
[2.058s] -- Looking for pthread_create in pthread
[2.164s] -- Looking for pthread_create in pthread - found
[2.165s] -- Found Threads: TRUE  
[2.172s] -- Using Python nosetests: /usr/bin/nosetests-2.7
[2.218s] -- catkin 0.7.29
[2.218s] -- BUILD_SHARED_LIBS is on
[2.848s] -- Using these message generators: gencpp;geneus;genlisp;gennodejs;genpy
[3.303s] -- Found OpenCV: /usr (found version "3.2.0") 
[3.307s] -- Configuring done
[3.421s] -- Generating done
[3.429s] -- Build files have been written to: /home/ykxn/ws_calibrator/build/multi_lidar_calibrator
[3.436s] Invoked command in '/home/ykxn/ws_calibrator/build/multi_lidar_calibrator' returned '0': /usr/bin/cmake /home/ykxn/ws_calibrator/src/multi_lidar_calibator -DCATKIN_INSTALL_INTO_PREFIX_ROOT=0 -DCMAKE_INSTALL_PREFIX=/home/ykxn/ws_calibrator/install/multi_lidar_calibrator
[3.440s] Invoking command in '/home/ykxn/ws_calibrator/build/multi_lidar_calibrator': /usr/bin/cmake --build /home/ykxn/ws_calibrator/build/multi_lidar_calibrator -- -j16 -l16
[3.501s] [35m[1mScanning dependencies of target merge_all[0m
[3.502s] [35m[1mScanning dependencies of target multi_lidar_calibrator_lib[0m
[3.503s] [35m[1mScanning dependencies of target xuanzhuan_y[0m
[3.503s] [35m[1mScanning dependencies of target calibrate[0m
[3.505s] [35m[1mScanning dependencies of target calibrate2[0m
[3.561s] [  8%] [32mBuilding CXX object CMakeFiles/merge_all.dir/src/merge_all.cpp.o[0m
[3.561s] [ 16%] [32mBuilding CXX object CMakeFiles/xuanzhuan_y.dir/src/xuanzhuan_y.cpp.o[0m
[3.572s] [ 25%] [32mBuilding CXX object CMakeFiles/calibrate2.dir/src/calibrate2.cpp.o[0m
[3.576s] [ 33%] [32mBuilding CXX object CMakeFiles/multi_lidar_calibrator_lib.dir/src/multi_lidar_calibrator.cpp.o[0m
[3.581s] [ 41%] [32mBuilding CXX object CMakeFiles/calibrate.dir/src/calibrate.cpp.o[0m
[12.844s] [ 50%] [32m[1mLinking CXX executable devel/lib/multi_lidar_calibrator/xuanzhuan_y[0m
[13.442s] [ 50%] Built target xuanzhuan_y
[20.389s] [ 58%] [32m[1mLinking CXX executable devel/lib/multi_lidar_calibrator/merge_all[0m
[20.534s] [ 66%] [32m[1mLinking CXX executable devel/lib/multi_lidar_calibrator/calibrate2[0m
[20.652s] [ 75%] [32m[1mLinking CXX executable devel/lib/multi_lidar_calibrator/calibrate[0m
[21.076s] [ 75%] Built target merge_all
[21.243s] [ 75%] Built target calibrate2
[21.268s] [ 75%] Built target calibrate
[35.188s] [ 83%] [32m[1mLinking CXX shared library devel/lib/libmulti_lidar_calibrator_lib.so[0m
[38.417s] [ 83%] Built target multi_lidar_calibrator_lib
[38.439s] [35m[1mScanning dependencies of target multi_lidar_calibrator[0m
[38.517s] [ 91%] [32mBuilding CXX object CMakeFiles/multi_lidar_calibrator.dir/src/multi_lidar_calibrator_node.cpp.o[0m
[51.617s] [100%] [32m[1mLinking CXX executable devel/lib/multi_lidar_calibrator/multi_lidar_calibrator[0m
[52.376s] [100%] Built target multi_lidar_calibrator
[52.391s] Invoked command in '/home/ykxn/ws_calibrator/build/multi_lidar_calibrator' returned '0': /usr/bin/cmake --build /home/ykxn/ws_calibrator/build/multi_lidar_calibrator -- -j16 -l16
[52.520s] Invoking command in '/home/ykxn/ws_calibrator/build/multi_lidar_calibrator': /usr/bin/cmake --build /home/ykxn/ws_calibrator/build/multi_lidar_calibrator --target tests -- -j16 -l16
[52.607s] [35m[1mScanning dependencies of target tests[0m
[52.626s] Built target tests
[52.645s] Invoked command in '/home/ykxn/ws_calibrator/build/multi_lidar_calibrator' returned '0': /usr/bin/cmake --build /home/ykxn/ws_calibrator/build/multi_lidar_calibrator --target tests -- -j16 -l16
[52.801s] Invoking command in '/home/ykxn/ws_calibrator/build/multi_lidar_calibrator': /usr/bin/cmake --build /home/ykxn/ws_calibrator/build/multi_lidar_calibrator --target install -- -j16 -l16
[52.893s] [ 16%] Built target calibrate2
[52.897s] [ 33%] Built target merge_all
[52.902s] [ 50%] Built target xuanzhuan_y
[52.905s] [ 66%] Built target multi_lidar_calibrator_lib
[52.907s] [ 83%] Built target calibrate
[52.965s] [100%] Built target multi_lidar_calibrator
[52.999s] [36mInstall the project...[0m
[53.009s] -- Install configuration: ""
[53.009s] -- Installing: /home/ykxn/ws_calibrator/install/multi_lidar_calibrator/lib/pkgconfig/multi_lidar_calibrator.pc
[53.010s] -- Installing: /home/ykxn/ws_calibrator/install/multi_lidar_calibrator/share/multi_lidar_calibrator/cmake/multi_lidar_calibratorConfig.cmake
[53.010s] -- Installing: /home/ykxn/ws_calibrator/install/multi_lidar_calibrator/share/multi_lidar_calibrator/cmake/multi_lidar_calibratorConfig-version.cmake
[53.010s] -- Up-to-date: /home/ykxn/ws_calibrator/install/multi_lidar_calibrator/share/multi_lidar_calibrator/package.xml
[53.010s] -- Installing: /home/ykxn/ws_calibrator/install/multi_lidar_calibrator/lib/multi_lidar_calibrator/calibrate
[53.022s] -- Set runtime path of "/home/ykxn/ws_calibrator/install/multi_lidar_calibrator/lib/multi_lidar_calibrator/calibrate" to ""
[53.022s] -- Installing: /home/ykxn/ws_calibrator/install/multi_lidar_calibrator/lib/multi_lidar_calibrator/calibrate2
[53.032s] -- Set runtime path of "/home/ykxn/ws_calibrator/install/multi_lidar_calibrator/lib/multi_lidar_calibrator/calibrate2" to ""
[53.032s] -- Installing: /home/ykxn/ws_calibrator/install/multi_lidar_calibrator/lib/multi_lidar_calibrator/merge_all
[53.042s] -- Set runtime path of "/home/ykxn/ws_calibrator/install/multi_lidar_calibrator/lib/multi_lidar_calibrator/merge_all" to ""
[53.042s] -- Installing: /home/ykxn/ws_calibrator/install/multi_lidar_calibrator/lib/multi_lidar_calibrator/xuanzhuan_y
[53.046s] -- Set runtime path of "/home/ykxn/ws_calibrator/install/multi_lidar_calibrator/lib/multi_lidar_calibrator/xuanzhuan_y" to ""
[53.046s] -- Installing: /home/ykxn/ws_calibrator/install/multi_lidar_calibrator/lib/multi_lidar_calibrator/multi_lidar_calibrator
[53.053s] -- Set runtime path of "/home/ykxn/ws_calibrator/install/multi_lidar_calibrator/lib/multi_lidar_calibrator/multi_lidar_calibrator" to ""
[53.054s] -- Installing: /home/ykxn/ws_calibrator/install/multi_lidar_calibrator/lib/libmulti_lidar_calibrator_lib.so
[53.082s] -- Set runtime path of "/home/ykxn/ws_calibrator/install/multi_lidar_calibrator/lib/libmulti_lidar_calibrator_lib.so" to ""
[53.082s] -- Up-to-date: /home/ykxn/ws_calibrator/install/multi_lidar_calibrator/share/multi_lidar_calibrator/launch
[53.082s] -- Up-to-date: /home/ykxn/ws_calibrator/install/multi_lidar_calibrator/share/multi_lidar_calibrator/launch/merge_points.launch
[53.082s] -- Up-to-date: /home/ykxn/ws_calibrator/install/multi_lidar_calibrator/share/multi_lidar_calibrator/launch/multi_lidar_calibrator.launch
[53.083s] -- Up-to-date: /home/ykxn/ws_calibrator/install/multi_lidar_calibrator/share/multi_lidar_calibrator/launch/calibrate.launch
[53.087s] Invoked command in '/home/ykxn/ws_calibrator/build/multi_lidar_calibrator' returned '0': /usr/bin/cmake --build /home/ykxn/ws_calibrator/build/multi_lidar_calibrator --target install -- -j16 -l16
