[0.368s] DEBUG:colcon:Command line arguments: ['/usr/bin/colcon', 'build', '--cmake-args', '-DCMAKE_BUILD_TYPE=Release', '--packages-select', 'multi_lidar_calibrator']
[0.369s] DEBUG:colcon:Parsed command line arguments: Namespace(allow_overriding=[], ament_cmake_args=None, base_paths=['.'], build_base='build', catkin_cmake_args=None, catkin_skip_building_tests=False, cmake_args=['-DCMAKE_BUILD_TYPE=Release'], cmake_clean_cache=False, cmake_clean_first=False, cmake_force_configure=False, cmake_target=None, cmake_target_skip_unavailable=False, continue_on_error=False, event_handlers=None, executor='parallel', ignore_user_meta=False, install_base='install', log_base=None, log_level=None, main=<bound method BuildVerb.main of <colcon_core.verb.build.BuildVerb object at 0x7f5966813eb8>>, merge_install=False, metas=['./colcon.meta'], packages_above=None, packages_above_and_dependencies=None, packages_above_depth=None, packages_end=None, packages_ignore=None, packages_ignore_regex=None, packages_select=['multi_lidar_calibrator'], packages_select_build_failed=False, packages_select_by_dep=None, packages_select_regex=None, packages_select_test_failures=False, packages_skip=None, packages_skip_build_finished=False, packages_skip_by_dep=None, packages_skip_regex=None, packages_skip_test_passed=False, packages_skip_up_to=None, packages_start=None, packages_up_to=None, packages_up_to_regex=None, parallel_workers=16, paths=None, symlink_install=False, test_result_base=None, verb_extension=<colcon_core.verb.build.BuildVerb object at 0x7f5966813eb8>, verb_name='build', verb_parser=<colcon_defaults.argument_parser.defaults.DefaultArgumentsDecorator object at 0x7f59668212b0>)
[0.405s] Level 1:colcon.colcon_core.package_discovery:discover_packages(colcon_meta) check parameters
[0.405s] Level 1:colcon.colcon_core.package_discovery:discover_packages(recursive) check parameters
[0.405s] Level 1:colcon.colcon_core.package_discovery:discover_packages(ignore) check parameters
[0.405s] Level 1:colcon.colcon_core.package_discovery:discover_packages(path) check parameters
[0.405s] Level 1:colcon.colcon_core.package_discovery:discover_packages(colcon_meta) discover
[0.405s] Level 1:colcon.colcon_core.package_discovery:discover_packages(recursive) discover
[0.405s] INFO:colcon.colcon_core.package_discovery:Crawling recursively for packages in '/home/ykxn/ws_calibrator'
[0.405s] Level 1:colcon.colcon_core.package_identification:_identify(.) by extensions ['ignore', 'ignore_ament_install']
[0.406s] Level 1:colcon.colcon_core.package_identification:_identify(.) by extension 'ignore'
[0.406s] Level 1:colcon.colcon_core.package_identification:_identify(.) by extension 'ignore_ament_install'
[0.407s] Level 1:colcon.colcon_core.package_identification:_identify(.) by extensions ['colcon_pkg']
[0.407s] Level 1:colcon.colcon_core.package_identification:_identify(.) by extension 'colcon_pkg'
[0.407s] Level 1:colcon.colcon_core.package_identification:_identify(.) by extensions ['colcon_meta']
[0.407s] Level 1:colcon.colcon_core.package_identification:_identify(.) by extension 'colcon_meta'
[0.407s] Level 1:colcon.colcon_core.package_identification:_identify(.) by extensions ['ros']
[0.407s] Level 1:colcon.colcon_core.package_identification:_identify(.) by extension 'ros'
[0.428s] Level 1:colcon.colcon_core.package_identification:_identify(.) by extensions ['cmake', 'python']
[0.428s] Level 1:colcon.colcon_core.package_identification:_identify(.) by extension 'cmake'
[0.428s] Level 1:colcon.colcon_core.package_identification:_identify(.) by extension 'python'
[0.428s] Level 1:colcon.colcon_core.package_identification:_identify(.) by extensions ['python_setup_py']
[0.428s] Level 1:colcon.colcon_core.package_identification:_identify(.) by extension 'python_setup_py'
[0.429s] Level 1:colcon.colcon_core.package_identification:_identify(build) by extensions ['ignore', 'ignore_ament_install']
[0.429s] Level 1:colcon.colcon_core.package_identification:_identify(build) by extension 'ignore'
[0.429s] Level 1:colcon.colcon_core.package_identification:_identify(build) ignored
[0.430s] Level 1:colcon.colcon_core.package_identification:_identify(install) by extensions ['ignore', 'ignore_ament_install']
[0.430s] Level 1:colcon.colcon_core.package_identification:_identify(install) by extension 'ignore'
[0.430s] Level 1:colcon.colcon_core.package_identification:_identify(install) ignored
[0.430s] Level 1:colcon.colcon_core.package_identification:_identify(log) by extensions ['ignore', 'ignore_ament_install']
[0.431s] Level 1:colcon.colcon_core.package_identification:_identify(log) by extension 'ignore'
[0.431s] Level 1:colcon.colcon_core.package_identification:_identify(log) ignored
[0.431s] Level 1:colcon.colcon_core.package_identification:_identify(src) by extensions ['ignore', 'ignore_ament_install']
[0.431s] Level 1:colcon.colcon_core.package_identification:_identify(src) by extension 'ignore'
[0.431s] Level 1:colcon.colcon_core.package_identification:_identify(src) by extension 'ignore_ament_install'
[0.431s] Level 1:colcon.colcon_core.package_identification:_identify(src) by extensions ['colcon_pkg']
[0.432s] Level 1:colcon.colcon_core.package_identification:_identify(src) by extension 'colcon_pkg'
[0.432s] Level 1:colcon.colcon_core.package_identification:_identify(src) by extensions ['colcon_meta']
[0.432s] Level 1:colcon.colcon_core.package_identification:_identify(src) by extension 'colcon_meta'
[0.432s] Level 1:colcon.colcon_core.package_identification:_identify(src) by extensions ['ros']
[0.433s] Level 1:colcon.colcon_core.package_identification:_identify(src) by extension 'ros'
[0.433s] Level 1:colcon.colcon_core.package_identification:_identify(src) by extensions ['cmake', 'python']
[0.433s] Level 1:colcon.colcon_core.package_identification:_identify(src) by extension 'cmake'
[0.433s] Level 1:colcon.colcon_core.package_identification:_identify(src) by extension 'python'
[0.434s] Level 1:colcon.colcon_core.package_identification:_identify(src) by extensions ['python_setup_py']
[0.434s] Level 1:colcon.colcon_core.package_identification:_identify(src) by extension 'python_setup_py'
[0.434s] Level 1:colcon.colcon_core.package_identification:_identify(src/multi_lidar_calibator) by extensions ['ignore', 'ignore_ament_install']
[0.434s] Level 1:colcon.colcon_core.package_identification:_identify(src/multi_lidar_calibator) by extension 'ignore'
[0.434s] Level 1:colcon.colcon_core.package_identification:_identify(src/multi_lidar_calibator) by extension 'ignore_ament_install'
[0.435s] Level 1:colcon.colcon_core.package_identification:_identify(src/multi_lidar_calibator) by extensions ['colcon_pkg']
[0.435s] Level 1:colcon.colcon_core.package_identification:_identify(src/multi_lidar_calibator) by extension 'colcon_pkg'
[0.435s] Level 1:colcon.colcon_core.package_identification:_identify(src/multi_lidar_calibator) by extensions ['colcon_meta']
[0.435s] Level 1:colcon.colcon_core.package_identification:_identify(src/multi_lidar_calibator) by extension 'colcon_meta'
[0.435s] Level 1:colcon.colcon_core.package_identification:_identify(src/multi_lidar_calibator) by extensions ['ros']
[0.435s] Level 1:colcon.colcon_core.package_identification:_identify(src/multi_lidar_calibator) by extension 'ros'
[0.440s] DEBUG:colcon.colcon_core.package_identification:Package 'src/multi_lidar_calibator' with type 'ros.catkin' and name 'multi_lidar_calibrator'
[0.440s] Level 1:colcon.colcon_core.package_discovery:discover_packages(recursive) using defaults
[0.441s] Level 1:colcon.colcon_core.package_discovery:discover_packages(ignore) discover
[0.441s] Level 1:colcon.colcon_core.package_discovery:discover_packages(ignore) using defaults
[0.441s] Level 1:colcon.colcon_core.package_discovery:discover_packages(path) discover
[0.441s] Level 1:colcon.colcon_core.package_discovery:discover_packages(path) using defaults
[0.472s] Level 1:colcon.colcon_core.package_discovery:discover_packages(prefix_path) check parameters
[0.472s] Level 1:colcon.colcon_core.package_discovery:discover_packages(prefix_path) discover
[0.484s] DEBUG:colcon.colcon_installed_package_information.package_discovery:Found 1 installed packages in /home/ykxn/ws_calibrator/install
[0.491s] DEBUG:colcon.colcon_installed_package_information.package_discovery:Found 165 installed packages in /home/ykxn/autoware.ai/install
[0.512s] DEBUG:colcon.colcon_installed_package_information.package_discovery:Found 1 installed packages in /opt/ros/melodic
[0.513s] Level 1:colcon.colcon_core.package_discovery:discover_packages(prefix_path) using defaults
[0.540s] Level 5:colcon.colcon_core.verb:set package 'multi_lidar_calibrator' build argument 'cmake_args' from command line to '['-DCMAKE_BUILD_TYPE=Release']'
[0.540s] Level 5:colcon.colcon_core.verb:set package 'multi_lidar_calibrator' build argument 'cmake_target' from command line to 'None'
[0.540s] Level 5:colcon.colcon_core.verb:set package 'multi_lidar_calibrator' build argument 'cmake_target_skip_unavailable' from command line to 'False'
[0.540s] Level 5:colcon.colcon_core.verb:set package 'multi_lidar_calibrator' build argument 'cmake_clean_cache' from command line to 'False'
[0.540s] Level 5:colcon.colcon_core.verb:set package 'multi_lidar_calibrator' build argument 'cmake_clean_first' from command line to 'False'
[0.540s] Level 5:colcon.colcon_core.verb:set package 'multi_lidar_calibrator' build argument 'cmake_force_configure' from command line to 'False'
[0.540s] Level 5:colcon.colcon_core.verb:set package 'multi_lidar_calibrator' build argument 'ament_cmake_args' from command line to 'None'
[0.540s] Level 5:colcon.colcon_core.verb:set package 'multi_lidar_calibrator' build argument 'catkin_cmake_args' from command line to 'None'
[0.540s] Level 5:colcon.colcon_core.verb:set package 'multi_lidar_calibrator' build argument 'catkin_skip_building_tests' from command line to 'False'
[0.540s] DEBUG:colcon.colcon_core.verb:Building package 'multi_lidar_calibrator' with the following arguments: {'ament_cmake_args': None, 'build_base': '/home/ykxn/ws_calibrator/build/multi_lidar_calibrator', 'catkin_cmake_args': None, 'catkin_skip_building_tests': False, 'cmake_args': ['-DCMAKE_BUILD_TYPE=Release'], 'cmake_clean_cache': False, 'cmake_clean_first': False, 'cmake_force_configure': False, 'cmake_target': None, 'cmake_target_skip_unavailable': False, 'install_base': '/home/ykxn/ws_calibrator/install/multi_lidar_calibrator', 'merge_install': False, 'path': '/home/ykxn/ws_calibrator/src/multi_lidar_calibator', 'symlink_install': False, 'test_result_base': None}
[0.541s] INFO:colcon.colcon_core.executor:Executing jobs using 'parallel' executor
[0.542s] DEBUG:colcon.colcon_parallel_executor.executor.parallel:run_until_complete
[0.543s] INFO:colcon.colcon_ros.task.catkin.build:Building ROS package in '/home/ykxn/ws_calibrator/src/multi_lidar_calibator' with build type 'catkin'
[0.543s] INFO:colcon.colcon_cmake.task.cmake.build:Building CMake package in '/home/ykxn/ws_calibrator/src/multi_lidar_calibator'
[0.547s] INFO:colcon.colcon_core.plugin_system:Skipping extension 'colcon_core.shell.bat': Not used on non-Windows systems
[0.547s] INFO:colcon.colcon_core.shell:Skip shell extension 'powershell' for command environment: Not usable outside of PowerShell
[0.547s] DEBUG:colcon.colcon_core.shell:Skip shell extension 'dsv' for command environment
[0.583s] DEBUG:colcon.colcon_core.event_handler.log_command:Invoking command in '/home/ykxn/ws_calibrator/build/multi_lidar_calibrator': /usr/bin/cmake --build /home/ykxn/ws_calibrator/build/multi_lidar_calibrator -- -j16 -l16
[0.862s] DEBUG:colcon.colcon_core.event_handler.log_command:Invoked command in '/home/ykxn/ws_calibrator/build/multi_lidar_calibrator' returned '0': /usr/bin/cmake --build /home/ykxn/ws_calibrator/build/multi_lidar_calibrator -- -j16 -l16
[1.172s] DEBUG:colcon.colcon_core.event_handler.log_command:Invoking command in '/home/ykxn/ws_calibrator/build/multi_lidar_calibrator': /usr/bin/cmake --build /home/ykxn/ws_calibrator/build/multi_lidar_calibrator --target tests -- -j16 -l16
[1.360s] DEBUG:colcon.colcon_core.event_handler.log_command:Invoked command in '/home/ykxn/ws_calibrator/build/multi_lidar_calibrator' returned '0': /usr/bin/cmake --build /home/ykxn/ws_calibrator/build/multi_lidar_calibrator --target tests -- -j16 -l16
[1.697s] DEBUG:colcon.colcon_core.event_handler.log_command:Invoking command in '/home/ykxn/ws_calibrator/build/multi_lidar_calibrator': /usr/bin/cmake --build /home/ykxn/ws_calibrator/build/multi_lidar_calibrator --target install -- -j16 -l16
[2.036s] DEBUG:colcon.colcon_core.event_handler.log_command:Invoked command in '/home/ykxn/ws_calibrator/build/multi_lidar_calibrator' returned '0': /usr/bin/cmake --build /home/ykxn/ws_calibrator/build/multi_lidar_calibrator --target install -- -j16 -l16
[2.359s] Level 1:colcon.colcon_core.shell:create_environment_hook('multi_lidar_calibrator', 'ros_package_path')
[2.360s] INFO:colcon.colcon_core.shell:Creating environment hook '/home/ykxn/ws_calibrator/install/multi_lidar_calibrator/share/multi_lidar_calibrator/hook/ros_package_path.ps1'
[2.362s] INFO:colcon.colcon_core.shell:Creating environment descriptor '/home/ykxn/ws_calibrator/install/multi_lidar_calibrator/share/multi_lidar_calibrator/hook/ros_package_path.dsv'
[2.363s] INFO:colcon.colcon_core.shell:Creating environment hook '/home/ykxn/ws_calibrator/install/multi_lidar_calibrator/share/multi_lidar_calibrator/hook/ros_package_path.sh'
[2.364s] Level 1:colcon.colcon_ros.task.catkin:checking '/home/ykxn/ws_calibrator/install/multi_lidar_calibrator/lib/python2.7/dist-packages'
[2.365s] Level 1:colcon.colcon_core.shell:create_environment_hook('multi_lidar_calibrator', 'pkg_config_path')
[2.366s] INFO:colcon.colcon_core.shell:Creating environment hook '/home/ykxn/ws_calibrator/install/multi_lidar_calibrator/share/multi_lidar_calibrator/hook/pkg_config_path.ps1'
[2.367s] INFO:colcon.colcon_core.shell:Creating environment descriptor '/home/ykxn/ws_calibrator/install/multi_lidar_calibrator/share/multi_lidar_calibrator/hook/pkg_config_path.dsv'
[2.367s] INFO:colcon.colcon_core.shell:Creating environment hook '/home/ykxn/ws_calibrator/install/multi_lidar_calibrator/share/multi_lidar_calibrator/hook/pkg_config_path.sh'
[2.374s] Level 1:colcon.colcon_core.shell:create_environment_hook('multi_lidar_calibrator', 'pkg_config_path_multiarch')
[2.375s] INFO:colcon.colcon_core.shell:Creating environment hook '/home/ykxn/ws_calibrator/install/multi_lidar_calibrator/share/multi_lidar_calibrator/hook/pkg_config_path_multiarch.ps1'
[2.376s] INFO:colcon.colcon_core.shell:Creating environment descriptor '/home/ykxn/ws_calibrator/install/multi_lidar_calibrator/share/multi_lidar_calibrator/hook/pkg_config_path_multiarch.dsv'
[2.377s] INFO:colcon.colcon_core.shell:Creating environment hook '/home/ykxn/ws_calibrator/install/multi_lidar_calibrator/share/multi_lidar_calibrator/hook/pkg_config_path_multiarch.sh'
[2.380s] Level 1:colcon.colcon_core.environment:create_environment_scripts_only(multi_lidar_calibrator)
[2.387s] Level 1:colcon.colcon_core.environment:checking '/home/ykxn/ws_calibrator/install/multi_lidar_calibrator' for CMake module files
[2.388s] Level 1:colcon.colcon_core.environment:checking '/home/ykxn/ws_calibrator/install/multi_lidar_calibrator' for CMake config files
[2.388s] Level 1:colcon.colcon_core.shell:create_environment_hook('multi_lidar_calibrator', 'cmake_prefix_path')
[2.389s] INFO:colcon.colcon_core.shell:Creating environment hook '/home/ykxn/ws_calibrator/install/multi_lidar_calibrator/share/multi_lidar_calibrator/hook/cmake_prefix_path.ps1'
[2.390s] INFO:colcon.colcon_core.shell:Creating environment descriptor '/home/ykxn/ws_calibrator/install/multi_lidar_calibrator/share/multi_lidar_calibrator/hook/cmake_prefix_path.dsv'
[2.391s] INFO:colcon.colcon_core.shell:Creating environment hook '/home/ykxn/ws_calibrator/install/multi_lidar_calibrator/share/multi_lidar_calibrator/hook/cmake_prefix_path.sh'
[2.393s] Level 1:colcon.colcon_core.environment:checking '/home/ykxn/ws_calibrator/install/multi_lidar_calibrator/lib'
[2.393s] Level 1:colcon.colcon_core.shell:create_environment_hook('multi_lidar_calibrator', 'ld_library_path_lib')
[2.393s] INFO:colcon.colcon_core.shell:Creating environment hook '/home/ykxn/ws_calibrator/install/multi_lidar_calibrator/share/multi_lidar_calibrator/hook/ld_library_path_lib.ps1'
[2.394s] INFO:colcon.colcon_core.shell:Creating environment descriptor '/home/ykxn/ws_calibrator/install/multi_lidar_calibrator/share/multi_lidar_calibrator/hook/ld_library_path_lib.dsv'
[2.395s] INFO:colcon.colcon_core.shell:Creating environment hook '/home/ykxn/ws_calibrator/install/multi_lidar_calibrator/share/multi_lidar_calibrator/hook/ld_library_path_lib.sh'
[2.395s] Level 1:colcon.colcon_core.environment:checking '/home/ykxn/ws_calibrator/install/multi_lidar_calibrator/bin'
[2.395s] Level 1:colcon.colcon_core.environment:checking '/home/ykxn/ws_calibrator/install/multi_lidar_calibrator/lib/pkgconfig/multi_lidar_calibrator.pc'
[2.395s] Level 1:colcon.colcon_core.shell:create_environment_hook('multi_lidar_calibrator', 'pkg_config')
[2.396s] INFO:colcon.colcon_core.shell:Creating environment hook '/home/ykxn/ws_calibrator/install/multi_lidar_calibrator/share/multi_lidar_calibrator/hook/pkg_config.ps1'
[2.396s] INFO:colcon.colcon_core.shell:Creating environment descriptor '/home/ykxn/ws_calibrator/install/multi_lidar_calibrator/share/multi_lidar_calibrator/hook/pkg_config.dsv'
[2.397s] INFO:colcon.colcon_core.shell:Creating environment hook '/home/ykxn/ws_calibrator/install/multi_lidar_calibrator/share/multi_lidar_calibrator/hook/pkg_config.sh'
[2.398s] Level 1:colcon.colcon_core.environment:checking '/home/ykxn/ws_calibrator/install/multi_lidar_calibrator/lib/python3.6/site-packages'
[2.398s] Level 1:colcon.colcon_core.environment:checking '/home/ykxn/ws_calibrator/install/multi_lidar_calibrator/bin'
[2.399s] INFO:colcon.colcon_core.shell:Creating package script '/home/ykxn/ws_calibrator/install/multi_lidar_calibrator/share/multi_lidar_calibrator/package.ps1'
[2.401s] INFO:colcon.colcon_core.shell:Creating package descriptor '/home/ykxn/ws_calibrator/install/multi_lidar_calibrator/share/multi_lidar_calibrator/package.dsv'
[2.402s] INFO:colcon.colcon_core.shell:Creating package script '/home/ykxn/ws_calibrator/install/multi_lidar_calibrator/share/multi_lidar_calibrator/package.sh'
[2.404s] INFO:colcon.colcon_core.shell:Creating package script '/home/ykxn/ws_calibrator/install/multi_lidar_calibrator/share/multi_lidar_calibrator/package.bash'
[2.405s] INFO:colcon.colcon_core.shell:Creating package script '/home/ykxn/ws_calibrator/install/multi_lidar_calibrator/share/multi_lidar_calibrator/package.zsh'
[2.407s] Level 1:colcon.colcon_core.environment:create_file_with_runtime_dependencies(/home/ykxn/ws_calibrator/install/multi_lidar_calibrator/share/colcon-core/packages/multi_lidar_calibrator)
[2.408s] DEBUG:colcon.colcon_parallel_executor.executor.parallel:closing loop
[2.409s] DEBUG:colcon.colcon_parallel_executor.executor.parallel:loop closed
[2.409s] DEBUG:colcon.colcon_parallel_executor.executor.parallel:run_until_complete finished with '0'
[2.410s] DEBUG:colcon.colcon_core.event_reactor:joining thread
[2.421s] INFO:colcon.colcon_core.plugin_system:Skipping extension 'colcon_notification.desktop_notification.terminal_notifier': Not used on non-Darwin systems
[2.421s] INFO:colcon.colcon_core.plugin_system:Skipping extension 'colcon_notification.desktop_notification.win32': Not used on non-Windows systems
[2.421s] INFO:colcon.colcon_notification.desktop_notification:Sending desktop notification using 'notify2'
[2.447s] DEBUG:colcon.colcon_core.event_reactor:joined thread
[2.448s] INFO:colcon.colcon_core.shell:Creating prefix script '/home/ykxn/ws_calibrator/install/local_setup.ps1'
[2.449s] INFO:colcon.colcon_core.shell:Creating prefix util module '/home/ykxn/ws_calibrator/install/_local_setup_util_ps1.py'
[2.451s] INFO:colcon.colcon_core.shell:Creating prefix chain script '/home/ykxn/ws_calibrator/install/setup.ps1'
[2.459s] INFO:colcon.colcon_core.shell:Creating prefix script '/home/ykxn/ws_calibrator/install/local_setup.sh'
[2.460s] INFO:colcon.colcon_core.shell:Creating prefix util module '/home/ykxn/ws_calibrator/install/_local_setup_util_sh.py'
[2.461s] INFO:colcon.colcon_core.shell:Creating prefix chain script '/home/ykxn/ws_calibrator/install/setup.sh'
[2.470s] INFO:colcon.colcon_core.shell:Creating prefix script '/home/ykxn/ws_calibrator/install/local_setup.bash'
[2.470s] INFO:colcon.colcon_core.shell:Creating prefix chain script '/home/ykxn/ws_calibrator/install/setup.bash'
[2.481s] INFO:colcon.colcon_core.shell:Creating prefix script '/home/ykxn/ws_calibrator/install/local_setup.zsh'
[2.483s] INFO:colcon.colcon_core.shell:Creating prefix chain script '/home/ykxn/ws_calibrator/install/setup.zsh'
