Determining if the pthread_create exist failed with the following output:
<<<<<<< HEAD
Change Dir: /home/ykxn/ws_calibrator/build/multi_lidar_calibrator/CMakeFiles/CMakeTmp

Run Build Command:"/usr/bin/make" "cmTC_d61d0/fast"
/usr/bin/make -f CMakeFiles/cmTC_d61d0.dir/build.make CMakeFiles/cmTC_d61d0.dir/build
make[1]: Entering directory '/home/ykxn/ws_calibrator/build/multi_lidar_calibrator/CMakeFiles/CMakeTmp'
Building C object CMakeFiles/cmTC_d61d0.dir/CheckSymbolExists.c.o
/usr/bin/cc    -o CMakeFiles/cmTC_d61d0.dir/CheckSymbolExists.c.o   -c /home/ykxn/ws_calibrator/build/multi_lidar_calibrator/CMakeFiles/CMakeTmp/CheckSymbolExists.c
Linking C executable cmTC_d61d0
/usr/bin/cmake -E cmake_link_script CMakeFiles/cmTC_d61d0.dir/link.txt --verbose=1
/usr/bin/cc      -rdynamic CMakeFiles/cmTC_d61d0.dir/CheckSymbolExists.c.o  -o cmTC_d61d0 
CMakeFiles/cmTC_d61d0.dir/CheckSymbolExists.c.o: In function `main':
CheckSymbolExists.c:(.text+0x1b): undefined reference to `pthread_create'
collect2: error: ld returned 1 exit status
CMakeFiles/cmTC_d61d0.dir/build.make:97: recipe for target 'cmTC_d61d0' failed
make[1]: *** [cmTC_d61d0] Error 1
make[1]: Leaving directory '/home/ykxn/ws_calibrator/build/multi_lidar_calibrator/CMakeFiles/CMakeTmp'
Makefile:126: recipe for target 'cmTC_d61d0/fast' failed
make: *** [cmTC_d61d0/fast] Error 2

File /home/ykxn/ws_calibrator/build/multi_lidar_calibrator/CMakeFiles/CMakeTmp/CheckSymbolExists.c:
=======
Change Dir: /home/ykxn/Desktop/test/build/multi_lidar_calibrator/CMakeFiles/CMakeTmp

Run Build Command:"/usr/bin/make" "cmTC_c5cb9/fast"
/usr/bin/make -f CMakeFiles/cmTC_c5cb9.dir/build.make CMakeFiles/cmTC_c5cb9.dir/build
make[1]: Entering directory '/home/ykxn/Desktop/test/build/multi_lidar_calibrator/CMakeFiles/CMakeTmp'
Building C object CMakeFiles/cmTC_c5cb9.dir/CheckSymbolExists.c.o
/usr/bin/cc    -o CMakeFiles/cmTC_c5cb9.dir/CheckSymbolExists.c.o   -c /home/ykxn/Desktop/test/build/multi_lidar_calibrator/CMakeFiles/CMakeTmp/CheckSymbolExists.c
Linking C executable cmTC_c5cb9
/usr/bin/cmake -E cmake_link_script CMakeFiles/cmTC_c5cb9.dir/link.txt --verbose=1
/usr/bin/cc      -rdynamic CMakeFiles/cmTC_c5cb9.dir/CheckSymbolExists.c.o  -o cmTC_c5cb9 
CMakeFiles/cmTC_c5cb9.dir/CheckSymbolExists.c.o: In function `main':
CheckSymbolExists.c:(.text+0x1b): undefined reference to `pthread_create'
collect2: error: ld returned 1 exit status
CMakeFiles/cmTC_c5cb9.dir/build.make:97: recipe for target 'cmTC_c5cb9' failed
make[1]: *** [cmTC_c5cb9] Error 1
make[1]: Leaving directory '/home/ykxn/Desktop/test/build/multi_lidar_calibrator/CMakeFiles/CMakeTmp'
Makefile:126: recipe for target 'cmTC_c5cb9/fast' failed
make: *** [cmTC_c5cb9/fast] Error 2

File /home/ykxn/Desktop/test/build/multi_lidar_calibrator/CMakeFiles/CMakeTmp/CheckSymbolExists.c:
>>>>>>> master
/* */
#include <pthread.h>

int main(int argc, char** argv)
{
  (void)argv;
#ifndef pthread_create
  return ((int*)(&pthread_create))[argc];
#else
  (void)argc;
  return 0;
#endif
}

Determining if the function pthread_create exists in the pthreads failed with the following output:
<<<<<<< HEAD
Change Dir: /home/ykxn/ws_calibrator/build/multi_lidar_calibrator/CMakeFiles/CMakeTmp

Run Build Command:"/usr/bin/make" "cmTC_033c5/fast"
/usr/bin/make -f CMakeFiles/cmTC_033c5.dir/build.make CMakeFiles/cmTC_033c5.dir/build
make[1]: Entering directory '/home/ykxn/ws_calibrator/build/multi_lidar_calibrator/CMakeFiles/CMakeTmp'
Building C object CMakeFiles/cmTC_033c5.dir/CheckFunctionExists.c.o
/usr/bin/cc   -DCHECK_FUNCTION_EXISTS=pthread_create   -o CMakeFiles/cmTC_033c5.dir/CheckFunctionExists.c.o   -c /usr/share/cmake-3.10/Modules/CheckFunctionExists.c
Linking C executable cmTC_033c5
/usr/bin/cmake -E cmake_link_script CMakeFiles/cmTC_033c5.dir/link.txt --verbose=1
/usr/bin/cc  -DCHECK_FUNCTION_EXISTS=pthread_create    -rdynamic CMakeFiles/cmTC_033c5.dir/CheckFunctionExists.c.o  -o cmTC_033c5 -lpthreads 
/usr/bin/ld: cannot find -lpthreads
collect2: error: ld returned 1 exit status
CMakeFiles/cmTC_033c5.dir/build.make:97: recipe for target 'cmTC_033c5' failed
make[1]: *** [cmTC_033c5] Error 1
make[1]: Leaving directory '/home/ykxn/ws_calibrator/build/multi_lidar_calibrator/CMakeFiles/CMakeTmp'
Makefile:126: recipe for target 'cmTC_033c5/fast' failed
make: *** [cmTC_033c5/fast] Error 2
=======
Change Dir: /home/ykxn/Desktop/test/build/multi_lidar_calibrator/CMakeFiles/CMakeTmp

Run Build Command:"/usr/bin/make" "cmTC_726c0/fast"
/usr/bin/make -f CMakeFiles/cmTC_726c0.dir/build.make CMakeFiles/cmTC_726c0.dir/build
make[1]: Entering directory '/home/ykxn/Desktop/test/build/multi_lidar_calibrator/CMakeFiles/CMakeTmp'
Building C object CMakeFiles/cmTC_726c0.dir/CheckFunctionExists.c.o
/usr/bin/cc   -DCHECK_FUNCTION_EXISTS=pthread_create   -o CMakeFiles/cmTC_726c0.dir/CheckFunctionExists.c.o   -c /usr/share/cmake-3.10/Modules/CheckFunctionExists.c
Linking C executable cmTC_726c0
/usr/bin/cmake -E cmake_link_script CMakeFiles/cmTC_726c0.dir/link.txt --verbose=1
/usr/bin/cc  -DCHECK_FUNCTION_EXISTS=pthread_create    -rdynamic CMakeFiles/cmTC_726c0.dir/CheckFunctionExists.c.o  -o cmTC_726c0 -lpthreads 
/usr/bin/ld: cannot find -lpthreads
collect2: error: ld returned 1 exit status
CMakeFiles/cmTC_726c0.dir/build.make:97: recipe for target 'cmTC_726c0' failed
make[1]: *** [cmTC_726c0] Error 1
make[1]: Leaving directory '/home/ykxn/Desktop/test/build/multi_lidar_calibrator/CMakeFiles/CMakeTmp'
Makefile:126: recipe for target 'cmTC_726c0/fast' failed
make: *** [cmTC_726c0/fast] Error 2
>>>>>>> master


