[0.351s] DEBUG:colcon:Command line arguments: ['/usr/bin/colcon', 'build']
[0.351s] DEBUG:colcon:Parsed command line arguments: Namespace(allow_overriding=[], ament_cmake_args=None, base_paths=['.'], build_base='build', catkin_cmake_args=None, catkin_skip_building_tests=False, cmake_args=None, cmake_clean_cache=False, cmake_clean_first=False, cmake_force_configure=False, cmake_target=None, cmake_target_skip_unavailable=False, continue_on_error=False, event_handlers=None, executor='parallel', ignore_user_meta=False, install_base='install', log_base=None, log_level=None, main=<bound method BuildVerb.main of <colcon_core.verb.build.BuildVerb object at 0x7f8d47bc5c18>>, merge_install=False, metas=['./colcon.meta'], packages_above=None, packages_above_and_dependencies=None, packages_above_depth=None, packages_end=None, packages_ignore=None, packages_ignore_regex=None, packages_select=None, packages_select_build_failed=False, packages_select_by_dep=None, packages_select_regex=None, packages_select_test_failures=False, packages_skip=None, packages_skip_build_finished=False, packages_skip_by_dep=None, packages_skip_regex=None, packages_skip_test_passed=False, packages_skip_up_to=None, packages_start=None, packages_up_to=None, packages_up_to_regex=None, parallel_workers=16, paths=None, symlink_install=False, test_result_base=None, verb_extension=<colcon_core.verb.build.BuildVerb object at 0x7f8d47bc5c18>, verb_name='build', verb_parser=<colcon_defaults.argument_parser.defaults.DefaultArgumentsDecorator object at 0x7f8d47bc5fd0>)
[0.388s] Level 1:colcon.colcon_core.package_discovery:discover_packages(colcon_meta) check parameters
[0.388s] Level 1:colcon.colcon_core.package_discovery:discover_packages(recursive) check parameters
[0.388s] Level 1:colcon.colcon_core.package_discovery:discover_packages(ignore) check parameters
[0.388s] Level 1:colcon.colcon_core.package_discovery:discover_packages(path) check parameters
[0.388s] Level 1:colcon.colcon_core.package_discovery:discover_packages(colcon_meta) discover
[0.389s] Level 1:colcon.colcon_core.package_discovery:discover_packages(recursive) discover
[0.389s] INFO:colcon.colcon_core.package_discovery:Crawling recursively for packages in '/home/ykxn/Desktop/test'
[0.389s] Level 1:colcon.colcon_core.package_identification:_identify(.) by extensions ['ignore', 'ignore_ament_install']
[0.389s] Level 1:colcon.colcon_core.package_identification:_identify(.) by extension 'ignore'
[0.389s] Level 1:colcon.colcon_core.package_identification:_identify(.) by extension 'ignore_ament_install'
[0.390s] Level 1:colcon.colcon_core.package_identification:_identify(.) by extensions ['colcon_pkg']
[0.390s] Level 1:colcon.colcon_core.package_identification:_identify(.) by extension 'colcon_pkg'
[0.390s] Level 1:colcon.colcon_core.package_identification:_identify(.) by extensions ['colcon_meta']
[0.390s] Level 1:colcon.colcon_core.package_identification:_identify(.) by extension 'colcon_meta'
[0.390s] Level 1:colcon.colcon_core.package_identification:_identify(.) by extensions ['ros']
[0.390s] Level 1:colcon.colcon_core.package_identification:_identify(.) by extension 'ros'
[0.408s] Level 1:colcon.colcon_core.package_identification:_identify(.) by extensions ['cmake', 'python']
[0.409s] Level 1:colcon.colcon_core.package_identification:_identify(.) by extension 'cmake'
[0.409s] Level 1:colcon.colcon_core.package_identification:_identify(.) by extension 'python'
[0.409s] Level 1:colcon.colcon_core.package_identification:_identify(.) by extensions ['python_setup_py']
[0.409s] Level 1:colcon.colcon_core.package_identification:_identify(.) by extension 'python_setup_py'
[0.409s] Level 1:colcon.colcon_core.package_identification:_identify(build) by extensions ['ignore', 'ignore_ament_install']
[0.409s] Level 1:colcon.colcon_core.package_identification:_identify(build) by extension 'ignore'
[0.409s] Level 1:colcon.colcon_core.package_identification:_identify(build) ignored
[0.410s] Level 1:colcon.colcon_core.package_identification:_identify(install) by extensions ['ignore', 'ignore_ament_install']
[0.410s] Level 1:colcon.colcon_core.package_identification:_identify(install) by extension 'ignore'
[0.410s] Level 1:colcon.colcon_core.package_identification:_identify(install) ignored
[0.410s] Level 1:colcon.colcon_core.package_identification:_identify(log) by extensions ['ignore', 'ignore_ament_install']
[0.410s] Level 1:colcon.colcon_core.package_identification:_identify(log) by extension 'ignore'
[0.411s] Level 1:colcon.colcon_core.package_identification:_identify(log) ignored
[0.411s] Level 1:colcon.colcon_core.package_identification:_identify(multi_lidar_calibrator) by extensions ['ignore', 'ignore_ament_install']
[0.411s] Level 1:colcon.colcon_core.package_identification:_identify(multi_lidar_calibrator) by extension 'ignore'
[0.411s] Level 1:colcon.colcon_core.package_identification:_identify(multi_lidar_calibrator) by extension 'ignore_ament_install'
[0.411s] Level 1:colcon.colcon_core.package_identification:_identify(multi_lidar_calibrator) by extensions ['colcon_pkg']
[0.411s] Level 1:colcon.colcon_core.package_identification:_identify(multi_lidar_calibrator) by extension 'colcon_pkg'
[0.411s] Level 1:colcon.colcon_core.package_identification:_identify(multi_lidar_calibrator) by extensions ['colcon_meta']
[0.411s] Level 1:colcon.colcon_core.package_identification:_identify(multi_lidar_calibrator) by extension 'colcon_meta'
[0.411s] Level 1:colcon.colcon_core.package_identification:_identify(multi_lidar_calibrator) by extensions ['ros']
[0.411s] Level 1:colcon.colcon_core.package_identification:_identify(multi_lidar_calibrator) by extension 'ros'
[0.418s] DEBUG:colcon.colcon_core.package_identification:Package 'multi_lidar_calibrator' with type 'ros.catkin' and name 'multi_lidar_calibrator'
[0.418s] Level 1:colcon.colcon_core.package_discovery:discover_packages(recursive) using defaults
[0.419s] Level 1:colcon.colcon_core.package_discovery:discover_packages(ignore) discover
[0.419s] Level 1:colcon.colcon_core.package_discovery:discover_packages(ignore) using defaults
[0.419s] Level 1:colcon.colcon_core.package_discovery:discover_packages(path) discover
[0.419s] Level 1:colcon.colcon_core.package_discovery:discover_packages(path) using defaults
[0.448s] Level 1:colcon.colcon_core.package_discovery:discover_packages(prefix_path) check parameters
[0.448s] Level 1:colcon.colcon_core.package_discovery:discover_packages(prefix_path) discover
[0.452s] DEBUG:colcon.colcon_installed_package_information.package_discovery:Found 1 installed packages in /home/ykxn/Desktop/test/install
[0.453s] DEBUG:colcon.colcon_installed_package_information.package_discovery:Found 1 installed packages in /opt/ros/melodic
[0.453s] Level 1:colcon.colcon_core.package_discovery:discover_packages(prefix_path) using defaults
[0.456s] Level 5:colcon.colcon_core.verb:set package 'multi_lidar_calibrator' build argument 'cmake_args' from command line to 'None'
[0.456s] Level 5:colcon.colcon_core.verb:set package 'multi_lidar_calibrator' build argument 'cmake_target' from command line to 'None'
[0.456s] Level 5:colcon.colcon_core.verb:set package 'multi_lidar_calibrator' build argument 'cmake_target_skip_unavailable' from command line to 'False'
[0.456s] Level 5:colcon.colcon_core.verb:set package 'multi_lidar_calibrator' build argument 'cmake_clean_cache' from command line to 'False'
[0.456s] Level 5:colcon.colcon_core.verb:set package 'multi_lidar_calibrator' build argument 'cmake_clean_first' from command line to 'False'
[0.456s] Level 5:colcon.colcon_core.verb:set package 'multi_lidar_calibrator' build argument 'cmake_force_configure' from command line to 'False'
[0.456s] Level 5:colcon.colcon_core.verb:set package 'multi_lidar_calibrator' build argument 'ament_cmake_args' from command line to 'None'
[0.456s] Level 5:colcon.colcon_core.verb:set package 'multi_lidar_calibrator' build argument 'catkin_cmake_args' from command line to 'None'
[0.456s] Level 5:colcon.colcon_core.verb:set package 'multi_lidar_calibrator' build argument 'catkin_skip_building_tests' from command line to 'False'
[0.456s] DEBUG:colcon.colcon_core.verb:Building package 'multi_lidar_calibrator' with the following arguments: {'ament_cmake_args': None, 'build_base': '/home/ykxn/Desktop/test/build/multi_lidar_calibrator', 'catkin_cmake_args': None, 'catkin_skip_building_tests': False, 'cmake_args': None, 'cmake_clean_cache': False, 'cmake_clean_first': False, 'cmake_force_configure': False, 'cmake_target': None, 'cmake_target_skip_unavailable': False, 'install_base': '/home/ykxn/Desktop/test/install/multi_lidar_calibrator', 'merge_install': False, 'path': '/home/ykxn/Desktop/test/multi_lidar_calibrator', 'symlink_install': False, 'test_result_base': None}
[0.457s] INFO:colcon.colcon_core.executor:Executing jobs using 'parallel' executor
[0.461s] DEBUG:colcon.colcon_parallel_executor.executor.parallel:run_until_complete
[0.462s] INFO:colcon.colcon_ros.task.catkin.build:Building ROS package in '/home/ykxn/Desktop/test/multi_lidar_calibrator' with build type 'catkin'
[0.463s] INFO:colcon.colcon_cmake.task.cmake.build:Building CMake package in '/home/ykxn/Desktop/test/multi_lidar_calibrator'
[0.467s] INFO:colcon.colcon_core.plugin_system:Skipping extension 'colcon_core.shell.bat': Not used on non-Windows systems
[0.467s] INFO:colcon.colcon_core.shell:Skip shell extension 'powershell' for command environment: Not usable outside of PowerShell
[0.467s] DEBUG:colcon.colcon_core.shell:Skip shell extension 'dsv' for command environment
[0.513s] DEBUG:colcon.colcon_core.event_handler.log_command:Invoking command in '/home/ykxn/Desktop/test/build/multi_lidar_calibrator': /usr/bin/cmake --build /home/ykxn/Desktop/test/build/multi_lidar_calibrator -- -j16 -l16
[59.232s] DEBUG:colcon.colcon_core.event_handler.log_command:Invoked command in '/home/ykxn/Desktop/test/build/multi_lidar_calibrator' returned '0': /usr/bin/cmake --build /home/ykxn/Desktop/test/build/multi_lidar_calibrator -- -j16 -l16
[59.407s] DEBUG:colcon.colcon_core.event_handler.log_command:Invoking command in '/home/ykxn/Desktop/test/build/multi_lidar_calibrator': /usr/bin/cmake --build /home/ykxn/Desktop/test/build/multi_lidar_calibrator --target tests -- -j16 -l16
[59.537s] DEBUG:colcon.colcon_core.event_handler.log_command:Invoked command in '/home/ykxn/Desktop/test/build/multi_lidar_calibrator' returned '0': /usr/bin/cmake --build /home/ykxn/Desktop/test/build/multi_lidar_calibrator --target tests -- -j16 -l16
[59.696s] DEBUG:colcon.colcon_core.event_handler.log_command:Invoking command in '/home/ykxn/Desktop/test/build/multi_lidar_calibrator': /usr/bin/cmake --build /home/ykxn/Desktop/test/build/multi_lidar_calibrator --target install -- -j16 -l16
[59.995s] DEBUG:colcon.colcon_core.event_handler.log_command:Invoked command in '/home/ykxn/Desktop/test/build/multi_lidar_calibrator' returned '0': /usr/bin/cmake --build /home/ykxn/Desktop/test/build/multi_lidar_calibrator --target install -- -j16 -l16
[60.157s] Level 1:colcon.colcon_core.shell:create_environment_hook('multi_lidar_calibrator', 'ros_package_path')
[60.158s] INFO:colcon.colcon_core.shell:Creating environment hook '/home/ykxn/Desktop/test/install/multi_lidar_calibrator/share/multi_lidar_calibrator/hook/ros_package_path.ps1'
[60.160s] INFO:colcon.colcon_core.shell:Creating environment descriptor '/home/ykxn/Desktop/test/install/multi_lidar_calibrator/share/multi_lidar_calibrator/hook/ros_package_path.dsv'
[60.161s] INFO:colcon.colcon_core.shell:Creating environment hook '/home/ykxn/Desktop/test/install/multi_lidar_calibrator/share/multi_lidar_calibrator/hook/ros_package_path.sh'
[60.163s] Level 1:colcon.colcon_ros.task.catkin:checking '/home/ykxn/Desktop/test/install/multi_lidar_calibrator/lib/python2.7/dist-packages'
[60.164s] Level 1:colcon.colcon_core.shell:create_environment_hook('multi_lidar_calibrator', 'pkg_config_path')
[60.165s] INFO:colcon.colcon_core.shell:Creating environment hook '/home/ykxn/Desktop/test/install/multi_lidar_calibrator/share/multi_lidar_calibrator/hook/pkg_config_path.ps1'
[60.166s] INFO:colcon.colcon_core.shell:Creating environment descriptor '/home/ykxn/Desktop/test/install/multi_lidar_calibrator/share/multi_lidar_calibrator/hook/pkg_config_path.dsv'
[60.167s] INFO:colcon.colcon_core.shell:Creating environment hook '/home/ykxn/Desktop/test/install/multi_lidar_calibrator/share/multi_lidar_calibrator/hook/pkg_config_path.sh'
[60.173s] Level 1:colcon.colcon_core.shell:create_environment_hook('multi_lidar_calibrator', 'pkg_config_path_multiarch')
[60.175s] INFO:colcon.colcon_core.shell:Creating environment hook '/home/ykxn/Desktop/test/install/multi_lidar_calibrator/share/multi_lidar_calibrator/hook/pkg_config_path_multiarch.ps1'
[60.176s] INFO:colcon.colcon_core.shell:Creating environment descriptor '/home/ykxn/Desktop/test/install/multi_lidar_calibrator/share/multi_lidar_calibrator/hook/pkg_config_path_multiarch.dsv'
[60.176s] INFO:colcon.colcon_core.shell:Creating environment hook '/home/ykxn/Desktop/test/install/multi_lidar_calibrator/share/multi_lidar_calibrator/hook/pkg_config_path_multiarch.sh'
[60.179s] Level 1:colcon.colcon_core.environment:create_environment_scripts_only(multi_lidar_calibrator)
[60.186s] Level 1:colcon.colcon_core.environment:checking '/home/ykxn/Desktop/test/install/multi_lidar_calibrator' for CMake module files
[60.187s] Level 1:colcon.colcon_core.environment:checking '/home/ykxn/Desktop/test/install/multi_lidar_calibrator' for CMake config files
[60.187s] Level 1:colcon.colcon_core.shell:create_environment_hook('multi_lidar_calibrator', 'cmake_prefix_path')
[60.188s] INFO:colcon.colcon_core.shell:Creating environment hook '/home/ykxn/Desktop/test/install/multi_lidar_calibrator/share/multi_lidar_calibrator/hook/cmake_prefix_path.ps1'
[60.189s] INFO:colcon.colcon_core.shell:Creating environment descriptor '/home/ykxn/Desktop/test/install/multi_lidar_calibrator/share/multi_lidar_calibrator/hook/cmake_prefix_path.dsv'
[60.189s] INFO:colcon.colcon_core.shell:Creating environment hook '/home/ykxn/Desktop/test/install/multi_lidar_calibrator/share/multi_lidar_calibrator/hook/cmake_prefix_path.sh'
[60.191s] Level 1:colcon.colcon_core.environment:checking '/home/ykxn/Desktop/test/install/multi_lidar_calibrator/lib'
[60.191s] Level 1:colcon.colcon_core.shell:create_environment_hook('multi_lidar_calibrator', 'ld_library_path_lib')
[60.192s] INFO:colcon.colcon_core.shell:Creating environment hook '/home/ykxn/Desktop/test/install/multi_lidar_calibrator/share/multi_lidar_calibrator/hook/ld_library_path_lib.ps1'
[60.193s] INFO:colcon.colcon_core.shell:Creating environment descriptor '/home/ykxn/Desktop/test/install/multi_lidar_calibrator/share/multi_lidar_calibrator/hook/ld_library_path_lib.dsv'
[60.193s] INFO:colcon.colcon_core.shell:Creating environment hook '/home/ykxn/Desktop/test/install/multi_lidar_calibrator/share/multi_lidar_calibrator/hook/ld_library_path_lib.sh'
[60.194s] Level 1:colcon.colcon_core.environment:checking '/home/ykxn/Desktop/test/install/multi_lidar_calibrator/bin'
[60.194s] Level 1:colcon.colcon_core.environment:checking '/home/ykxn/Desktop/test/install/multi_lidar_calibrator/lib/pkgconfig/multi_lidar_calibrator.pc'
[60.194s] Level 1:colcon.colcon_core.shell:create_environment_hook('multi_lidar_calibrator', 'pkg_config')
[60.195s] INFO:colcon.colcon_core.shell:Creating environment hook '/home/ykxn/Desktop/test/install/multi_lidar_calibrator/share/multi_lidar_calibrator/hook/pkg_config.ps1'
[60.196s] INFO:colcon.colcon_core.shell:Creating environment descriptor '/home/ykxn/Desktop/test/install/multi_lidar_calibrator/share/multi_lidar_calibrator/hook/pkg_config.dsv'
[60.197s] INFO:colcon.colcon_core.shell:Creating environment hook '/home/ykxn/Desktop/test/install/multi_lidar_calibrator/share/multi_lidar_calibrator/hook/pkg_config.sh'
[60.198s] Level 1:colcon.colcon_core.environment:checking '/home/ykxn/Desktop/test/install/multi_lidar_calibrator/lib/python3.6/site-packages'
[60.198s] Level 1:colcon.colcon_core.environment:checking '/home/ykxn/Desktop/test/install/multi_lidar_calibrator/bin'
[60.199s] INFO:colcon.colcon_core.shell:Creating package script '/home/ykxn/Desktop/test/install/multi_lidar_calibrator/share/multi_lidar_calibrator/package.ps1'
[60.201s] INFO:colcon.colcon_core.shell:Creating package descriptor '/home/ykxn/Desktop/test/install/multi_lidar_calibrator/share/multi_lidar_calibrator/package.dsv'
[60.202s] INFO:colcon.colcon_core.shell:Creating package script '/home/ykxn/Desktop/test/install/multi_lidar_calibrator/share/multi_lidar_calibrator/package.sh'
[60.203s] INFO:colcon.colcon_core.shell:Creating package script '/home/ykxn/Desktop/test/install/multi_lidar_calibrator/share/multi_lidar_calibrator/package.bash'
[60.204s] INFO:colcon.colcon_core.shell:Creating package script '/home/ykxn/Desktop/test/install/multi_lidar_calibrator/share/multi_lidar_calibrator/package.zsh'
[60.205s] Level 1:colcon.colcon_core.environment:create_file_with_runtime_dependencies(/home/ykxn/Desktop/test/install/multi_lidar_calibrator/share/colcon-core/packages/multi_lidar_calibrator)
[60.206s] DEBUG:colcon.colcon_parallel_executor.executor.parallel:closing loop
[60.207s] DEBUG:colcon.colcon_parallel_executor.executor.parallel:loop closed
[60.207s] DEBUG:colcon.colcon_parallel_executor.executor.parallel:run_until_complete finished with '0'
[60.207s] DEBUG:colcon.colcon_core.event_reactor:joining thread
[60.219s] INFO:colcon.colcon_core.plugin_system:Skipping extension 'colcon_notification.desktop_notification.terminal_notifier': Not used on non-Darwin systems
[60.220s] INFO:colcon.colcon_core.plugin_system:Skipping extension 'colcon_notification.desktop_notification.win32': Not used on non-Windows systems
[60.220s] INFO:colcon.colcon_notification.desktop_notification:Sending desktop notification using 'notify2'
[60.229s] DEBUG:colcon.colcon_core.event_reactor:joined thread
[60.230s] INFO:colcon.colcon_core.shell:Creating prefix script '/home/ykxn/Desktop/test/install/local_setup.ps1'
[60.231s] INFO:colcon.colcon_core.shell:Creating prefix util module '/home/ykxn/Desktop/test/install/_local_setup_util_ps1.py'
[60.234s] INFO:colcon.colcon_core.shell:Creating prefix chain script '/home/ykxn/Desktop/test/install/setup.ps1'
[60.236s] INFO:colcon.colcon_core.shell:Creating prefix script '/home/ykxn/Desktop/test/install/local_setup.sh'
[60.236s] INFO:colcon.colcon_core.shell:Creating prefix util module '/home/ykxn/Desktop/test/install/_local_setup_util_sh.py'
[60.237s] INFO:colcon.colcon_core.shell:Creating prefix chain script '/home/ykxn/Desktop/test/install/setup.sh'
[60.238s] INFO:colcon.colcon_core.shell:Creating prefix script '/home/ykxn/Desktop/test/install/local_setup.bash'
[60.239s] INFO:colcon.colcon_core.shell:Creating prefix chain script '/home/ykxn/Desktop/test/install/setup.bash'
[60.242s] INFO:colcon.colcon_core.shell:Creating prefix script '/home/ykxn/Desktop/test/install/local_setup.zsh'
[60.243s] INFO:colcon.colcon_core.shell:Creating prefix chain script '/home/ykxn/Desktop/test/install/setup.zsh'
