[0.338s] DEBUG:colcon:Command line arguments: ['/usr/bin/colcon', 'build']
[0.338s] DEBUG:colcon:Parsed command line arguments: Namespace(allow_overriding=[], ament_cmake_args=None, base_paths=['.'], build_base='build', catkin_cmake_args=None, catkin_skip_building_tests=False, cmake_args=None, cmake_clean_cache=False, cmake_clean_first=False, cmake_force_configure=False, cmake_target=None, cmake_target_skip_unavailable=False, continue_on_error=False, event_handlers=None, executor='parallel', ignore_user_meta=False, install_base='install', log_base=None, log_level=None, main=<bound method BuildVerb.main of <colcon_core.verb.build.BuildVerb object at 0x7fdffe899c18>>, merge_install=False, metas=['./colcon.meta'], packages_above=None, packages_above_and_dependencies=None, packages_above_depth=None, packages_end=None, packages_ignore=None, packages_ignore_regex=None, packages_select=None, packages_select_build_failed=False, packages_select_by_dep=None, packages_select_regex=None, packages_select_test_failures=False, packages_skip=None, packages_skip_build_finished=False, packages_skip_by_dep=None, packages_skip_regex=None, packages_skip_test_passed=False, packages_skip_up_to=None, packages_start=None, packages_up_to=None, packages_up_to_regex=None, parallel_workers=16, paths=None, symlink_install=False, test_result_base=None, verb_extension=<colcon_core.verb.build.BuildVerb object at 0x7fdffe899c18>, verb_name='build', verb_parser=<colcon_defaults.argument_parser.defaults.DefaultArgumentsDecorator object at 0x7fdffe899fd0>)
[0.361s] Level 1:colcon.colcon_core.package_discovery:discover_packages(colcon_meta) check parameters
[0.361s] Level 1:colcon.colcon_core.package_discovery:discover_packages(recursive) check parameters
[0.361s] Level 1:colcon.colcon_core.package_discovery:discover_packages(ignore) check parameters
[0.361s] Level 1:colcon.colcon_core.package_discovery:discover_packages(path) check parameters
[0.361s] Level 1:colcon.colcon_core.package_discovery:discover_packages(colcon_meta) discover
[0.362s] Level 1:colcon.colcon_core.package_discovery:discover_packages(recursive) discover
[0.362s] INFO:colcon.colcon_core.package_discovery:Crawling recursively for packages in '/home/ykxn/Desktop/test'
[0.362s] Level 1:colcon.colcon_core.package_identification:_identify(.) by extensions ['ignore', 'ignore_ament_install']
[0.362s] Level 1:colcon.colcon_core.package_identification:_identify(.) by extension 'ignore'
[0.362s] Level 1:colcon.colcon_core.package_identification:_identify(.) by extension 'ignore_ament_install'
[0.362s] Level 1:colcon.colcon_core.package_identification:_identify(.) by extensions ['colcon_pkg']
[0.362s] Level 1:colcon.colcon_core.package_identification:_identify(.) by extension 'colcon_pkg'
[0.362s] Level 1:colcon.colcon_core.package_identification:_identify(.) by extensions ['colcon_meta']
[0.363s] Level 1:colcon.colcon_core.package_identification:_identify(.) by extension 'colcon_meta'
[0.363s] Level 1:colcon.colcon_core.package_identification:_identify(.) by extensions ['ros']
[0.363s] Level 1:colcon.colcon_core.package_identification:_identify(.) by extension 'ros'
[0.381s] Level 1:colcon.colcon_core.package_identification:_identify(.) by extensions ['cmake', 'python']
[0.381s] Level 1:colcon.colcon_core.package_identification:_identify(.) by extension 'cmake'
[0.381s] Level 1:colcon.colcon_core.package_identification:_identify(.) by extension 'python'
[0.381s] Level 1:colcon.colcon_core.package_identification:_identify(.) by extensions ['python_setup_py']
[0.381s] Level 1:colcon.colcon_core.package_identification:_identify(.) by extension 'python_setup_py'
[0.382s] Level 1:colcon.colcon_core.package_identification:_identify(build) by extensions ['ignore', 'ignore_ament_install']
[0.382s] Level 1:colcon.colcon_core.package_identification:_identify(build) by extension 'ignore'
[0.382s] Level 1:colcon.colcon_core.package_identification:_identify(build) ignored
[0.382s] Level 1:colcon.colcon_core.package_identification:_identify(install) by extensions ['ignore', 'ignore_ament_install']
[0.382s] Level 1:colcon.colcon_core.package_identification:_identify(install) by extension 'ignore'
[0.383s] Level 1:colcon.colcon_core.package_identification:_identify(install) ignored
[0.383s] Level 1:colcon.colcon_core.package_identification:_identify(log) by extensions ['ignore', 'ignore_ament_install']
[0.383s] Level 1:colcon.colcon_core.package_identification:_identify(log) by extension 'ignore'
[0.383s] Level 1:colcon.colcon_core.package_identification:_identify(log) ignored
[0.383s] Level 1:colcon.colcon_core.package_identification:_identify(multi_lidar_calibrator) by extensions ['ignore', 'ignore_ament_install']
[0.383s] Level 1:colcon.colcon_core.package_identification:_identify(multi_lidar_calibrator) by extension 'ignore'
[0.383s] Level 1:colcon.colcon_core.package_identification:_identify(multi_lidar_calibrator) by extension 'ignore_ament_install'
[0.383s] Level 1:colcon.colcon_core.package_identification:_identify(multi_lidar_calibrator) by extensions ['colcon_pkg']
[0.383s] Level 1:colcon.colcon_core.package_identification:_identify(multi_lidar_calibrator) by extension 'colcon_pkg'
[0.383s] Level 1:colcon.colcon_core.package_identification:_identify(multi_lidar_calibrator) by extensions ['colcon_meta']
[0.383s] Level 1:colcon.colcon_core.package_identification:_identify(multi_lidar_calibrator) by extension 'colcon_meta'
[0.384s] Level 1:colcon.colcon_core.package_identification:_identify(multi_lidar_calibrator) by extensions ['ros']
[0.384s] Level 1:colcon.colcon_core.package_identification:_identify(multi_lidar_calibrator) by extension 'ros'
[0.388s] DEBUG:colcon.colcon_core.package_identification:Package 'multi_lidar_calibrator' with type 'ros.catkin' and name 'multi_lidar_calibrator'
[0.389s] Level 1:colcon.colcon_core.package_discovery:discover_packages(recursive) using defaults
[0.389s] Level 1:colcon.colcon_core.package_discovery:discover_packages(ignore) discover
[0.389s] Level 1:colcon.colcon_core.package_discovery:discover_packages(ignore) using defaults
[0.389s] Level 1:colcon.colcon_core.package_discovery:discover_packages(path) discover
[0.389s] Level 1:colcon.colcon_core.package_discovery:discover_packages(path) using defaults
[0.412s] Level 1:colcon.colcon_core.package_discovery:discover_packages(prefix_path) check parameters
[0.413s] Level 1:colcon.colcon_core.package_discovery:discover_packages(prefix_path) discover
[0.415s] DEBUG:colcon.colcon_installed_package_information.package_discovery:Found 1 installed packages in /home/ykxn/Desktop/test/install
[0.416s] DEBUG:colcon.colcon_installed_package_information.package_discovery:Found 1 installed packages in /opt/ros/melodic
[0.416s] Level 1:colcon.colcon_core.package_discovery:discover_packages(prefix_path) using defaults
[0.419s] Level 5:colcon.colcon_core.verb:set package 'multi_lidar_calibrator' build argument 'cmake_args' from command line to 'None'
[0.419s] Level 5:colcon.colcon_core.verb:set package 'multi_lidar_calibrator' build argument 'cmake_target' from command line to 'None'
[0.420s] Level 5:colcon.colcon_core.verb:set package 'multi_lidar_calibrator' build argument 'cmake_target_skip_unavailable' from command line to 'False'
[0.420s] Level 5:colcon.colcon_core.verb:set package 'multi_lidar_calibrator' build argument 'cmake_clean_cache' from command line to 'False'
[0.420s] Level 5:colcon.colcon_core.verb:set package 'multi_lidar_calibrator' build argument 'cmake_clean_first' from command line to 'False'
[0.420s] Level 5:colcon.colcon_core.verb:set package 'multi_lidar_calibrator' build argument 'cmake_force_configure' from command line to 'False'
[0.420s] Level 5:colcon.colcon_core.verb:set package 'multi_lidar_calibrator' build argument 'ament_cmake_args' from command line to 'None'
[0.420s] Level 5:colcon.colcon_core.verb:set package 'multi_lidar_calibrator' build argument 'catkin_cmake_args' from command line to 'None'
[0.420s] Level 5:colcon.colcon_core.verb:set package 'multi_lidar_calibrator' build argument 'catkin_skip_building_tests' from command line to 'False'
[0.420s] DEBUG:colcon.colcon_core.verb:Building package 'multi_lidar_calibrator' with the following arguments: {'ament_cmake_args': None, 'build_base': '/home/ykxn/Desktop/test/build/multi_lidar_calibrator', 'catkin_cmake_args': None, 'catkin_skip_building_tests': False, 'cmake_args': None, 'cmake_clean_cache': False, 'cmake_clean_first': False, 'cmake_force_configure': False, 'cmake_target': None, 'cmake_target_skip_unavailable': False, 'install_base': '/home/ykxn/Desktop/test/install/multi_lidar_calibrator', 'merge_install': False, 'path': '/home/ykxn/Desktop/test/multi_lidar_calibrator', 'symlink_install': False, 'test_result_base': None}
[0.420s] INFO:colcon.colcon_core.executor:Executing jobs using 'parallel' executor
[0.422s] DEBUG:colcon.colcon_parallel_executor.executor.parallel:run_until_complete
[0.422s] INFO:colcon.colcon_ros.task.catkin.build:Building ROS package in '/home/ykxn/Desktop/test/multi_lidar_calibrator' with build type 'catkin'
[0.423s] INFO:colcon.colcon_cmake.task.cmake.build:Building CMake package in '/home/ykxn/Desktop/test/multi_lidar_calibrator'
[0.425s] INFO:colcon.colcon_core.plugin_system:Skipping extension 'colcon_core.shell.bat': Not used on non-Windows systems
[0.426s] INFO:colcon.colcon_core.shell:Skip shell extension 'powershell' for command environment: Not usable outside of PowerShell
[0.426s] DEBUG:colcon.colcon_core.shell:Skip shell extension 'dsv' for command environment
[0.465s] DEBUG:colcon.colcon_core.event_handler.log_command:Invoking command in '/home/ykxn/Desktop/test/build/multi_lidar_calibrator': /usr/bin/cmake --build /home/ykxn/Desktop/test/build/multi_lidar_calibrator -- -j16 -l16
[0.671s] DEBUG:colcon.colcon_core.event_handler.log_command:Invoked command in '/home/ykxn/Desktop/test/build/multi_lidar_calibrator' returned '0': /usr/bin/cmake --build /home/ykxn/Desktop/test/build/multi_lidar_calibrator -- -j16 -l16
[0.842s] DEBUG:colcon.colcon_core.event_handler.log_command:Invoking command in '/home/ykxn/Desktop/test/build/multi_lidar_calibrator': /usr/bin/cmake --build /home/ykxn/Desktop/test/build/multi_lidar_calibrator --target tests -- -j16 -l16
[0.989s] DEBUG:colcon.colcon_core.event_handler.log_command:Invoked command in '/home/ykxn/Desktop/test/build/multi_lidar_calibrator' returned '0': /usr/bin/cmake --build /home/ykxn/Desktop/test/build/multi_lidar_calibrator --target tests -- -j16 -l16
[1.203s] DEBUG:colcon.colcon_core.event_handler.log_command:Invoking command in '/home/ykxn/Desktop/test/build/multi_lidar_calibrator': /usr/bin/cmake --build /home/ykxn/Desktop/test/build/multi_lidar_calibrator --target install -- -j16 -l16
[1.461s] DEBUG:colcon.colcon_core.event_handler.log_command:Invoked command in '/home/ykxn/Desktop/test/build/multi_lidar_calibrator' returned '0': /usr/bin/cmake --build /home/ykxn/Desktop/test/build/multi_lidar_calibrator --target install -- -j16 -l16
[1.622s] Level 1:colcon.colcon_core.shell:create_environment_hook('multi_lidar_calibrator', 'ros_package_path')
[1.624s] INFO:colcon.colcon_core.shell:Creating environment hook '/home/ykxn/Desktop/test/install/multi_lidar_calibrator/share/multi_lidar_calibrator/hook/ros_package_path.ps1'
[1.625s] INFO:colcon.colcon_core.shell:Creating environment descriptor '/home/ykxn/Desktop/test/install/multi_lidar_calibrator/share/multi_lidar_calibrator/hook/ros_package_path.dsv'
[1.627s] INFO:colcon.colcon_core.shell:Creating environment hook '/home/ykxn/Desktop/test/install/multi_lidar_calibrator/share/multi_lidar_calibrator/hook/ros_package_path.sh'
[1.628s] Level 1:colcon.colcon_ros.task.catkin:checking '/home/ykxn/Desktop/test/install/multi_lidar_calibrator/lib/python2.7/dist-packages'
[1.628s] Level 1:colcon.colcon_core.shell:create_environment_hook('multi_lidar_calibrator', 'pkg_config_path')
[1.629s] INFO:colcon.colcon_core.shell:Creating environment hook '/home/ykxn/Desktop/test/install/multi_lidar_calibrator/share/multi_lidar_calibrator/hook/pkg_config_path.ps1'
[1.630s] INFO:colcon.colcon_core.shell:Creating environment descriptor '/home/ykxn/Desktop/test/install/multi_lidar_calibrator/share/multi_lidar_calibrator/hook/pkg_config_path.dsv'
[1.630s] INFO:colcon.colcon_core.shell:Creating environment hook '/home/ykxn/Desktop/test/install/multi_lidar_calibrator/share/multi_lidar_calibrator/hook/pkg_config_path.sh'
[1.637s] Level 1:colcon.colcon_core.shell:create_environment_hook('multi_lidar_calibrator', 'pkg_config_path_multiarch')
[1.639s] INFO:colcon.colcon_core.shell:Creating environment hook '/home/ykxn/Desktop/test/install/multi_lidar_calibrator/share/multi_lidar_calibrator/hook/pkg_config_path_multiarch.ps1'
[1.640s] INFO:colcon.colcon_core.shell:Creating environment descriptor '/home/ykxn/Desktop/test/install/multi_lidar_calibrator/share/multi_lidar_calibrator/hook/pkg_config_path_multiarch.dsv'
[1.641s] INFO:colcon.colcon_core.shell:Creating environment hook '/home/ykxn/Desktop/test/install/multi_lidar_calibrator/share/multi_lidar_calibrator/hook/pkg_config_path_multiarch.sh'
[1.647s] Level 1:colcon.colcon_core.environment:create_environment_scripts_only(multi_lidar_calibrator)
[1.651s] Level 1:colcon.colcon_core.environment:checking '/home/ykxn/Desktop/test/install/multi_lidar_calibrator' for CMake module files
[1.652s] Level 1:colcon.colcon_core.environment:checking '/home/ykxn/Desktop/test/install/multi_lidar_calibrator' for CMake config files
[1.653s] Level 1:colcon.colcon_core.shell:create_environment_hook('multi_lidar_calibrator', 'cmake_prefix_path')
[1.654s] INFO:colcon.colcon_core.shell:Creating environment hook '/home/ykxn/Desktop/test/install/multi_lidar_calibrator/share/multi_lidar_calibrator/hook/cmake_prefix_path.ps1'
[1.656s] INFO:colcon.colcon_core.shell:Creating environment descriptor '/home/ykxn/Desktop/test/install/multi_lidar_calibrator/share/multi_lidar_calibrator/hook/cmake_prefix_path.dsv'
[1.657s] INFO:colcon.colcon_core.shell:Creating environment hook '/home/ykxn/Desktop/test/install/multi_lidar_calibrator/share/multi_lidar_calibrator/hook/cmake_prefix_path.sh'
[1.659s] Level 1:colcon.colcon_core.environment:checking '/home/ykxn/Desktop/test/install/multi_lidar_calibrator/lib'
[1.660s] Level 1:colcon.colcon_core.shell:create_environment_hook('multi_lidar_calibrator', 'ld_library_path_lib')
[1.661s] INFO:colcon.colcon_core.shell:Creating environment hook '/home/ykxn/Desktop/test/install/multi_lidar_calibrator/share/multi_lidar_calibrator/hook/ld_library_path_lib.ps1'
[1.662s] INFO:colcon.colcon_core.shell:Creating environment descriptor '/home/ykxn/Desktop/test/install/multi_lidar_calibrator/share/multi_lidar_calibrator/hook/ld_library_path_lib.dsv'
[1.663s] INFO:colcon.colcon_core.shell:Creating environment hook '/home/ykxn/Desktop/test/install/multi_lidar_calibrator/share/multi_lidar_calibrator/hook/ld_library_path_lib.sh'
[1.664s] Level 1:colcon.colcon_core.environment:checking '/home/ykxn/Desktop/test/install/multi_lidar_calibrator/bin'
[1.664s] Level 1:colcon.colcon_core.environment:checking '/home/ykxn/Desktop/test/install/multi_lidar_calibrator/lib/pkgconfig/multi_lidar_calibrator.pc'
[1.664s] Level 1:colcon.colcon_core.shell:create_environment_hook('multi_lidar_calibrator', 'pkg_config')
[1.664s] INFO:colcon.colcon_core.shell:Creating environment hook '/home/ykxn/Desktop/test/install/multi_lidar_calibrator/share/multi_lidar_calibrator/hook/pkg_config.ps1'
[1.665s] INFO:colcon.colcon_core.shell:Creating environment descriptor '/home/ykxn/Desktop/test/install/multi_lidar_calibrator/share/multi_lidar_calibrator/hook/pkg_config.dsv'
[1.666s] INFO:colcon.colcon_core.shell:Creating environment hook '/home/ykxn/Desktop/test/install/multi_lidar_calibrator/share/multi_lidar_calibrator/hook/pkg_config.sh'
[1.667s] Level 1:colcon.colcon_core.environment:checking '/home/ykxn/Desktop/test/install/multi_lidar_calibrator/lib/python3.6/site-packages'
[1.667s] Level 1:colcon.colcon_core.environment:checking '/home/ykxn/Desktop/test/install/multi_lidar_calibrator/bin'
[1.668s] INFO:colcon.colcon_core.shell:Creating package script '/home/ykxn/Desktop/test/install/multi_lidar_calibrator/share/multi_lidar_calibrator/package.ps1'
[1.670s] INFO:colcon.colcon_core.shell:Creating package descriptor '/home/ykxn/Desktop/test/install/multi_lidar_calibrator/share/multi_lidar_calibrator/package.dsv'
[1.671s] INFO:colcon.colcon_core.shell:Creating package script '/home/ykxn/Desktop/test/install/multi_lidar_calibrator/share/multi_lidar_calibrator/package.sh'
[1.673s] INFO:colcon.colcon_core.shell:Creating package script '/home/ykxn/Desktop/test/install/multi_lidar_calibrator/share/multi_lidar_calibrator/package.bash'
[1.675s] INFO:colcon.colcon_core.shell:Creating package script '/home/ykxn/Desktop/test/install/multi_lidar_calibrator/share/multi_lidar_calibrator/package.zsh'
[1.676s] Level 1:colcon.colcon_core.environment:create_file_with_runtime_dependencies(/home/ykxn/Desktop/test/install/multi_lidar_calibrator/share/colcon-core/packages/multi_lidar_calibrator)
[1.678s] DEBUG:colcon.colcon_parallel_executor.executor.parallel:closing loop
[1.679s] DEBUG:colcon.colcon_parallel_executor.executor.parallel:loop closed
[1.679s] DEBUG:colcon.colcon_parallel_executor.executor.parallel:run_until_complete finished with '0'
[1.679s] DEBUG:colcon.colcon_core.event_reactor:joining thread
[1.694s] INFO:colcon.colcon_core.plugin_system:Skipping extension 'colcon_notification.desktop_notification.terminal_notifier': Not used on non-Darwin systems
[1.695s] INFO:colcon.colcon_core.plugin_system:Skipping extension 'colcon_notification.desktop_notification.win32': Not used on non-Windows systems
[1.695s] INFO:colcon.colcon_notification.desktop_notification:Sending desktop notification using 'notify2'
[1.745s] DEBUG:colcon.colcon_core.event_reactor:joined thread
[1.746s] INFO:colcon.colcon_core.shell:Creating prefix script '/home/ykxn/Desktop/test/install/local_setup.ps1'
[1.748s] INFO:colcon.colcon_core.shell:Creating prefix util module '/home/ykxn/Desktop/test/install/_local_setup_util_ps1.py'
[1.752s] INFO:colcon.colcon_core.shell:Creating prefix chain script '/home/ykxn/Desktop/test/install/setup.ps1'
[1.755s] INFO:colcon.colcon_core.shell:Creating prefix script '/home/ykxn/Desktop/test/install/local_setup.sh'
[1.756s] INFO:colcon.colcon_core.shell:Creating prefix util module '/home/ykxn/Desktop/test/install/_local_setup_util_sh.py'
[1.756s] INFO:colcon.colcon_core.shell:Creating prefix chain script '/home/ykxn/Desktop/test/install/setup.sh'
[1.758s] INFO:colcon.colcon_core.shell:Creating prefix script '/home/ykxn/Desktop/test/install/local_setup.bash'
[1.760s] INFO:colcon.colcon_core.shell:Creating prefix chain script '/home/ykxn/Desktop/test/install/setup.bash'
[1.762s] INFO:colcon.colcon_core.shell:Creating prefix script '/home/ykxn/Desktop/test/install/local_setup.zsh'
[1.763s] INFO:colcon.colcon_core.shell:Creating prefix chain script '/home/ykxn/Desktop/test/install/setup.zsh'
