[0.225s] DEBUG:colcon:Command line arguments: ['/usr/bin/colcon', 'build']
[0.225s] DEBUG:colcon:Parsed command line arguments: Namespace(allow_overriding=[], ament_cmake_args=None, base_paths=['.'], build_base='build', catkin_cmake_args=None, catkin_skip_building_tests=False, cmake_args=None, cmake_clean_cache=False, cmake_clean_first=False, cmake_force_configure=False, cmake_target=None, cmake_target_skip_unavailable=False, continue_on_error=False, event_handlers=None, executor='parallel', ignore_user_meta=False, install_base='install', log_base=None, log_level=None, main=<bound method BuildVerb.main of <colcon_core.verb.build.BuildVerb object at 0x7f9a125cdc88>>, merge_install=False, metas=['./colcon.meta'], packages_above=None, packages_above_and_dependencies=None, packages_above_depth=None, packages_end=None, packages_ignore=None, packages_ignore_regex=None, packages_select=None, packages_select_build_failed=False, packages_select_by_dep=None, packages_select_regex=None, packages_select_test_failures=False, packages_skip=None, packages_skip_build_finished=False, packages_skip_by_dep=None, packages_skip_regex=None, packages_skip_test_passed=False, packages_skip_up_to=None, packages_start=None, packages_up_to=None, packages_up_to_regex=None, parallel_workers=16, paths=None, symlink_install=False, test_result_base=None, verb_extension=<colcon_core.verb.build.BuildVerb object at 0x7f9a125cdc88>, verb_name='build', verb_parser=<colcon_defaults.argument_parser.defaults.DefaultArgumentsDecorator object at 0x7f9a125dc048>)
[0.242s] Level 1:colcon.colcon_core.package_discovery:discover_packages(colcon_meta) check parameters
[0.242s] Level 1:colcon.colcon_core.package_discovery:discover_packages(recursive) check parameters
[0.242s] Level 1:colcon.colcon_core.package_discovery:discover_packages(ignore) check parameters
[0.242s] Level 1:colcon.colcon_core.package_discovery:discover_packages(path) check parameters
[0.242s] Level 1:colcon.colcon_core.package_discovery:discover_packages(colcon_meta) discover
[0.242s] Level 1:colcon.colcon_core.package_discovery:discover_packages(recursive) discover
[0.242s] INFO:colcon.colcon_core.package_discovery:Crawling recursively for packages in '/home/ykxn/Desktop/test'
[0.243s] Level 1:colcon.colcon_core.package_identification:_identify(.) by extensions ['ignore', 'ignore_ament_install']
[0.243s] Level 1:colcon.colcon_core.package_identification:_identify(.) by extension 'ignore'
[0.243s] Level 1:colcon.colcon_core.package_identification:_identify(.) by extension 'ignore_ament_install'
[0.243s] Level 1:colcon.colcon_core.package_identification:_identify(.) by extensions ['colcon_pkg']
[0.243s] Level 1:colcon.colcon_core.package_identification:_identify(.) by extension 'colcon_pkg'
[0.243s] Level 1:colcon.colcon_core.package_identification:_identify(.) by extensions ['colcon_meta']
[0.243s] Level 1:colcon.colcon_core.package_identification:_identify(.) by extension 'colcon_meta'
[0.243s] Level 1:colcon.colcon_core.package_identification:_identify(.) by extensions ['ros']
[0.243s] Level 1:colcon.colcon_core.package_identification:_identify(.) by extension 'ros'
[0.254s] Level 1:colcon.colcon_core.package_identification:_identify(.) by extensions ['cmake', 'python']
[0.254s] Level 1:colcon.colcon_core.package_identification:_identify(.) by extension 'cmake'
[0.254s] Level 1:colcon.colcon_core.package_identification:_identify(.) by extension 'python'
[0.254s] Level 1:colcon.colcon_core.package_identification:_identify(.) by extensions ['python_setup_py']
[0.254s] Level 1:colcon.colcon_core.package_identification:_identify(.) by extension 'python_setup_py'
[0.255s] Level 1:colcon.colcon_core.package_identification:_identify(build) by extensions ['ignore', 'ignore_ament_install']
[0.255s] Level 1:colcon.colcon_core.package_identification:_identify(build) by extension 'ignore'
[0.255s] Level 1:colcon.colcon_core.package_identification:_identify(build) ignored
[0.255s] Level 1:colcon.colcon_core.package_identification:_identify(install) by extensions ['ignore', 'ignore_ament_install']
[0.255s] Level 1:colcon.colcon_core.package_identification:_identify(install) by extension 'ignore'
[0.255s] Level 1:colcon.colcon_core.package_identification:_identify(install) ignored
[0.256s] Level 1:colcon.colcon_core.package_identification:_identify(log) by extensions ['ignore', 'ignore_ament_install']
[0.256s] Level 1:colcon.colcon_core.package_identification:_identify(log) by extension 'ignore'
[0.256s] Level 1:colcon.colcon_core.package_identification:_identify(log) ignored
[0.256s] Level 1:colcon.colcon_core.package_identification:_identify(multi_lidar_calibrator) by extensions ['ignore', 'ignore_ament_install']
[0.256s] Level 1:colcon.colcon_core.package_identification:_identify(multi_lidar_calibrator) by extension 'ignore'
[0.256s] Level 1:colcon.colcon_core.package_identification:_identify(multi_lidar_calibrator) by extension 'ignore_ament_install'
[0.256s] Level 1:colcon.colcon_core.package_identification:_identify(multi_lidar_calibrator) by extensions ['colcon_pkg']
[0.256s] Level 1:colcon.colcon_core.package_identification:_identify(multi_lidar_calibrator) by extension 'colcon_pkg'
[0.256s] Level 1:colcon.colcon_core.package_identification:_identify(multi_lidar_calibrator) by extensions ['colcon_meta']
[0.256s] Level 1:colcon.colcon_core.package_identification:_identify(multi_lidar_calibrator) by extension 'colcon_meta'
[0.256s] Level 1:colcon.colcon_core.package_identification:_identify(multi_lidar_calibrator) by extensions ['ros']
[0.256s] Level 1:colcon.colcon_core.package_identification:_identify(multi_lidar_calibrator) by extension 'ros'
[0.259s] DEBUG:colcon.colcon_core.package_identification:Package 'multi_lidar_calibrator' with type 'ros.catkin' and name 'multi_lidar_calibrator'
[0.259s] Level 1:colcon.colcon_core.package_discovery:discover_packages(recursive) using defaults
[0.259s] Level 1:colcon.colcon_core.package_discovery:discover_packages(ignore) discover
[0.259s] Level 1:colcon.colcon_core.package_discovery:discover_packages(ignore) using defaults
[0.259s] Level 1:colcon.colcon_core.package_discovery:discover_packages(path) discover
[0.259s] Level 1:colcon.colcon_core.package_discovery:discover_packages(path) using defaults
[0.273s] Level 1:colcon.colcon_core.package_discovery:discover_packages(prefix_path) check parameters
[0.273s] Level 1:colcon.colcon_core.package_discovery:discover_packages(prefix_path) discover
[0.275s] DEBUG:colcon.colcon_installed_package_information.package_discovery:Found 1 installed packages in /opt/ros/melodic
[0.275s] Level 1:colcon.colcon_core.package_discovery:discover_packages(prefix_path) using defaults
[0.277s] Level 5:colcon.colcon_core.verb:set package 'multi_lidar_calibrator' build argument 'cmake_args' from command line to 'None'
[0.277s] Level 5:colcon.colcon_core.verb:set package 'multi_lidar_calibrator' build argument 'cmake_target' from command line to 'None'
[0.277s] Level 5:colcon.colcon_core.verb:set package 'multi_lidar_calibrator' build argument 'cmake_target_skip_unavailable' from command line to 'False'
[0.277s] Level 5:colcon.colcon_core.verb:set package 'multi_lidar_calibrator' build argument 'cmake_clean_cache' from command line to 'False'
[0.277s] Level 5:colcon.colcon_core.verb:set package 'multi_lidar_calibrator' build argument 'cmake_clean_first' from command line to 'False'
[0.277s] Level 5:colcon.colcon_core.verb:set package 'multi_lidar_calibrator' build argument 'cmake_force_configure' from command line to 'False'
[0.277s] Level 5:colcon.colcon_core.verb:set package 'multi_lidar_calibrator' build argument 'ament_cmake_args' from command line to 'None'
[0.277s] Level 5:colcon.colcon_core.verb:set package 'multi_lidar_calibrator' build argument 'catkin_cmake_args' from command line to 'None'
[0.277s] Level 5:colcon.colcon_core.verb:set package 'multi_lidar_calibrator' build argument 'catkin_skip_building_tests' from command line to 'False'
[0.277s] DEBUG:colcon.colcon_core.verb:Building package 'multi_lidar_calibrator' with the following arguments: {'ament_cmake_args': None, 'build_base': '/home/ykxn/Desktop/test/build/multi_lidar_calibrator', 'catkin_cmake_args': None, 'catkin_skip_building_tests': False, 'cmake_args': None, 'cmake_clean_cache': False, 'cmake_clean_first': False, 'cmake_force_configure': False, 'cmake_target': None, 'cmake_target_skip_unavailable': False, 'install_base': '/home/ykxn/Desktop/test/install/multi_lidar_calibrator', 'merge_install': False, 'path': '/home/ykxn/Desktop/test/multi_lidar_calibrator', 'symlink_install': False, 'test_result_base': None}
[0.278s] INFO:colcon.colcon_core.executor:Executing jobs using 'parallel' executor
[0.280s] DEBUG:colcon.colcon_parallel_executor.executor.parallel:run_until_complete
[0.281s] INFO:colcon.colcon_ros.task.catkin.build:Building ROS package in '/home/ykxn/Desktop/test/multi_lidar_calibrator' with build type 'catkin'
[0.281s] INFO:colcon.colcon_cmake.task.cmake.build:Building CMake package in '/home/ykxn/Desktop/test/multi_lidar_calibrator'
[0.283s] INFO:colcon.colcon_core.plugin_system:Skipping extension 'colcon_core.shell.bat': Not used on non-Windows systems
[0.283s] INFO:colcon.colcon_core.shell:Skip shell extension 'powershell' for command environment: Not usable outside of PowerShell
[0.283s] DEBUG:colcon.colcon_core.shell:Skip shell extension 'dsv' for command environment
[0.321s] DEBUG:colcon.colcon_core.event_handler.log_command:Invoking command in '/home/ykxn/Desktop/test/build/multi_lidar_calibrator': /usr/bin/cmake /home/ykxn/Desktop/test/multi_lidar_calibrator -DCATKIN_INSTALL_INTO_PREFIX_ROOT=0 -DCMAKE_INSTALL_PREFIX=/home/ykxn/Desktop/test/install/multi_lidar_calibrator
[0.357s] DEBUG:colcon.colcon_core.event_handler.log_command:Invoked command in '/home/ykxn/Desktop/test/build/multi_lidar_calibrator' returned '1': /usr/bin/cmake /home/ykxn/Desktop/test/multi_lidar_calibrator -DCATKIN_INSTALL_INTO_PREFIX_ROOT=0 -DCMAKE_INSTALL_PREFIX=/home/ykxn/Desktop/test/install/multi_lidar_calibrator
[0.366s] Level 1:colcon.colcon_core.environment:create_environment_scripts_only(multi_lidar_calibrator)
[0.370s] Level 1:colcon.colcon_core.environment:checking '/home/ykxn/Desktop/test/install/multi_lidar_calibrator' for CMake module files
[0.371s] Level 1:colcon.colcon_core.environment:checking '/home/ykxn/Desktop/test/install/multi_lidar_calibrator' for CMake config files
[0.373s] Level 1:colcon.colcon_core.environment:checking '/home/ykxn/Desktop/test/install/multi_lidar_calibrator/bin'
[0.373s] Level 1:colcon.colcon_core.environment:checking '/home/ykxn/Desktop/test/install/multi_lidar_calibrator/lib/pkgconfig/multi_lidar_calibrator.pc'
[0.373s] Level 1:colcon.colcon_core.environment:checking '/home/ykxn/Desktop/test/install/multi_lidar_calibrator/lib/python3.6/site-packages'
[0.373s] Level 1:colcon.colcon_core.environment:checking '/home/ykxn/Desktop/test/install/multi_lidar_calibrator/bin'
[0.374s] INFO:colcon.colcon_core.shell:Creating package script '/home/ykxn/Desktop/test/install/multi_lidar_calibrator/share/multi_lidar_calibrator/package.ps1'
[0.376s] INFO:colcon.colcon_core.shell:Creating package descriptor '/home/ykxn/Desktop/test/install/multi_lidar_calibrator/share/multi_lidar_calibrator/package.dsv'
[0.377s] INFO:colcon.colcon_core.shell:Creating package script '/home/ykxn/Desktop/test/install/multi_lidar_calibrator/share/multi_lidar_calibrator/package.sh'
[0.378s] INFO:colcon.colcon_core.shell:Creating package script '/home/ykxn/Desktop/test/install/multi_lidar_calibrator/share/multi_lidar_calibrator/package.bash'
[0.380s] INFO:colcon.colcon_core.shell:Creating package script '/home/ykxn/Desktop/test/install/multi_lidar_calibrator/share/multi_lidar_calibrator/package.zsh'
[0.381s] Level 1:colcon.colcon_core.environment:create_file_with_runtime_dependencies(/home/ykxn/Desktop/test/install/multi_lidar_calibrator/share/colcon-core/packages/multi_lidar_calibrator)
[0.392s] DEBUG:colcon.colcon_parallel_executor.executor.parallel:closing loop
[0.393s] DEBUG:colcon.colcon_parallel_executor.executor.parallel:loop closed
[0.393s] DEBUG:colcon.colcon_parallel_executor.executor.parallel:run_until_complete finished with '1'
[0.393s] DEBUG:colcon.colcon_core.event_reactor:joining thread
[0.402s] INFO:colcon.colcon_core.plugin_system:Skipping extension 'colcon_notification.desktop_notification.terminal_notifier': Not used on non-Darwin systems
[0.402s] INFO:colcon.colcon_core.plugin_system:Skipping extension 'colcon_notification.desktop_notification.win32': Not used on non-Windows systems
[0.402s] INFO:colcon.colcon_notification.desktop_notification:Sending desktop notification using 'notify2'
[0.407s] DEBUG:colcon.colcon_core.event_reactor:joined thread
[0.408s] INFO:colcon.colcon_core.shell:Creating prefix script '/home/ykxn/Desktop/test/install/local_setup.ps1'
[0.411s] INFO:colcon.colcon_core.shell:Creating prefix util module '/home/ykxn/Desktop/test/install/_local_setup_util_ps1.py'
[0.414s] INFO:colcon.colcon_core.shell:Creating prefix chain script '/home/ykxn/Desktop/test/install/setup.ps1'
[0.417s] INFO:colcon.colcon_core.shell:Creating prefix script '/home/ykxn/Desktop/test/install/local_setup.sh'
[0.419s] INFO:colcon.colcon_core.shell:Creating prefix util module '/home/ykxn/Desktop/test/install/_local_setup_util_sh.py'
[0.420s] INFO:colcon.colcon_core.shell:Creating prefix chain script '/home/ykxn/Desktop/test/install/setup.sh'
[0.422s] INFO:colcon.colcon_core.shell:Creating prefix script '/home/ykxn/Desktop/test/install/local_setup.bash'
[0.422s] INFO:colcon.colcon_core.shell:Creating prefix chain script '/home/ykxn/Desktop/test/install/setup.bash'
[0.423s] INFO:colcon.colcon_core.shell:Creating prefix script '/home/ykxn/Desktop/test/install/local_setup.zsh'
[0.424s] INFO:colcon.colcon_core.shell:Creating prefix chain script '/home/ykxn/Desktop/test/install/setup.zsh'
