[0.048s] Invoking command in '/home/ykxn/Desktop/test/build/multi_lidar_calibrator': /usr/bin/cmake --build /home/ykxn/Desktop/test/build/multi_lidar_calibrator -- -j16 -l16
[0.163s] [35m[1mScanning dependencies of target multi_lidar_calibrator_lib[0m
[0.197s] [ 33%] Built target merge_all
[0.197s] [ 50%] Built target calibrate2
[0.197s] [ 33%] Built target xuanzhuan_y
[0.235s] [ 58%] [32mBuilding CXX object CMakeFiles/multi_lidar_calibrator_lib.dir/src/multi_lidar_calibrator.cpp.o[0m
[0.261s] [ 75%] Built target calibrate
[51.861s] [ 83%] [32m[1mLinking CXX shared library devel/lib/libmulti_lidar_calibrator_lib.so[0m
[57.345s] [ 83%] Built target multi_lidar_calibrator_lib
[57.417s] [ 91%] [32m[1mLinking CXX executable devel/lib/multi_lidar_calibrator/multi_lidar_calibrator[0m
[58.747s] [100%] Built target multi_lidar_calibrator
[58.764s] Invoked command in '/home/ykxn/Desktop/test/build/multi_lidar_calibrator' returned '0': /usr/bin/cmake --build /home/ykxn/Desktop/test/build/multi_lidar_calibrator -- -j16 -l16
[58.943s] Invoking command in '/home/ykxn/Desktop/test/build/multi_lidar_calibrator': /usr/bin/cmake --build /home/ykxn/Desktop/test/build/multi_lidar_calibrator --target tests -- -j16 -l16
[59.049s] Built target tests
[59.073s] Invoked command in '/home/ykxn/Desktop/test/build/multi_lidar_calibrator' returned '0': /usr/bin/cmake --build /home/ykxn/Desktop/test/build/multi_lidar_calibrator --target tests -- -j16 -l16
[59.232s] Invoking command in '/home/ykxn/Desktop/test/build/multi_lidar_calibrator': /usr/bin/cmake --build /home/ykxn/Desktop/test/build/multi_lidar_calibrator --target install -- -j16 -l16
[59.346s] [ 16%] Built target calibrate
[59.349s] [ 33%] Built target calibrate2
[59.351s] [ 50%] Built target xuanzhuan_y
[59.351s] [ 66%] Built target merge_all
[59.359s] [ 83%] Built target multi_lidar_calibrator_lib
[59.425s] [100%] Built target multi_lidar_calibrator
[59.463s] [36mInstall the project...[0m
[59.476s] -- Install configuration: ""
[59.477s] -- Up-to-date: /home/ykxn/Desktop/test/install/multi_lidar_calibrator/lib/pkgconfig/multi_lidar_calibrator.pc
[59.477s] -- Up-to-date: /home/ykxn/Desktop/test/install/multi_lidar_calibrator/share/multi_lidar_calibrator/cmake/multi_lidar_calibratorConfig.cmake
[59.477s] -- Up-to-date: /home/ykxn/Desktop/test/install/multi_lidar_calibrator/share/multi_lidar_calibrator/cmake/multi_lidar_calibratorConfig-version.cmake
[59.477s] -- Up-to-date: /home/ykxn/Desktop/test/install/multi_lidar_calibrator/share/multi_lidar_calibrator/package.xml
[59.478s] -- Up-to-date: /home/ykxn/Desktop/test/install/multi_lidar_calibrator/lib/multi_lidar_calibrator/calibrate
[59.478s] -- Up-to-date: /home/ykxn/Desktop/test/install/multi_lidar_calibrator/lib/multi_lidar_calibrator/calibrate2
[59.478s] -- Up-to-date: /home/ykxn/Desktop/test/install/multi_lidar_calibrator/lib/multi_lidar_calibrator/merge_all
[59.478s] -- Up-to-date: /home/ykxn/Desktop/test/install/multi_lidar_calibrator/lib/multi_lidar_calibrator/xuanzhuan_y
[59.478s] -- Installing: /home/ykxn/Desktop/test/install/multi_lidar_calibrator/lib/multi_lidar_calibrator/multi_lidar_calibrator
[59.489s] -- Set runtime path of "/home/ykxn/Desktop/test/install/multi_lidar_calibrator/lib/multi_lidar_calibrator/multi_lidar_calibrator" to ""
[59.489s] -- Installing: /home/ykxn/Desktop/test/install/multi_lidar_calibrator/lib/libmulti_lidar_calibrator_lib.so
[59.525s] -- Set runtime path of "/home/ykxn/Desktop/test/install/multi_lidar_calibrator/lib/libmulti_lidar_calibrator_lib.so" to ""
[59.525s] -- Up-to-date: /home/ykxn/Desktop/test/install/multi_lidar_calibrator/share/multi_lidar_calibrator/launch
[59.525s] -- Up-to-date: /home/ykxn/Desktop/test/install/multi_lidar_calibrator/share/multi_lidar_calibrator/launch/merge_points.launch
[59.525s] -- Up-to-date: /home/ykxn/Desktop/test/install/multi_lidar_calibrator/share/multi_lidar_calibrator/launch/multi_lidar_calibrator.launch
[59.525s] -- Up-to-date: /home/ykxn/Desktop/test/install/multi_lidar_calibrator/share/multi_lidar_calibrator/launch/calibrate.launch
[59.531s] Invoked command in '/home/ykxn/Desktop/test/build/multi_lidar_calibrator' returned '0': /usr/bin/cmake --build /home/ykxn/Desktop/test/build/multi_lidar_calibrator --target install -- -j16 -l16
