[0.330s] DEBUG:colcon:Command line arguments: ['/usr/bin/colcon', 'build', '--cmake-args', '-DCMAKE_BUILD_TYPE=Release', '--packages-select', 'multi_lidar_calibrator']
[0.330s] DEBUG:colcon:Parsed command line arguments: Namespace(allow_overriding=[], ament_cmake_args=None, base_paths=['.'], build_base='build', catkin_cmake_args=None, catkin_skip_building_tests=False, cmake_args=['-DCMAKE_BUILD_TYPE=Release'], cmake_clean_cache=False, cmake_clean_first=False, cmake_force_configure=False, cmake_target=None, cmake_target_skip_unavailable=False, continue_on_error=False, event_handlers=None, executor='parallel', ignore_user_meta=False, install_base='install', log_base=None, log_level=None, main=<bound method BuildVerb.main of <colcon_core.verb.build.BuildVerb object at 0x7fa388468eb8>>, merge_install=False, metas=['./colcon.meta'], packages_above=None, packages_above_and_dependencies=None, packages_above_depth=None, packages_end=None, packages_ignore=None, packages_ignore_regex=None, packages_select=['multi_lidar_calibrator'], packages_select_build_failed=False, packages_select_by_dep=None, packages_select_regex=None, packages_select_test_failures=False, packages_skip=None, packages_skip_build_finished=False, packages_skip_by_dep=None, packages_skip_regex=None, packages_skip_test_passed=False, packages_skip_up_to=None, packages_start=None, packages_up_to=None, packages_up_to_regex=None, parallel_workers=16, paths=None, symlink_install=False, test_result_base=None, verb_extension=<colcon_core.verb.build.BuildVerb object at 0x7fa388468eb8>, verb_name='build', verb_parser=<colcon_defaults.argument_parser.defaults.DefaultArgumentsDecorator object at 0x7fa3884752b0>)
[0.358s] Level 1:colcon.colcon_core.package_discovery:discover_packages(colcon_meta) check parameters
[0.358s] Level 1:colcon.colcon_core.package_discovery:discover_packages(recursive) check parameters
[0.358s] Level 1:colcon.colcon_core.package_discovery:discover_packages(ignore) check parameters
[0.358s] Level 1:colcon.colcon_core.package_discovery:discover_packages(path) check parameters
[0.358s] Level 1:colcon.colcon_core.package_discovery:discover_packages(colcon_meta) discover
[0.359s] Level 1:colcon.colcon_core.package_discovery:discover_packages(recursive) discover
[0.359s] INFO:colcon.colcon_core.package_discovery:Crawling recursively for packages in '/home/ykxn/ws_calibrator'
[0.359s] Level 1:colcon.colcon_core.package_identification:_identify(.) by extensions ['ignore', 'ignore_ament_install']
[0.359s] Level 1:colcon.colcon_core.package_identification:_identify(.) by extension 'ignore'
[0.359s] Level 1:colcon.colcon_core.package_identification:_identify(.) by extension 'ignore_ament_install'
[0.359s] Level 1:colcon.colcon_core.package_identification:_identify(.) by extensions ['colcon_pkg']
[0.359s] Level 1:colcon.colcon_core.package_identification:_identify(.) by extension 'colcon_pkg'
[0.359s] Level 1:colcon.colcon_core.package_identification:_identify(.) by extensions ['colcon_meta']
[0.359s] Level 1:colcon.colcon_core.package_identification:_identify(.) by extension 'colcon_meta'
[0.360s] Level 1:colcon.colcon_core.package_identification:_identify(.) by extensions ['ros']
[0.360s] Level 1:colcon.colcon_core.package_identification:_identify(.) by extension 'ros'
[0.375s] Level 1:colcon.colcon_core.package_identification:_identify(.) by extensions ['cmake', 'python']
[0.375s] Level 1:colcon.colcon_core.package_identification:_identify(.) by extension 'cmake'
[0.375s] Level 1:colcon.colcon_core.package_identification:_identify(.) by extension 'python'
[0.375s] Level 1:colcon.colcon_core.package_identification:_identify(.) by extensions ['python_setup_py']
[0.375s] Level 1:colcon.colcon_core.package_identification:_identify(.) by extension 'python_setup_py'
[0.375s] Level 1:colcon.colcon_core.package_identification:_identify(build) by extensions ['ignore', 'ignore_ament_install']
[0.376s] Level 1:colcon.colcon_core.package_identification:_identify(build) by extension 'ignore'
[0.376s] Level 1:colcon.colcon_core.package_identification:_identify(build) ignored
[0.376s] Level 1:colcon.colcon_core.package_identification:_identify(install) by extensions ['ignore', 'ignore_ament_install']
[0.376s] Level 1:colcon.colcon_core.package_identification:_identify(install) by extension 'ignore'
[0.377s] Level 1:colcon.colcon_core.package_identification:_identify(install) ignored
[0.377s] Level 1:colcon.colcon_core.package_identification:_identify(log) by extensions ['ignore', 'ignore_ament_install']
[0.377s] Level 1:colcon.colcon_core.package_identification:_identify(log) by extension 'ignore'
[0.377s] Level 1:colcon.colcon_core.package_identification:_identify(log) ignored
[0.377s] Level 1:colcon.colcon_core.package_identification:_identify(src) by extensions ['ignore', 'ignore_ament_install']
[0.377s] Level 1:colcon.colcon_core.package_identification:_identify(src) by extension 'ignore'
[0.377s] Level 1:colcon.colcon_core.package_identification:_identify(src) by extension 'ignore_ament_install'
[0.377s] Level 1:colcon.colcon_core.package_identification:_identify(src) by extensions ['colcon_pkg']
[0.377s] Level 1:colcon.colcon_core.package_identification:_identify(src) by extension 'colcon_pkg'
[0.377s] Level 1:colcon.colcon_core.package_identification:_identify(src) by extensions ['colcon_meta']
[0.377s] Level 1:colcon.colcon_core.package_identification:_identify(src) by extension 'colcon_meta'
[0.377s] Level 1:colcon.colcon_core.package_identification:_identify(src) by extensions ['ros']
[0.377s] Level 1:colcon.colcon_core.package_identification:_identify(src) by extension 'ros'
[0.377s] Level 1:colcon.colcon_core.package_identification:_identify(src) by extensions ['cmake', 'python']
[0.377s] Level 1:colcon.colcon_core.package_identification:_identify(src) by extension 'cmake'
[0.377s] Level 1:colcon.colcon_core.package_identification:_identify(src) by extension 'python'
[0.378s] Level 1:colcon.colcon_core.package_identification:_identify(src) by extensions ['python_setup_py']
[0.378s] Level 1:colcon.colcon_core.package_identification:_identify(src) by extension 'python_setup_py'
[0.378s] Level 1:colcon.colcon_core.package_identification:_identify(src/multi_lidar_calibator) by extensions ['ignore', 'ignore_ament_install']
[0.378s] Level 1:colcon.colcon_core.package_identification:_identify(src/multi_lidar_calibator) by extension 'ignore'
[0.378s] Level 1:colcon.colcon_core.package_identification:_identify(src/multi_lidar_calibator) by extension 'ignore_ament_install'
[0.378s] Level 1:colcon.colcon_core.package_identification:_identify(src/multi_lidar_calibator) by extensions ['colcon_pkg']
[0.378s] Level 1:colcon.colcon_core.package_identification:_identify(src/multi_lidar_calibator) by extension 'colcon_pkg'
[0.378s] Level 1:colcon.colcon_core.package_identification:_identify(src/multi_lidar_calibator) by extensions ['colcon_meta']
[0.378s] Level 1:colcon.colcon_core.package_identification:_identify(src/multi_lidar_calibator) by extension 'colcon_meta'
[0.378s] Level 1:colcon.colcon_core.package_identification:_identify(src/multi_lidar_calibator) by extensions ['ros']
[0.378s] Level 1:colcon.colcon_core.package_identification:_identify(src/multi_lidar_calibator) by extension 'ros'
[0.383s] DEBUG:colcon.colcon_core.package_identification:Package 'src/multi_lidar_calibator' with type 'ros.catkin' and name 'multi_lidar_calibrator'
[0.384s] Level 1:colcon.colcon_core.package_discovery:discover_packages(recursive) using defaults
[0.384s] Level 1:colcon.colcon_core.package_discovery:discover_packages(ignore) discover
[0.384s] Level 1:colcon.colcon_core.package_discovery:discover_packages(ignore) using defaults
[0.384s] Level 1:colcon.colcon_core.package_discovery:discover_packages(path) discover
[0.384s] Level 1:colcon.colcon_core.package_discovery:discover_packages(path) using defaults
[0.409s] Level 1:colcon.colcon_core.package_discovery:discover_packages(prefix_path) check parameters
[0.409s] Level 1:colcon.colcon_core.package_discovery:discover_packages(prefix_path) discover
[0.418s] DEBUG:colcon.colcon_installed_package_information.package_discovery:Found 1 installed packages in /home/ykxn/ws_calibrator/install
[0.425s] DEBUG:colcon.colcon_installed_package_information.package_discovery:Found 165 installed packages in /home/ykxn/autoware.ai/install
[0.442s] DEBUG:colcon.colcon_installed_package_information.package_discovery:Found 1 installed packages in /opt/ros/melodic
[0.442s] Level 1:colcon.colcon_core.package_discovery:discover_packages(prefix_path) using defaults
[0.468s] Level 5:colcon.colcon_core.verb:set package 'multi_lidar_calibrator' build argument 'cmake_args' from command line to '['-DCMAKE_BUILD_TYPE=Release']'
[0.468s] Level 5:colcon.colcon_core.verb:set package 'multi_lidar_calibrator' build argument 'cmake_target' from command line to 'None'
[0.468s] Level 5:colcon.colcon_core.verb:set package 'multi_lidar_calibrator' build argument 'cmake_target_skip_unavailable' from command line to 'False'
[0.468s] Level 5:colcon.colcon_core.verb:set package 'multi_lidar_calibrator' build argument 'cmake_clean_cache' from command line to 'False'
[0.468s] Level 5:colcon.colcon_core.verb:set package 'multi_lidar_calibrator' build argument 'cmake_clean_first' from command line to 'False'
[0.468s] Level 5:colcon.colcon_core.verb:set package 'multi_lidar_calibrator' build argument 'cmake_force_configure' from command line to 'False'
[0.468s] Level 5:colcon.colcon_core.verb:set package 'multi_lidar_calibrator' build argument 'ament_cmake_args' from command line to 'None'
[0.468s] Level 5:colcon.colcon_core.verb:set package 'multi_lidar_calibrator' build argument 'catkin_cmake_args' from command line to 'None'
[0.469s] Level 5:colcon.colcon_core.verb:set package 'multi_lidar_calibrator' build argument 'catkin_skip_building_tests' from command line to 'False'
[0.469s] DEBUG:colcon.colcon_core.verb:Building package 'multi_lidar_calibrator' with the following arguments: {'ament_cmake_args': None, 'build_base': '/home/ykxn/ws_calibrator/build/multi_lidar_calibrator', 'catkin_cmake_args': None, 'catkin_skip_building_tests': False, 'cmake_args': ['-DCMAKE_BUILD_TYPE=Release'], 'cmake_clean_cache': False, 'cmake_clean_first': False, 'cmake_force_configure': False, 'cmake_target': None, 'cmake_target_skip_unavailable': False, 'install_base': '/home/ykxn/ws_calibrator/install/multi_lidar_calibrator', 'merge_install': False, 'path': '/home/ykxn/ws_calibrator/src/multi_lidar_calibator', 'symlink_install': False, 'test_result_base': None}
[0.469s] INFO:colcon.colcon_core.executor:Executing jobs using 'parallel' executor
[0.471s] DEBUG:colcon.colcon_parallel_executor.executor.parallel:run_until_complete
[0.471s] INFO:colcon.colcon_ros.task.catkin.build:Building ROS package in '/home/ykxn/ws_calibrator/src/multi_lidar_calibator' with build type 'catkin'
[0.472s] INFO:colcon.colcon_cmake.task.cmake.build:Building CMake package in '/home/ykxn/ws_calibrator/src/multi_lidar_calibator'
[0.475s] INFO:colcon.colcon_core.plugin_system:Skipping extension 'colcon_core.shell.bat': Not used on non-Windows systems
[0.475s] INFO:colcon.colcon_core.shell:Skip shell extension 'powershell' for command environment: Not usable outside of PowerShell
[0.475s] DEBUG:colcon.colcon_core.shell:Skip shell extension 'dsv' for command environment
[0.509s] DEBUG:colcon.colcon_core.event_handler.log_command:Invoking command in '/home/ykxn/ws_calibrator/build/multi_lidar_calibrator': /usr/bin/cmake --build /home/ykxn/ws_calibrator/build/multi_lidar_calibrator -- -j16 -l16
[45.114s] DEBUG:colcon.colcon_core.event_handler.log_command:Invoked command in '/home/ykxn/ws_calibrator/build/multi_lidar_calibrator' returned '0': /usr/bin/cmake --build /home/ykxn/ws_calibrator/build/multi_lidar_calibrator -- -j16 -l16
[45.414s] DEBUG:colcon.colcon_core.event_handler.log_command:Invoking command in '/home/ykxn/ws_calibrator/build/multi_lidar_calibrator': /usr/bin/cmake --build /home/ykxn/ws_calibrator/build/multi_lidar_calibrator --target tests -- -j16 -l16
[45.590s] DEBUG:colcon.colcon_core.event_handler.log_command:Invoked command in '/home/ykxn/ws_calibrator/build/multi_lidar_calibrator' returned '0': /usr/bin/cmake --build /home/ykxn/ws_calibrator/build/multi_lidar_calibrator --target tests -- -j16 -l16
[45.913s] DEBUG:colcon.colcon_core.event_handler.log_command:Invoking command in '/home/ykxn/ws_calibrator/build/multi_lidar_calibrator': /usr/bin/cmake --build /home/ykxn/ws_calibrator/build/multi_lidar_calibrator --target install -- -j16 -l16
[46.294s] DEBUG:colcon.colcon_core.event_handler.log_command:Invoked command in '/home/ykxn/ws_calibrator/build/multi_lidar_calibrator' returned '0': /usr/bin/cmake --build /home/ykxn/ws_calibrator/build/multi_lidar_calibrator --target install -- -j16 -l16
[46.584s] Level 1:colcon.colcon_core.shell:create_environment_hook('multi_lidar_calibrator', 'ros_package_path')
[46.585s] INFO:colcon.colcon_core.shell:Creating environment hook '/home/ykxn/ws_calibrator/install/multi_lidar_calibrator/share/multi_lidar_calibrator/hook/ros_package_path.ps1'
[46.587s] INFO:colcon.colcon_core.shell:Creating environment descriptor '/home/ykxn/ws_calibrator/install/multi_lidar_calibrator/share/multi_lidar_calibrator/hook/ros_package_path.dsv'
[46.588s] INFO:colcon.colcon_core.shell:Creating environment hook '/home/ykxn/ws_calibrator/install/multi_lidar_calibrator/share/multi_lidar_calibrator/hook/ros_package_path.sh'
[46.589s] Level 1:colcon.colcon_ros.task.catkin:checking '/home/ykxn/ws_calibrator/install/multi_lidar_calibrator/lib/python2.7/dist-packages'
[46.589s] Level 1:colcon.colcon_core.shell:create_environment_hook('multi_lidar_calibrator', 'pkg_config_path')
[46.589s] INFO:colcon.colcon_core.shell:Creating environment hook '/home/ykxn/ws_calibrator/install/multi_lidar_calibrator/share/multi_lidar_calibrator/hook/pkg_config_path.ps1'
[46.590s] INFO:colcon.colcon_core.shell:Creating environment descriptor '/home/ykxn/ws_calibrator/install/multi_lidar_calibrator/share/multi_lidar_calibrator/hook/pkg_config_path.dsv'
[46.590s] INFO:colcon.colcon_core.shell:Creating environment hook '/home/ykxn/ws_calibrator/install/multi_lidar_calibrator/share/multi_lidar_calibrator/hook/pkg_config_path.sh'
[46.596s] Level 1:colcon.colcon_core.shell:create_environment_hook('multi_lidar_calibrator', 'pkg_config_path_multiarch')
[46.597s] INFO:colcon.colcon_core.shell:Creating environment hook '/home/ykxn/ws_calibrator/install/multi_lidar_calibrator/share/multi_lidar_calibrator/hook/pkg_config_path_multiarch.ps1'
[46.598s] INFO:colcon.colcon_core.shell:Creating environment descriptor '/home/ykxn/ws_calibrator/install/multi_lidar_calibrator/share/multi_lidar_calibrator/hook/pkg_config_path_multiarch.dsv'
[46.599s] INFO:colcon.colcon_core.shell:Creating environment hook '/home/ykxn/ws_calibrator/install/multi_lidar_calibrator/share/multi_lidar_calibrator/hook/pkg_config_path_multiarch.sh'
[46.602s] Level 1:colcon.colcon_core.environment:create_environment_scripts_only(multi_lidar_calibrator)
[46.607s] Level 1:colcon.colcon_core.environment:checking '/home/ykxn/ws_calibrator/install/multi_lidar_calibrator' for CMake module files
[46.608s] Level 1:colcon.colcon_core.environment:checking '/home/ykxn/ws_calibrator/install/multi_lidar_calibrator' for CMake config files
[46.609s] Level 1:colcon.colcon_core.shell:create_environment_hook('multi_lidar_calibrator', 'cmake_prefix_path')
[46.610s] INFO:colcon.colcon_core.shell:Creating environment hook '/home/ykxn/ws_calibrator/install/multi_lidar_calibrator/share/multi_lidar_calibrator/hook/cmake_prefix_path.ps1'
[46.611s] INFO:colcon.colcon_core.shell:Creating environment descriptor '/home/ykxn/ws_calibrator/install/multi_lidar_calibrator/share/multi_lidar_calibrator/hook/cmake_prefix_path.dsv'
[46.612s] INFO:colcon.colcon_core.shell:Creating environment hook '/home/ykxn/ws_calibrator/install/multi_lidar_calibrator/share/multi_lidar_calibrator/hook/cmake_prefix_path.sh'
[46.613s] Level 1:colcon.colcon_core.environment:checking '/home/ykxn/ws_calibrator/install/multi_lidar_calibrator/lib'
[46.613s] Level 1:colcon.colcon_core.shell:create_environment_hook('multi_lidar_calibrator', 'ld_library_path_lib')
[46.614s] INFO:colcon.colcon_core.shell:Creating environment hook '/home/ykxn/ws_calibrator/install/multi_lidar_calibrator/share/multi_lidar_calibrator/hook/ld_library_path_lib.ps1'
[46.614s] INFO:colcon.colcon_core.shell:Creating environment descriptor '/home/ykxn/ws_calibrator/install/multi_lidar_calibrator/share/multi_lidar_calibrator/hook/ld_library_path_lib.dsv'
[46.615s] INFO:colcon.colcon_core.shell:Creating environment hook '/home/ykxn/ws_calibrator/install/multi_lidar_calibrator/share/multi_lidar_calibrator/hook/ld_library_path_lib.sh'
[46.615s] Level 1:colcon.colcon_core.environment:checking '/home/ykxn/ws_calibrator/install/multi_lidar_calibrator/bin'
[46.615s] Level 1:colcon.colcon_core.environment:checking '/home/ykxn/ws_calibrator/install/multi_lidar_calibrator/lib/pkgconfig/multi_lidar_calibrator.pc'
[46.615s] Level 1:colcon.colcon_core.shell:create_environment_hook('multi_lidar_calibrator', 'pkg_config')
[46.616s] INFO:colcon.colcon_core.shell:Creating environment hook '/home/ykxn/ws_calibrator/install/multi_lidar_calibrator/share/multi_lidar_calibrator/hook/pkg_config.ps1'
[46.616s] INFO:colcon.colcon_core.shell:Creating environment descriptor '/home/ykxn/ws_calibrator/install/multi_lidar_calibrator/share/multi_lidar_calibrator/hook/pkg_config.dsv'
[46.617s] INFO:colcon.colcon_core.shell:Creating environment hook '/home/ykxn/ws_calibrator/install/multi_lidar_calibrator/share/multi_lidar_calibrator/hook/pkg_config.sh'
[46.617s] Level 1:colcon.colcon_core.environment:checking '/home/ykxn/ws_calibrator/install/multi_lidar_calibrator/lib/python3.6/site-packages'
[46.618s] Level 1:colcon.colcon_core.environment:checking '/home/ykxn/ws_calibrator/install/multi_lidar_calibrator/bin'
[46.619s] INFO:colcon.colcon_core.shell:Creating package script '/home/ykxn/ws_calibrator/install/multi_lidar_calibrator/share/multi_lidar_calibrator/package.ps1'
[46.620s] INFO:colcon.colcon_core.shell:Creating package descriptor '/home/ykxn/ws_calibrator/install/multi_lidar_calibrator/share/multi_lidar_calibrator/package.dsv'
[46.621s] INFO:colcon.colcon_core.shell:Creating package script '/home/ykxn/ws_calibrator/install/multi_lidar_calibrator/share/multi_lidar_calibrator/package.sh'
[46.623s] INFO:colcon.colcon_core.shell:Creating package script '/home/ykxn/ws_calibrator/install/multi_lidar_calibrator/share/multi_lidar_calibrator/package.bash'
[46.624s] INFO:colcon.colcon_core.shell:Creating package script '/home/ykxn/ws_calibrator/install/multi_lidar_calibrator/share/multi_lidar_calibrator/package.zsh'
[46.625s] Level 1:colcon.colcon_core.environment:create_file_with_runtime_dependencies(/home/ykxn/ws_calibrator/install/multi_lidar_calibrator/share/colcon-core/packages/multi_lidar_calibrator)
[46.627s] DEBUG:colcon.colcon_parallel_executor.executor.parallel:closing loop
[46.628s] DEBUG:colcon.colcon_parallel_executor.executor.parallel:loop closed
[46.628s] DEBUG:colcon.colcon_parallel_executor.executor.parallel:run_until_complete finished with '0'
[46.629s] DEBUG:colcon.colcon_core.event_reactor:joining thread
[46.641s] INFO:colcon.colcon_core.plugin_system:Skipping extension 'colcon_notification.desktop_notification.terminal_notifier': Not used on non-Darwin systems
[46.641s] INFO:colcon.colcon_core.plugin_system:Skipping extension 'colcon_notification.desktop_notification.win32': Not used on non-Windows systems
[46.641s] INFO:colcon.colcon_notification.desktop_notification:Sending desktop notification using 'notify2'
[46.645s] DEBUG:colcon.colcon_core.event_reactor:joined thread
[46.645s] INFO:colcon.colcon_core.shell:Creating prefix script '/home/ykxn/ws_calibrator/install/local_setup.ps1'
[46.647s] INFO:colcon.colcon_core.shell:Creating prefix util module '/home/ykxn/ws_calibrator/install/_local_setup_util_ps1.py'
[46.649s] INFO:colcon.colcon_core.shell:Creating prefix chain script '/home/ykxn/ws_calibrator/install/setup.ps1'
[46.657s] INFO:colcon.colcon_core.shell:Creating prefix script '/home/ykxn/ws_calibrator/install/local_setup.sh'
[46.658s] INFO:colcon.colcon_core.shell:Creating prefix util module '/home/ykxn/ws_calibrator/install/_local_setup_util_sh.py'
[46.659s] INFO:colcon.colcon_core.shell:Creating prefix chain script '/home/ykxn/ws_calibrator/install/setup.sh'
[46.668s] INFO:colcon.colcon_core.shell:Creating prefix script '/home/ykxn/ws_calibrator/install/local_setup.bash'
[46.668s] INFO:colcon.colcon_core.shell:Creating prefix chain script '/home/ykxn/ws_calibrator/install/setup.bash'
[46.674s] INFO:colcon.colcon_core.shell:Creating prefix script '/home/ykxn/ws_calibrator/install/local_setup.zsh'
[46.675s] INFO:colcon.colcon_core.shell:Creating prefix chain script '/home/ykxn/ws_calibrator/install/setup.zsh'
