[0.047s] Invoking command in '/home/ykxn/ws_calibrator/build/multi_lidar_calibrator': /usr/bin/cmake --build /home/ykxn/ws_calibrator/build/multi_lidar_calibrator -- -j16 -l16
[0.217s] [ 16%] Built target merge_all
[0.218s] [ 33%] Built target calibrate
[0.219s] [ 50%] Built target calibrate2
[0.221s] [ 66%] Built target multi_lidar_calibrator_lib
[0.221s] [ 83%] Built target xuanzhuan_y
[0.304s] [100%] Built target multi_lidar_calibrator
[0.333s] Invoked command in '/home/ykxn/ws_calibrator/build/multi_lidar_calibrator' returned '0': /usr/bin/cmake --build /home/ykxn/ws_calibrator/build/multi_lidar_calibrator -- -j16 -l16
[0.640s] Invoking command in '/home/ykxn/ws_calibrator/build/multi_lidar_calibrator': /usr/bin/cmake --build /home/ykxn/ws_calibrator/build/multi_lidar_calibrator --target tests -- -j16 -l16
[0.810s] Built target tests
[0.840s] Invoked command in '/home/ykxn/ws_calibrator/build/multi_lidar_calibrator' returned '0': /usr/bin/cmake --build /home/ykxn/ws_calibrator/build/multi_lidar_calibrator --target tests -- -j16 -l16
[1.164s] Invoking command in '/home/ykxn/ws_calibrator/build/multi_lidar_calibrator': /usr/bin/cmake --build /home/ykxn/ws_calibrator/build/multi_lidar_calibrator --target install -- -j16 -l16
[1.327s] [ 16%] Built target calibrate2
[1.331s] [ 33%] Built target xuanzhuan_y
[1.410s] [ 50%] Built target merge_all
[1.420s] [ 66%] Built target calibrate
[1.487s] [ 83%] Built target multi_lidar_calibrator_lib
[1.569s] [100%] Built target multi_lidar_calibrator
[1.616s] [36mInstall the project...[0m
[1.639s] -- Install configuration: "Release"
[1.639s] -- Up-to-date: /home/ykxn/ws_calibrator/install/multi_lidar_calibrator/lib/pkgconfig/multi_lidar_calibrator.pc
[1.640s] -- Up-to-date: /home/ykxn/ws_calibrator/install/multi_lidar_calibrator/share/multi_lidar_calibrator/cmake/multi_lidar_calibratorConfig.cmake
[1.640s] -- Up-to-date: /home/ykxn/ws_calibrator/install/multi_lidar_calibrator/share/multi_lidar_calibrator/cmake/multi_lidar_calibratorConfig-version.cmake
[1.640s] -- Up-to-date: /home/ykxn/ws_calibrator/install/multi_lidar_calibrator/share/multi_lidar_calibrator/package.xml
[1.640s] -- Up-to-date: /home/ykxn/ws_calibrator/install/multi_lidar_calibrator/lib/multi_lidar_calibrator/calibrate
[1.641s] -- Up-to-date: /home/ykxn/ws_calibrator/install/multi_lidar_calibrator/lib/multi_lidar_calibrator/calibrate2
[1.641s] -- Up-to-date: /home/ykxn/ws_calibrator/install/multi_lidar_calibrator/lib/multi_lidar_calibrator/merge_all
[1.641s] -- Up-to-date: /home/ykxn/ws_calibrator/install/multi_lidar_calibrator/lib/multi_lidar_calibrator/xuanzhuan_y
[1.641s] -- Up-to-date: /home/ykxn/ws_calibrator/install/multi_lidar_calibrator/lib/multi_lidar_calibrator/multi_lidar_calibrator
[1.642s] -- Up-to-date: /home/ykxn/ws_calibrator/install/multi_lidar_calibrator/lib/libmulti_lidar_calibrator_lib.so
[1.642s] -- Up-to-date: /home/ykxn/ws_calibrator/install/multi_lidar_calibrator/share/multi_lidar_calibrator/launch
[1.642s] -- Installing: /home/ykxn/ws_calibrator/install/multi_lidar_calibrator/share/multi_lidar_calibrator/launch/multi_lidar_calibrator.launch
[1.643s] -- Up-to-date: /home/ykxn/ws_calibrator/install/multi_lidar_calibrator/share/multi_lidar_calibrator/launch/calibrate.launch
[1.648s] Invoked command in '/home/ykxn/ws_calibrator/build/multi_lidar_calibrator' returned '0': /usr/bin/cmake --build /home/ykxn/ws_calibrator/build/multi_lidar_calibrator --target install -- -j16 -l16
