[0.065s] Invoking command in '/home/ykxn/Desktop/test/build/multi_lidar_calibrator': /usr/bin/cmake --build /home/ykxn/Desktop/test/build/multi_lidar_calibrator -- -j16 -l16
[0.162s] [35m[1mScanning dependencies of target multi_lidar_calibrator_lib[0m
[0.190s] [ 16%] Built target merge_all
[0.198s] [ 33%] Built target calibrate2
[0.199s] [ 50%] Built target xuanzhuan_y
[0.204s] [ 66%] Built target calibrate
[0.225s] [ 75%] [32mBuilding CXX object CMakeFiles/multi_lidar_calibrator_lib.dir/src/multi_lidar_calibrator.cpp.o[0m
[59.086s] [ 83%] [32m[1mLinking CXX shared library devel/lib/libmulti_lidar_calibrator_lib.so[0m
[65.800s] [ 83%] Built target multi_lidar_calibrator_lib
[65.880s] [ 91%] [32m[1mLinking CXX executable devel/lib/multi_lidar_calibrator/multi_lidar_calibrator[0m
[67.388s] [100%] Built target multi_lidar_calibrator
[67.410s] Invoked command in '/home/ykxn/Desktop/test/build/multi_lidar_calibrator' returned '0': /usr/bin/cmake --build /home/ykxn/Desktop/test/build/multi_lidar_calibrator -- -j16 -l16
[67.597s] Invoking command in '/home/ykxn/Desktop/test/build/multi_lidar_calibrator': /usr/bin/cmake --build /home/ykxn/Desktop/test/build/multi_lidar_calibrator --target tests -- -j16 -l16
[67.733s] Built target tests
[67.752s] Invoked command in '/home/ykxn/Desktop/test/build/multi_lidar_calibrator' returned '0': /usr/bin/cmake --build /home/ykxn/Desktop/test/build/multi_lidar_calibrator --target tests -- -j16 -l16
[67.968s] Invoking command in '/home/ykxn/Desktop/test/build/multi_lidar_calibrator': /usr/bin/cmake --build /home/ykxn/Desktop/test/build/multi_lidar_calibrator --target install -- -j16 -l16
[68.108s] [ 16%] Built target xuanzhuan_y
[68.110s] [ 33%] Built target merge_all
[68.115s] [ 50%] Built target calibrate2
[68.117s] [ 66%] Built target multi_lidar_calibrator_lib
[68.124s] [ 83%] Built target calibrate
[68.187s] [100%] Built target multi_lidar_calibrator
[68.232s] [36mInstall the project...[0m
[68.246s] -- Install configuration: ""
[68.246s] -- Up-to-date: /home/ykxn/Desktop/test/install/multi_lidar_calibrator/lib/pkgconfig/multi_lidar_calibrator.pc
[68.247s] -- Up-to-date: /home/ykxn/Desktop/test/install/multi_lidar_calibrator/share/multi_lidar_calibrator/cmake/multi_lidar_calibratorConfig.cmake
[68.247s] -- Up-to-date: /home/ykxn/Desktop/test/install/multi_lidar_calibrator/share/multi_lidar_calibrator/cmake/multi_lidar_calibratorConfig-version.cmake
[68.247s] -- Up-to-date: /home/ykxn/Desktop/test/install/multi_lidar_calibrator/share/multi_lidar_calibrator/package.xml
[68.248s] -- Up-to-date: /home/ykxn/Desktop/test/install/multi_lidar_calibrator/lib/multi_lidar_calibrator/calibrate
[68.248s] -- Up-to-date: /home/ykxn/Desktop/test/install/multi_lidar_calibrator/lib/multi_lidar_calibrator/calibrate2
[68.248s] -- Up-to-date: /home/ykxn/Desktop/test/install/multi_lidar_calibrator/lib/multi_lidar_calibrator/merge_all
[68.249s] -- Up-to-date: /home/ykxn/Desktop/test/install/multi_lidar_calibrator/lib/multi_lidar_calibrator/xuanzhuan_y
[68.250s] -- Installing: /home/ykxn/Desktop/test/install/multi_lidar_calibrator/lib/multi_lidar_calibrator/multi_lidar_calibrator
[68.268s] -- Set runtime path of "/home/ykxn/Desktop/test/install/multi_lidar_calibrator/lib/multi_lidar_calibrator/multi_lidar_calibrator" to ""
[68.268s] -- Installing: /home/ykxn/Desktop/test/install/multi_lidar_calibrator/lib/libmulti_lidar_calibrator_lib.so
[68.307s] -- Set runtime path of "/home/ykxn/Desktop/test/install/multi_lidar_calibrator/lib/libmulti_lidar_calibrator_lib.so" to ""
[68.307s] -- Up-to-date: /home/ykxn/Desktop/test/install/multi_lidar_calibrator/share/multi_lidar_calibrator/launch
[68.308s] -- Up-to-date: /home/ykxn/Desktop/test/install/multi_lidar_calibrator/share/multi_lidar_calibrator/launch/merge_points.launch
[68.308s] -- Up-to-date: /home/ykxn/Desktop/test/install/multi_lidar_calibrator/share/multi_lidar_calibrator/launch/multi_lidar_calibrator.launch
[68.308s] -- Up-to-date: /home/ykxn/Desktop/test/install/multi_lidar_calibrator/share/multi_lidar_calibrator/launch/calibrate.launch
[68.317s] Invoked command in '/home/ykxn/Desktop/test/build/multi_lidar_calibrator' returned '0': /usr/bin/cmake --build /home/ykxn/Desktop/test/build/multi_lidar_calibrator --target install -- -j16 -l16
