[0.238s] DEBUG:colcon:Command line arguments: ['/usr/bin/colcon', 'build']
[0.238s] DEBUG:colcon:Parsed command line arguments: Namespace(allow_overriding=[], ament_cmake_args=None, base_paths=['.'], build_base='build', catkin_cmake_args=None, catkin_skip_building_tests=False, cmake_args=None, cmake_clean_cache=False, cmake_clean_first=False, cmake_force_configure=False, cmake_target=None, cmake_target_skip_unavailable=False, continue_on_error=False, event_handlers=None, executor='parallel', ignore_user_meta=False, install_base='install', log_base=None, log_level=None, main=<bound method BuildVerb.main of <colcon_core.verb.build.BuildVerb object at 0x7f6c638e6c88>>, merge_install=False, metas=['./colcon.meta'], packages_above=None, packages_above_and_dependencies=None, packages_above_depth=None, packages_end=None, packages_ignore=None, packages_ignore_regex=None, packages_select=None, packages_select_build_failed=False, packages_select_by_dep=None, packages_select_regex=None, packages_select_test_failures=False, packages_skip=None, packages_skip_build_finished=False, packages_skip_by_dep=None, packages_skip_regex=None, packages_skip_test_passed=False, packages_skip_up_to=None, packages_start=None, packages_up_to=None, packages_up_to_regex=None, parallel_workers=16, paths=None, symlink_install=False, test_result_base=None, verb_extension=<colcon_core.verb.build.BuildVerb object at 0x7f6c638e6c88>, verb_name='build', verb_parser=<colcon_defaults.argument_parser.defaults.DefaultArgumentsDecorator object at 0x7f6c638f5048>)
[0.257s] Level 1:colcon.colcon_core.package_discovery:discover_packages(colcon_meta) check parameters
[0.257s] Level 1:colcon.colcon_core.package_discovery:discover_packages(recursive) check parameters
[0.257s] Level 1:colcon.colcon_core.package_discovery:discover_packages(ignore) check parameters
[0.257s] Level 1:colcon.colcon_core.package_discovery:discover_packages(path) check parameters
[0.257s] Level 1:colcon.colcon_core.package_discovery:discover_packages(colcon_meta) discover
[0.257s] Level 1:colcon.colcon_core.package_discovery:discover_packages(recursive) discover
[0.257s] INFO:colcon.colcon_core.package_discovery:Crawling recursively for packages in '/home/ykxn/Desktop/test'
[0.257s] Level 1:colcon.colcon_core.package_identification:_identify(.) by extensions ['ignore', 'ignore_ament_install']
[0.258s] Level 1:colcon.colcon_core.package_identification:_identify(.) by extension 'ignore'
[0.258s] Level 1:colcon.colcon_core.package_identification:_identify(.) by extension 'ignore_ament_install'
[0.258s] Level 1:colcon.colcon_core.package_identification:_identify(.) by extensions ['colcon_pkg']
[0.258s] Level 1:colcon.colcon_core.package_identification:_identify(.) by extension 'colcon_pkg'
[0.258s] Level 1:colcon.colcon_core.package_identification:_identify(.) by extensions ['colcon_meta']
[0.258s] Level 1:colcon.colcon_core.package_identification:_identify(.) by extension 'colcon_meta'
[0.258s] Level 1:colcon.colcon_core.package_identification:_identify(.) by extensions ['ros']
[0.258s] Level 1:colcon.colcon_core.package_identification:_identify(.) by extension 'ros'
[0.270s] Level 1:colcon.colcon_core.package_identification:_identify(.) by extensions ['cmake', 'python']
[0.270s] Level 1:colcon.colcon_core.package_identification:_identify(.) by extension 'cmake'
[0.270s] Level 1:colcon.colcon_core.package_identification:_identify(.) by extension 'python'
[0.271s] Level 1:colcon.colcon_core.package_identification:_identify(.) by extensions ['python_setup_py']
[0.271s] Level 1:colcon.colcon_core.package_identification:_identify(.) by extension 'python_setup_py'
[0.271s] Level 1:colcon.colcon_core.package_identification:_identify(build) by extensions ['ignore', 'ignore_ament_install']
[0.272s] Level 1:colcon.colcon_core.package_identification:_identify(build) by extension 'ignore'
[0.272s] Level 1:colcon.colcon_core.package_identification:_identify(build) ignored
[0.272s] Level 1:colcon.colcon_core.package_identification:_identify(install) by extensions ['ignore', 'ignore_ament_install']
[0.273s] Level 1:colcon.colcon_core.package_identification:_identify(install) by extension 'ignore'
[0.273s] Level 1:colcon.colcon_core.package_identification:_identify(install) ignored
[0.273s] Level 1:colcon.colcon_core.package_identification:_identify(log) by extensions ['ignore', 'ignore_ament_install']
[0.273s] Level 1:colcon.colcon_core.package_identification:_identify(log) by extension 'ignore'
[0.273s] Level 1:colcon.colcon_core.package_identification:_identify(log) ignored
[0.274s] Level 1:colcon.colcon_core.package_identification:_identify(multi_lidar_calibrator) by extensions ['ignore', 'ignore_ament_install']
[0.274s] Level 1:colcon.colcon_core.package_identification:_identify(multi_lidar_calibrator) by extension 'ignore'
[0.274s] Level 1:colcon.colcon_core.package_identification:_identify(multi_lidar_calibrator) by extension 'ignore_ament_install'
[0.274s] Level 1:colcon.colcon_core.package_identification:_identify(multi_lidar_calibrator) by extensions ['colcon_pkg']
[0.274s] Level 1:colcon.colcon_core.package_identification:_identify(multi_lidar_calibrator) by extension 'colcon_pkg'
[0.274s] Level 1:colcon.colcon_core.package_identification:_identify(multi_lidar_calibrator) by extensions ['colcon_meta']
[0.274s] Level 1:colcon.colcon_core.package_identification:_identify(multi_lidar_calibrator) by extension 'colcon_meta'
[0.274s] Level 1:colcon.colcon_core.package_identification:_identify(multi_lidar_calibrator) by extensions ['ros']
[0.274s] Level 1:colcon.colcon_core.package_identification:_identify(multi_lidar_calibrator) by extension 'ros'
[0.277s] DEBUG:colcon.colcon_core.package_identification:Package 'multi_lidar_calibrator' with type 'ros.catkin' and name 'multi_lidar_calibrator'
[0.277s] Level 1:colcon.colcon_core.package_discovery:discover_packages(recursive) using defaults
[0.277s] Level 1:colcon.colcon_core.package_discovery:discover_packages(ignore) discover
[0.277s] Level 1:colcon.colcon_core.package_discovery:discover_packages(ignore) using defaults
[0.277s] Level 1:colcon.colcon_core.package_discovery:discover_packages(path) discover
[0.277s] Level 1:colcon.colcon_core.package_discovery:discover_packages(path) using defaults
[0.295s] Level 1:colcon.colcon_core.package_discovery:discover_packages(prefix_path) check parameters
[0.295s] Level 1:colcon.colcon_core.package_discovery:discover_packages(prefix_path) discover
[0.298s] DEBUG:colcon.colcon_installed_package_information.package_discovery:Found 1 installed packages in /opt/ros/melodic
[0.298s] Level 1:colcon.colcon_core.package_discovery:discover_packages(prefix_path) using defaults
[0.301s] Level 5:colcon.colcon_core.verb:set package 'multi_lidar_calibrator' build argument 'cmake_args' from command line to 'None'
[0.301s] Level 5:colcon.colcon_core.verb:set package 'multi_lidar_calibrator' build argument 'cmake_target' from command line to 'None'
[0.301s] Level 5:colcon.colcon_core.verb:set package 'multi_lidar_calibrator' build argument 'cmake_target_skip_unavailable' from command line to 'False'
[0.301s] Level 5:colcon.colcon_core.verb:set package 'multi_lidar_calibrator' build argument 'cmake_clean_cache' from command line to 'False'
[0.301s] Level 5:colcon.colcon_core.verb:set package 'multi_lidar_calibrator' build argument 'cmake_clean_first' from command line to 'False'
[0.301s] Level 5:colcon.colcon_core.verb:set package 'multi_lidar_calibrator' build argument 'cmake_force_configure' from command line to 'False'
[0.301s] Level 5:colcon.colcon_core.verb:set package 'multi_lidar_calibrator' build argument 'ament_cmake_args' from command line to 'None'
[0.301s] Level 5:colcon.colcon_core.verb:set package 'multi_lidar_calibrator' build argument 'catkin_cmake_args' from command line to 'None'
[0.301s] Level 5:colcon.colcon_core.verb:set package 'multi_lidar_calibrator' build argument 'catkin_skip_building_tests' from command line to 'False'
[0.301s] DEBUG:colcon.colcon_core.verb:Building package 'multi_lidar_calibrator' with the following arguments: {'ament_cmake_args': None, 'build_base': '/home/ykxn/Desktop/test/build/multi_lidar_calibrator', 'catkin_cmake_args': None, 'catkin_skip_building_tests': False, 'cmake_args': None, 'cmake_clean_cache': False, 'cmake_clean_first': False, 'cmake_force_configure': False, 'cmake_target': None, 'cmake_target_skip_unavailable': False, 'install_base': '/home/ykxn/Desktop/test/install/multi_lidar_calibrator', 'merge_install': False, 'path': '/home/ykxn/Desktop/test/multi_lidar_calibrator', 'symlink_install': False, 'test_result_base': None}
[0.302s] INFO:colcon.colcon_core.executor:Executing jobs using 'parallel' executor
[0.304s] DEBUG:colcon.colcon_parallel_executor.executor.parallel:run_until_complete
[0.304s] INFO:colcon.colcon_ros.task.catkin.build:Building ROS package in '/home/ykxn/Desktop/test/multi_lidar_calibrator' with build type 'catkin'
[0.304s] INFO:colcon.colcon_cmake.task.cmake.build:Building CMake package in '/home/ykxn/Desktop/test/multi_lidar_calibrator'
[0.307s] INFO:colcon.colcon_core.plugin_system:Skipping extension 'colcon_core.shell.bat': Not used on non-Windows systems
[0.307s] INFO:colcon.colcon_core.shell:Skip shell extension 'powershell' for command environment: Not usable outside of PowerShell
[0.307s] DEBUG:colcon.colcon_core.shell:Skip shell extension 'dsv' for command environment
[0.343s] DEBUG:colcon.colcon_core.event_handler.log_command:Invoking command in '/home/ykxn/Desktop/test/build/multi_lidar_calibrator': /usr/bin/cmake /home/ykxn/Desktop/test/multi_lidar_calibrator -DCATKIN_INSTALL_INTO_PREFIX_ROOT=0 -DCMAKE_INSTALL_PREFIX=/home/ykxn/Desktop/test/install/multi_lidar_calibrator
[2.527s] DEBUG:colcon.colcon_core.event_handler.log_command:Invoked command in '/home/ykxn/Desktop/test/build/multi_lidar_calibrator' returned '0': /usr/bin/cmake /home/ykxn/Desktop/test/multi_lidar_calibrator -DCATKIN_INSTALL_INTO_PREFIX_ROOT=0 -DCMAKE_INSTALL_PREFIX=/home/ykxn/Desktop/test/install/multi_lidar_calibrator
[2.533s] DEBUG:colcon.colcon_core.event_handler.log_command:Invoking command in '/home/ykxn/Desktop/test/build/multi_lidar_calibrator': /usr/bin/cmake --build /home/ykxn/Desktop/test/build/multi_lidar_calibrator -- -j16 -l16
[65.556s] DEBUG:colcon.colcon_core.event_handler.log_command:Invoked command in '/home/ykxn/Desktop/test/build/multi_lidar_calibrator' returned '0': /usr/bin/cmake --build /home/ykxn/Desktop/test/build/multi_lidar_calibrator -- -j16 -l16
[65.698s] DEBUG:colcon.colcon_core.event_handler.log_command:Invoking command in '/home/ykxn/Desktop/test/build/multi_lidar_calibrator': /usr/bin/cmake --build /home/ykxn/Desktop/test/build/multi_lidar_calibrator --target tests -- -j16 -l16
[65.829s] DEBUG:colcon.colcon_core.event_handler.log_command:Invoked command in '/home/ykxn/Desktop/test/build/multi_lidar_calibrator' returned '0': /usr/bin/cmake --build /home/ykxn/Desktop/test/build/multi_lidar_calibrator --target tests -- -j16 -l16
[65.981s] DEBUG:colcon.colcon_core.event_handler.log_command:Invoking command in '/home/ykxn/Desktop/test/build/multi_lidar_calibrator': /usr/bin/cmake --build /home/ykxn/Desktop/test/build/multi_lidar_calibrator --target install -- -j16 -l16
[66.297s] DEBUG:colcon.colcon_core.event_handler.log_command:Invoked command in '/home/ykxn/Desktop/test/build/multi_lidar_calibrator' returned '0': /usr/bin/cmake --build /home/ykxn/Desktop/test/build/multi_lidar_calibrator --target install -- -j16 -l16
[66.439s] Level 1:colcon.colcon_core.shell:create_environment_hook('multi_lidar_calibrator', 'ros_package_path')
[66.440s] INFO:colcon.colcon_core.shell:Creating environment hook '/home/ykxn/Desktop/test/install/multi_lidar_calibrator/share/multi_lidar_calibrator/hook/ros_package_path.ps1'
[66.444s] INFO:colcon.colcon_core.shell:Creating environment descriptor '/home/ykxn/Desktop/test/install/multi_lidar_calibrator/share/multi_lidar_calibrator/hook/ros_package_path.dsv'
[66.445s] INFO:colcon.colcon_core.shell:Creating environment hook '/home/ykxn/Desktop/test/install/multi_lidar_calibrator/share/multi_lidar_calibrator/hook/ros_package_path.sh'
[66.447s] Level 1:colcon.colcon_ros.task.catkin:checking '/home/ykxn/Desktop/test/install/multi_lidar_calibrator/lib/python2.7/dist-packages'
[66.447s] Level 1:colcon.colcon_core.shell:create_environment_hook('multi_lidar_calibrator', 'pkg_config_path')
[66.448s] INFO:colcon.colcon_core.shell:Creating environment hook '/home/ykxn/Desktop/test/install/multi_lidar_calibrator/share/multi_lidar_calibrator/hook/pkg_config_path.ps1'
[66.449s] INFO:colcon.colcon_core.shell:Creating environment descriptor '/home/ykxn/Desktop/test/install/multi_lidar_calibrator/share/multi_lidar_calibrator/hook/pkg_config_path.dsv'
[66.450s] INFO:colcon.colcon_core.shell:Creating environment hook '/home/ykxn/Desktop/test/install/multi_lidar_calibrator/share/multi_lidar_calibrator/hook/pkg_config_path.sh'
[66.456s] Level 1:colcon.colcon_core.shell:create_environment_hook('multi_lidar_calibrator', 'pkg_config_path_multiarch')
[66.457s] INFO:colcon.colcon_core.shell:Creating environment hook '/home/ykxn/Desktop/test/install/multi_lidar_calibrator/share/multi_lidar_calibrator/hook/pkg_config_path_multiarch.ps1'
[66.458s] INFO:colcon.colcon_core.shell:Creating environment descriptor '/home/ykxn/Desktop/test/install/multi_lidar_calibrator/share/multi_lidar_calibrator/hook/pkg_config_path_multiarch.dsv'
[66.459s] INFO:colcon.colcon_core.shell:Creating environment hook '/home/ykxn/Desktop/test/install/multi_lidar_calibrator/share/multi_lidar_calibrator/hook/pkg_config_path_multiarch.sh'
[66.462s] Level 1:colcon.colcon_core.environment:create_environment_scripts_only(multi_lidar_calibrator)
[66.467s] Level 1:colcon.colcon_core.environment:checking '/home/ykxn/Desktop/test/install/multi_lidar_calibrator' for CMake module files
[66.468s] Level 1:colcon.colcon_core.environment:checking '/home/ykxn/Desktop/test/install/multi_lidar_calibrator' for CMake config files
[66.469s] Level 1:colcon.colcon_core.shell:create_environment_hook('multi_lidar_calibrator', 'cmake_prefix_path')
[66.469s] INFO:colcon.colcon_core.shell:Creating environment hook '/home/ykxn/Desktop/test/install/multi_lidar_calibrator/share/multi_lidar_calibrator/hook/cmake_prefix_path.ps1'
[66.470s] INFO:colcon.colcon_core.shell:Creating environment descriptor '/home/ykxn/Desktop/test/install/multi_lidar_calibrator/share/multi_lidar_calibrator/hook/cmake_prefix_path.dsv'
[66.471s] INFO:colcon.colcon_core.shell:Creating environment hook '/home/ykxn/Desktop/test/install/multi_lidar_calibrator/share/multi_lidar_calibrator/hook/cmake_prefix_path.sh'
[66.473s] Level 1:colcon.colcon_core.environment:checking '/home/ykxn/Desktop/test/install/multi_lidar_calibrator/lib'
[66.473s] Level 1:colcon.colcon_core.shell:create_environment_hook('multi_lidar_calibrator', 'ld_library_path_lib')
[66.474s] INFO:colcon.colcon_core.shell:Creating environment hook '/home/ykxn/Desktop/test/install/multi_lidar_calibrator/share/multi_lidar_calibrator/hook/ld_library_path_lib.ps1'
[66.474s] INFO:colcon.colcon_core.shell:Creating environment descriptor '/home/ykxn/Desktop/test/install/multi_lidar_calibrator/share/multi_lidar_calibrator/hook/ld_library_path_lib.dsv'
[66.475s] INFO:colcon.colcon_core.shell:Creating environment hook '/home/ykxn/Desktop/test/install/multi_lidar_calibrator/share/multi_lidar_calibrator/hook/ld_library_path_lib.sh'
[66.475s] Level 1:colcon.colcon_core.environment:checking '/home/ykxn/Desktop/test/install/multi_lidar_calibrator/bin'
[66.475s] Level 1:colcon.colcon_core.environment:checking '/home/ykxn/Desktop/test/install/multi_lidar_calibrator/lib/pkgconfig/multi_lidar_calibrator.pc'
[66.476s] Level 1:colcon.colcon_core.shell:create_environment_hook('multi_lidar_calibrator', 'pkg_config')
[66.476s] INFO:colcon.colcon_core.shell:Creating environment hook '/home/ykxn/Desktop/test/install/multi_lidar_calibrator/share/multi_lidar_calibrator/hook/pkg_config.ps1'
[66.477s] INFO:colcon.colcon_core.shell:Creating environment descriptor '/home/ykxn/Desktop/test/install/multi_lidar_calibrator/share/multi_lidar_calibrator/hook/pkg_config.dsv'
[66.477s] INFO:colcon.colcon_core.shell:Creating environment hook '/home/ykxn/Desktop/test/install/multi_lidar_calibrator/share/multi_lidar_calibrator/hook/pkg_config.sh'
[66.478s] Level 1:colcon.colcon_core.environment:checking '/home/ykxn/Desktop/test/install/multi_lidar_calibrator/lib/python3.6/site-packages'
[66.478s] Level 1:colcon.colcon_core.environment:checking '/home/ykxn/Desktop/test/install/multi_lidar_calibrator/bin'
[66.479s] INFO:colcon.colcon_core.shell:Creating package script '/home/ykxn/Desktop/test/install/multi_lidar_calibrator/share/multi_lidar_calibrator/package.ps1'
[66.481s] INFO:colcon.colcon_core.shell:Creating package descriptor '/home/ykxn/Desktop/test/install/multi_lidar_calibrator/share/multi_lidar_calibrator/package.dsv'
[66.481s] INFO:colcon.colcon_core.shell:Creating package script '/home/ykxn/Desktop/test/install/multi_lidar_calibrator/share/multi_lidar_calibrator/package.sh'
[66.482s] INFO:colcon.colcon_core.shell:Creating package script '/home/ykxn/Desktop/test/install/multi_lidar_calibrator/share/multi_lidar_calibrator/package.bash'
[66.483s] INFO:colcon.colcon_core.shell:Creating package script '/home/ykxn/Desktop/test/install/multi_lidar_calibrator/share/multi_lidar_calibrator/package.zsh'
[66.483s] Level 1:colcon.colcon_core.environment:create_file_with_runtime_dependencies(/home/ykxn/Desktop/test/install/multi_lidar_calibrator/share/colcon-core/packages/multi_lidar_calibrator)
[66.484s] DEBUG:colcon.colcon_parallel_executor.executor.parallel:closing loop
[66.485s] DEBUG:colcon.colcon_parallel_executor.executor.parallel:loop closed
[66.486s] DEBUG:colcon.colcon_parallel_executor.executor.parallel:run_until_complete finished with '0'
[66.486s] DEBUG:colcon.colcon_core.event_reactor:joining thread
[66.497s] INFO:colcon.colcon_core.plugin_system:Skipping extension 'colcon_notification.desktop_notification.terminal_notifier': Not used on non-Darwin systems
[66.497s] INFO:colcon.colcon_core.plugin_system:Skipping extension 'colcon_notification.desktop_notification.win32': Not used on non-Windows systems
[66.497s] INFO:colcon.colcon_notification.desktop_notification:Sending desktop notification using 'notify2'
[66.503s] DEBUG:colcon.colcon_core.event_reactor:joined thread
[66.504s] INFO:colcon.colcon_core.shell:Creating prefix script '/home/ykxn/Desktop/test/install/local_setup.ps1'
[66.507s] INFO:colcon.colcon_core.shell:Creating prefix util module '/home/ykxn/Desktop/test/install/_local_setup_util_ps1.py'
[66.511s] INFO:colcon.colcon_core.shell:Creating prefix chain script '/home/ykxn/Desktop/test/install/setup.ps1'
[66.514s] INFO:colcon.colcon_core.shell:Creating prefix script '/home/ykxn/Desktop/test/install/local_setup.sh'
[66.516s] INFO:colcon.colcon_core.shell:Creating prefix util module '/home/ykxn/Desktop/test/install/_local_setup_util_sh.py'
[66.518s] INFO:colcon.colcon_core.shell:Creating prefix chain script '/home/ykxn/Desktop/test/install/setup.sh'
[66.521s] INFO:colcon.colcon_core.shell:Creating prefix script '/home/ykxn/Desktop/test/install/local_setup.bash'
[66.521s] INFO:colcon.colcon_core.shell:Creating prefix chain script '/home/ykxn/Desktop/test/install/setup.bash'
[66.522s] INFO:colcon.colcon_core.shell:Creating prefix script '/home/ykxn/Desktop/test/install/local_setup.zsh'
[66.522s] INFO:colcon.colcon_core.shell:Creating prefix chain script '/home/ykxn/Desktop/test/install/setup.zsh'
